<?xml version="1.0" encoding="UTF-8"?>
<testsuite xmlns:xsi="http://www.w3.org/2001/XMLSchema-instance" xsi:noNamespaceSchemaLocation="https://maven.apache.org/surefire/maven-failsafe-plugin/xsd/failsafe-test-report-3.0.xsd" version="3.0" name="starter.CucumberTestSuite" time="32.054" tests="18" errors="2" skipped="0" failures="1">
  <properties>
    <property name="java.specification.version" value="19"/>
    <property name="sun.cpu.isalist" value="amd64"/>
    <property name="sun.jnu.encoding" value="Cp1252"/>
    <property name="java.class.path" value="E:\mini peoject\RestAPi\target\test-classes;C:\Users\GITA\.m2\repository\net\serenity-bdd\serenity-core\3.5.1\serenity-core-3.5.1.jar;C:\Users\GITA\.m2\repository\net\serenity-bdd\serenity-model\3.5.1\serenity-model-3.5.1.jar;C:\Users\GITA\.m2\repository\org\apache\commons\commons-text\1.10.0\commons-text-1.10.0.jar;C:\Users\GITA\.m2\repository\commons-net\commons-net\3.8.0\commons-net-3.8.0.jar;C:\Users\GITA\.m2\repository\com\google\guava\guava\31.1-jre\guava-31.1-jre.jar;C:\Users\GITA\.m2\repository\com\google\guava\failureaccess\1.0.1\failureaccess-1.0.1.jar;C:\Users\GITA\.m2\repository\com\google\guava\listenablefuture\9999.0-empty-to-avoid-conflict-with-guava\listenablefuture-9999.0-empty-to-avoid-conflict-with-guava.jar;C:\Users\GITA\.m2\repository\com\google\code\findbugs\jsr305\3.0.2\jsr305-3.0.2.jar;C:\Users\GITA\.m2\repository\org\checkerframework\checker-qual\3.12.0\checker-qual-3.12.0.jar;C:\Users\GITA\.m2\repository\com\google\errorprone\error_prone_annotations\2.11.0\error_prone_annotations-2.11.0.jar;C:\Users\GITA\.m2\repository\com\google\j2objc\j2objc-annotations\1.3\j2objc-annotations-1.3.jar;C:\Users\GITA\.m2\repository\com\google\inject\guice\5.1.0\guice-5.1.0.jar;C:\Users\GITA\.m2\repository\javax\inject\javax.inject\1\javax.inject-1.jar;C:\Users\GITA\.m2\repository\aopalliance\aopalliance\1.0\aopalliance-1.0.jar;C:\Users\GITA\.m2\repository\org\jsoup\jsoup\1.14.3\jsoup-1.14.3.jar;C:\Users\GITA\.m2\repository\com\thoughtworks\xstream\xstream\1.4.19\xstream-1.4.19.jar;C:\Users\GITA\.m2\repository\io\github\x-stream\mxparser\1.2.2\mxparser-1.2.2.jar;C:\Users\GITA\.m2\repository\xmlpull\xmlpull\1.1.3.1\xmlpull-1.1.3.1.jar;C:\Users\GITA\.m2\repository\com\typesafe\config\1.4.2\config-1.4.2.jar;C:\Users\GITA\.m2\repository\org\imgscalr\imgscalr-lib\4.2\imgscalr-lib-4.2.jar;C:\Users\GITA\.m2\repository\org\awaitility\awaitility\4.2.0\awaitility-4.2.0.jar;C:\Users\GITA\.m2\repository\org\freemarker\freemarker\2.3.31\freemarker-2.3.31.jar;C:\Users\GITA\.m2\repository\io\github\classgraph\classgraph\4.8.138\classgraph-4.8.138.jar;C:\Users\GITA\.m2\repository\net\sourceforge\jexcelapi\jxl\2.6.12\jxl-2.6.12.jar;C:\Users\GITA\.m2\repository\net\bytebuddy\byte-buddy-agent\1.12.18\byte-buddy-agent-1.12.18.jar;C:\Users\GITA\.m2\repository\org\objenesis\objenesis\3.1\objenesis-3.1.jar;C:\Users\GITA\.m2\repository\net\serenity-bdd\serenity-reports\3.5.1\serenity-reports-3.5.1.jar;C:\Users\GITA\.m2\repository\net\serenity-bdd\serenity-stats\3.5.1\serenity-stats-3.5.1.jar;C:\Users\GITA\.m2\repository\net\serenity-bdd\serenity-reports-configuration\3.5.1\serenity-reports-configuration-3.5.1.jar;C:\Users\GITA\.m2\repository\com\vladsch\flexmark\flexmark-all\0.34.30\flexmark-all-0.34.30.jar;C:\Users\GITA\.m2\repository\com\vladsch\flexmark\flexmark\0.34.30\flexmark-0.34.30.jar;C:\Users\GITA\.m2\repository\com\vladsch\flexmark\flexmark-ext-abbreviation\0.34.30\flexmark-ext-abbreviation-0.34.30.jar;C:\Users\GITA\.m2\repository\com\vladsch\flexmark\flexmark-ext-admonition\0.34.30\flexmark-ext-admonition-0.34.30.jar;C:\Users\GITA\.m2\repository\com\vladsch\flexmark\flexmark-ext-anchorlink\0.34.30\flexmark-ext-anchorlink-0.34.30.jar;C:\Users\GITA\.m2\repository\com\vladsch\flexmark\flexmark-ext-aside\0.34.30\flexmark-ext-aside-0.34.30.jar;C:\Users\GITA\.m2\repository\com\vladsch\flexmark\flexmark-ext-attributes\0.34.30\flexmark-ext-attributes-0.34.30.jar;C:\Users\GITA\.m2\repository\com\vladsch\flexmark\flexmark-ext-autolink\0.34.30\flexmark-ext-autolink-0.34.30.jar;C:\Users\GITA\.m2\repository\org\nibor\autolink\autolink\0.6.0\autolink-0.6.0.jar;C:\Users\GITA\.m2\repository\com\vladsch\flexmark\flexmark-ext-definition\0.34.30\flexmark-ext-definition-0.34.30.jar;C:\Users\GITA\.m2\repository\com\vladsch\flexmark\flexmark-ext-emoji\0.34.30\flexmark-ext-emoji-0.34.30.jar;C:\Users\GITA\.m2\repository\com\vladsch\flexmark\flexmark-ext-enumerated-reference\0.34.30\flexmark-ext-enumerated-reference-0.34.30.jar;C:\Users\GITA\.m2\repository\com\vladsch\flexmark\flexmark-ext-escaped-character\0.34.30\flexmark-ext-escaped-character-0.34.30.jar;C:\Users\GITA\.m2\repository\com\vladsch\flexmark\flexmark-ext-footnotes\0.34.30\flexmark-ext-footnotes-0.34.30.jar;C:\Users\GITA\.m2\repository\com\vladsch\flexmark\flexmark-ext-gfm-issues\0.34.30\flexmark-ext-gfm-issues-0.34.30.jar;C:\Users\GITA\.m2\repository\com\vladsch\flexmark\flexmark-ext-gfm-strikethrough\0.34.30\flexmark-ext-gfm-strikethrough-0.34.30.jar;C:\Users\GITA\.m2\repository\com\vladsch\flexmark\flexmark-ext-gfm-tables\0.34.30\flexmark-ext-gfm-tables-0.34.30.jar;C:\Users\GITA\.m2\repository\com\vladsch\flexmark\flexmark-ext-gfm-tasklist\0.34.30\flexmark-ext-gfm-tasklist-0.34.30.jar;C:\Users\GITA\.m2\repository\com\vladsch\flexmark\flexmark-ext-gfm-users\0.34.30\flexmark-ext-gfm-users-0.34.30.jar;C:\Users\GITA\.m2\repository\com\vladsch\flexmark\flexmark-ext-gitlab\0.34.30\flexmark-ext-gitlab-0.34.30.jar;C:\Users\GITA\.m2\repository\com\vladsch\flexmark\flexmark-ext-jekyll-front-matter\0.34.30\flexmark-ext-jekyll-front-matter-0.34.30.jar;C:\Users\GITA\.m2\repository\com\vladsch\flexmark\flexmark-ext-jekyll-tag\0.34.30\flexmark-ext-jekyll-tag-0.34.30.jar;C:\Users\GITA\.m2\repository\com\vladsch\flexmark\flexmark-ext-media-tags\0.34.30\flexmark-ext-media-tags-0.34.30.jar;C:\Users\GITA\.m2\repository\com\vladsch\flexmark\flexmark-test-util\0.34.30\flexmark-test-util-0.34.30.jar;C:\Users\GITA\.m2\repository\com\vladsch\flexmark\flexmark-ext-ins\0.34.30\flexmark-ext-ins-0.34.30.jar;C:\Users\GITA\.m2\repository\com\vladsch\flexmark\flexmark-ext-xwiki-macros\0.34.30\flexmark-ext-xwiki-macros-0.34.30.jar;C:\Users\GITA\.m2\repository\com\vladsch\flexmark\flexmark-ext-superscript\0.34.30\flexmark-ext-superscript-0.34.30.jar;C:\Users\GITA\.m2\repository\com\vladsch\flexmark\flexmark-ext-tables\0.34.30\flexmark-ext-tables-0.34.30.jar;C:\Users\GITA\.m2\repository\com\vladsch\flexmark\flexmark-ext-toc\0.34.30\flexmark-ext-toc-0.34.30.jar;C:\Users\GITA\.m2\repository\com\vladsch\flexmark\flexmark-ext-typographic\0.34.30\flexmark-ext-typographic-0.34.30.jar;C:\Users\GITA\.m2\repository\com\vladsch\flexmark\flexmark-ext-wikilink\0.34.30\flexmark-ext-wikilink-0.34.30.jar;C:\Users\GITA\.m2\repository\com\vladsch\flexmark\flexmark-ext-yaml-front-matter\0.34.30\flexmark-ext-yaml-front-matter-0.34.30.jar;C:\Users\GITA\.m2\repository\com\vladsch\flexmark\flexmark-ext-youtube-embedded\0.34.30\flexmark-ext-youtube-embedded-0.34.30.jar;C:\Users\GITA\.m2\repository\com\vladsch\flexmark\flexmark-formatter\0.34.30\flexmark-formatter-0.34.30.jar;C:\Users\GITA\.m2\repository\com\vladsch\flexmark\flexmark-html-parser\0.34.30\flexmark-html-parser-0.34.30.jar;C:\Users\GITA\.m2\repository\com\vladsch\flexmark\flexmark-jira-converter\0.34.30\flexmark-jira-converter-0.34.30.jar;C:\Users\GITA\.m2\repository\com\vladsch\flexmark\flexmark-pdf-converter\0.34.30\flexmark-pdf-converter-0.34.30.jar;C:\Users\GITA\.m2\repository\com\openhtmltopdf\openhtmltopdf-core\0.0.1-RC13\openhtmltopdf-core-0.0.1-RC13.jar;C:\Users\GITA\.m2\repository\com\openhtmltopdf\openhtmltopdf-pdfbox\0.0.1-RC13\openhtmltopdf-pdfbox-0.0.1-RC13.jar;C:\Users\GITA\.m2\repository\org\apache\pdfbox\pdfbox\2.0.8\pdfbox-2.0.8.jar;C:\Users\GITA\.m2\repository\org\apache\pdfbox\fontbox\2.0.8\fontbox-2.0.8.jar;C:\Users\GITA\.m2\repository\org\apache\pdfbox\xmpbox\2.0.8\xmpbox-2.0.8.jar;C:\Users\GITA\.m2\repository\de\rototor\pdfbox\graphics2d\0.12\graphics2d-0.12.jar;C:\Users\GITA\.m2\repository\com\openhtmltopdf\openhtmltopdf-rtl-support\0.0.1-RC13\openhtmltopdf-rtl-support-0.0.1-RC13.jar;C:\Users\GITA\.m2\repository\com\ibm\icu\icu4j\59.1\icu4j-59.1.jar;C:\Users\GITA\.m2\repository\com\openhtmltopdf\openhtmltopdf-jsoup-dom-converter\0.0.1-RC13\openhtmltopdf-jsoup-dom-converter-0.0.1-RC13.jar;C:\Users\GITA\.m2\repository\com\vladsch\flexmark\flexmark-profile-pegdown\0.34.30\flexmark-profile-pegdown-0.34.30.jar;C:\Users\GITA\.m2\repository\com\vladsch\flexmark\flexmark-util\0.34.30\flexmark-util-0.34.30.jar;C:\Users\GITA\.m2\repository\com\vladsch\flexmark\flexmark-youtrack-converter\0.34.30\flexmark-youtrack-converter-0.34.30.jar;C:\Users\GITA\.m2\repository\es\nitaur\markdown\txtmark\0.16\txtmark-0.16.jar;C:\Users\GITA\.m2\repository\net\serenity-bdd\serenity-report-resources\3.5.1\serenity-report-resources-3.5.1.jar;C:\Users\GITA\.m2\repository\com\google\code\gson\gson\2.9.0\gson-2.9.0.jar;C:\Users\GITA\.m2\repository\com\fasterxml\jackson\core\jackson-core\2.13.4\jackson-core-2.13.4.jar;C:\Users\GITA\.m2\repository\com\fasterxml\jackson\core\jackson-databind\2.13.4\jackson-databind-2.13.4.jar;C:\Users\GITA\.m2\repository\com\fasterxml\jackson\core\jackson-annotations\2.13.4\jackson-annotations-2.13.4.jar;C:\Users\GITA\.m2\repository\commons-codec\commons-codec\1.15\commons-codec-1.15.jar;C:\Users\GITA\.m2\repository\commons-io\commons-io\2.11.0\commons-io-2.11.0.jar;C:\Users\GITA\.m2\repository\org\apache\httpcomponents\httpclient\4.5.13\httpclient-4.5.13.jar;C:\Users\GITA\.m2\repository\org\apache\httpcomponents\httpcore\4.4.13\httpcore-4.4.13.jar;C:\Users\GITA\.m2\repository\commons-logging\commons-logging\1.2\commons-logging-1.2.jar;C:\Users\GITA\.m2\repository\org\seleniumhq\selenium\selenium-java\4.7.1\selenium-java-4.7.1.jar;C:\Users\GITA\.m2\repository\org\seleniumhq\selenium\selenium-devtools-v106\4.7.1\selenium-devtools-v106-4.7.1.jar;C:\Users\GITA\.m2\repository\org\seleniumhq\selenium\selenium-devtools-v107\4.7.1\selenium-devtools-v107-4.7.1.jar;C:\Users\GITA\.m2\repository\org\seleniumhq\selenium\selenium-devtools-v108\4.7.1\selenium-devtools-v108-4.7.1.jar;C:\Users\GITA\.m2\repository\org\seleniumhq\selenium\selenium-devtools-v85\4.7.1\selenium-devtools-v85-4.7.1.jar;C:\Users\GITA\.m2\repository\org\seleniumhq\selenium\selenium-remote-driver\4.7.1\selenium-remote-driver-4.7.1.jar;C:\Users\GITA\.m2\repository\com\beust\jcommander\1.82\jcommander-1.82.jar;C:\Users\GITA\.m2\repository\io\netty\netty-buffer\4.1.84.Final\netty-buffer-4.1.84.Final.jar;C:\Users\GITA\.m2\repository\io\netty\netty-codec-http\4.1.84.Final\netty-codec-http-4.1.84.Final.jar;C:\Users\GITA\.m2\repository\io\netty\netty-codec\4.1.84.Final\netty-codec-4.1.84.Final.jar;C:\Users\GITA\.m2\repository\io\netty\netty-handler\4.1.84.Final\netty-handler-4.1.84.Final.jar;C:\Users\GITA\.m2\repository\io\netty\netty-common\4.1.84.Final\netty-common-4.1.84.Final.jar;C:\Users\GITA\.m2\repository\io\netty\netty-transport-classes-epoll\4.1.84.Final\netty-transport-classes-epoll-4.1.84.Final.jar;C:\Users\GITA\.m2\repository\io\netty\netty-transport-classes-kqueue\4.1.84.Final\netty-transport-classes-kqueue-4.1.84.Final.jar;C:\Users\GITA\.m2\repository\io\netty\netty-transport-native-epoll\4.1.84.Final\netty-transport-native-epoll-4.1.84.Final.jar;C:\Users\GITA\.m2\repository\io\netty\netty-transport-native-kqueue\4.1.84.Final\netty-transport-native-kqueue-4.1.84.Final.jar;C:\Users\GITA\.m2\repository\io\netty\netty-transport-native-unix-common\4.1.84.Final\netty-transport-native-unix-common-4.1.84.Final.jar;C:\Users\GITA\.m2\repository\io\netty\netty-transport\4.1.84.Final\netty-transport-4.1.84.Final.jar;C:\Users\GITA\.m2\repository\io\netty\netty-resolver\4.1.84.Final\netty-resolver-4.1.84.Final.jar;C:\Users\GITA\.m2\repository\io\opentelemetry\opentelemetry-api\1.19.0\opentelemetry-api-1.19.0.jar;C:\Users\GITA\.m2\repository\io\opentelemetry\opentelemetry-context\1.19.0\opentelemetry-context-1.19.0.jar;C:\Users\GITA\.m2\repository\io\opentelemetry\opentelemetry-exporter-logging\1.19.0\opentelemetry-exporter-logging-1.19.0.jar;C:\Users\GITA\.m2\repository\io\opentelemetry\opentelemetry-sdk-metrics\1.19.0\opentelemetry-sdk-metrics-1.19.0.jar;C:\Users\GITA\.m2\repository\io\opentelemetry\opentelemetry-sdk-logs\1.19.0-alpha\opentelemetry-sdk-logs-1.19.0-alpha.jar;C:\Users\GITA\.m2\repository\io\opentelemetry\opentelemetry-api-logs\1.19.0-alpha\opentelemetry-api-logs-1.19.0-alpha.jar;C:\Users\GITA\.m2\repository\io\opentelemetry\opentelemetry-sdk-common\1.19.0\opentelemetry-sdk-common-1.19.0.jar;C:\Users\GITA\.m2\repository\io\opentelemetry\opentelemetry-sdk-extension-autoconfigure-spi\1.19.0\opentelemetry-sdk-extension-autoconfigure-spi-1.19.0.jar;C:\Users\GITA\.m2\repository\io\opentelemetry\opentelemetry-sdk-extension-autoconfigure\1.19.0-alpha\opentelemetry-sdk-extension-autoconfigure-1.19.0-alpha.jar;C:\Users\GITA\.m2\repository\io\opentelemetry\opentelemetry-exporter-common\1.19.0\opentelemetry-exporter-common-1.19.0.jar;C:\Users\GITA\.m2\repository\io\opentelemetry\opentelemetry-sdk-trace\1.19.0\opentelemetry-sdk-trace-1.19.0.jar;C:\Users\GITA\.m2\repository\io\opentelemetry\opentelemetry-sdk\1.19.0\opentelemetry-sdk-1.19.0.jar;C:\Users\GITA\.m2\repository\io\opentelemetry\opentelemetry-semconv\1.19.0-alpha\opentelemetry-semconv-1.19.0-alpha.jar;C:\Users\GITA\.m2\repository\io\ous\jtoml\2.0.0\jtoml-2.0.0.jar;C:\Users\GITA\.m2\repository\org\apache\commons\commons-exec\1.3\commons-exec-1.3.jar;C:\Users\GITA\.m2\repository\org\asynchttpclient\async-http-client\2.12.3\async-http-client-2.12.3.jar;C:\Users\GITA\.m2\repository\org\asynchttpclient\async-http-client-netty-utils\2.12.3\async-http-client-netty-utils-2.12.3.jar;C:\Users\GITA\.m2\repository\io\netty\netty-codec-socks\4.1.60.Final\netty-codec-socks-4.1.60.Final.jar;C:\Users\GITA\.m2\repository\io\netty\netty-handler-proxy\4.1.60.Final\netty-handler-proxy-4.1.60.Final.jar;C:\Users\GITA\.m2\repository\io\netty\netty-transport-native-epoll\4.1.60.Final\netty-transport-native-epoll-4.1.60.Final-linux-x86_64.jar;C:\Users\GITA\.m2\repository\io\netty\netty-transport-native-kqueue\4.1.60.Final\netty-transport-native-kqueue-4.1.60.Final-osx-x86_64.jar;C:\Users\GITA\.m2\repository\org\reactivestreams\reactive-streams\1.0.3\reactive-streams-1.0.3.jar;C:\Users\GITA\.m2\repository\com\typesafe\netty\netty-reactive-streams\2.0.4\netty-reactive-streams-2.0.4.jar;C:\Users\GITA\.m2\repository\org\seleniumhq\selenium\selenium-manager\4.7.1\selenium-manager-4.7.1.jar;C:\Users\GITA\.m2\repository\org\seleniumhq\selenium\selenium-safari-driver\4.7.1\selenium-safari-driver-4.7.1.jar;C:\Users\GITA\.m2\repository\org\seleniumhq\selenium\selenium-api\4.7.1\selenium-api-4.7.1.jar;C:\Users\GITA\.m2\repository\org\seleniumhq\selenium\selenium-support\4.7.1\selenium-support-4.7.1.jar;C:\Users\GITA\.m2\repository\com\google\auto\service\auto-service-annotations\1.0.1\auto-service-annotations-1.0.1.jar;C:\Users\GITA\.m2\repository\com\google\auto\service\auto-service\1.0.1\auto-service-1.0.1.jar;C:\Users\GITA\.m2\repository\com\google\auto\auto-common\1.2\auto-common-1.2.jar;C:\Users\GITA\.m2\repository\org\seleniumhq\selenium\selenium-json\4.7.1\selenium-json-4.7.1.jar;C:\Users\GITA\.m2\repository\org\seleniumhq\selenium\selenium-chrome-driver\4.7.1\selenium-chrome-driver-4.7.1.jar;C:\Users\GITA\.m2\repository\org\seleniumhq\selenium\selenium-chromium-driver\4.7.1\selenium-chromium-driver-4.7.1.jar;C:\Users\GITA\.m2\repository\org\seleniumhq\selenium\selenium-firefox-driver\4.7.1\selenium-firefox-driver-4.7.1.jar;C:\Users\GITA\.m2\repository\org\seleniumhq\selenium\selenium-http\4.7.1\selenium-http-4.7.1.jar;C:\Users\GITA\.m2\repository\dev\failsafe\failsafe\3.3.0\failsafe-3.3.0.jar;C:\Users\GITA\.m2\repository\org\seleniumhq\selenium\selenium-edge-driver\4.7.1\selenium-edge-driver-4.7.1.jar;C:\Users\GITA\.m2\repository\org\seleniumhq\selenium\selenium-ie-driver\4.7.1\selenium-ie-driver-4.7.1.jar;C:\Users\GITA\.m2\repository\org\projectlombok\lombok\1.18.20\lombok-1.18.20.jar;C:\Users\GITA\.m2\repository\io\appium\java-client\8.3.0\java-client-8.3.0.jar;C:\Users\GITA\.m2\repository\commons-validator\commons-validator\1.7\commons-validator-1.7.jar;C:\Users\GITA\.m2\repository\commons-digester\commons-digester\2.1\commons-digester-2.1.jar;C:\Users\GITA\.m2\repository\org\apache\groovy\groovy\4.0.6\groovy-4.0.6.jar;C:\Users\GITA\.m2\repository\net\sf\opencsv\opencsv\2.0\opencsv-2.0.jar;C:\Users\GITA\.m2\repository\commons-beanutils\commons-beanutils\1.9.4\commons-beanutils-1.9.4.jar;C:\Users\GITA\.m2\repository\org\apache\commons\commons-lang3\3.12.0\commons-lang3-3.12.0.jar;C:\Users\GITA\.m2\repository\commons-collections\commons-collections\3.2.2\commons-collections-3.2.2.jar;C:\Users\GITA\.m2\repository\org\fluentlenium\fluentlenium-core\0.10.2\fluentlenium-core-0.10.2.jar;C:\Users\GITA\.m2\repository\io\github\bonigarcia\webdrivermanager\5.3.0\webdrivermanager-5.3.0.jar;C:\Users\GITA\.m2\repository\com\github\docker-java\docker-java\3.2.13\docker-java-3.2.13.jar;C:\Users\GITA\.m2\repository\com\github\docker-java\docker-java-core\3.2.13\docker-java-core-3.2.13.jar;C:\Users\GITA\.m2\repository\com\github\docker-java\docker-java-api\3.2.13\docker-java-api-3.2.13.jar;C:\Users\GITA\.m2\repository\org\apache\commons\commons-compress\1.21\commons-compress-1.21.jar;C:\Users\GITA\.m2\repository\org\bouncycastle\bcpkix-jdk15on\1.64\bcpkix-jdk15on-1.64.jar;C:\Users\GITA\.m2\repository\org\bouncycastle\bcprov-jdk15on\1.64\bcprov-jdk15on-1.64.jar;C:\Users\GITA\.m2\repository\org\slf4j\jcl-over-slf4j\1.7.30\jcl-over-slf4j-1.7.30.jar;C:\Users\GITA\.m2\repository\com\github\docker-java\docker-java-transport-httpclient5\3.2.13\docker-java-transport-httpclient5-3.2.13.jar;C:\Users\GITA\.m2\repository\com\github\docker-java\docker-java-transport\3.2.13\docker-java-transport-3.2.13.jar;C:\Users\GITA\.m2\repository\net\java\dev\jna\jna\5.8.0\jna-5.8.0.jar;C:\Users\GITA\.m2\repository\org\brotli\dec\0.1.2\dec-0.1.2.jar;C:\Users\GITA\.m2\repository\org\apache\httpcomponents\client5\httpclient5\5.1.3\httpclient5-5.1.3.jar;C:\Users\GITA\.m2\repository\org\apache\httpcomponents\core5\httpcore5\5.1.3\httpcore5-5.1.3.jar;C:\Users\GITA\.m2\repository\org\apache\httpcomponents\core5\httpcore5-h2\5.1.3\httpcore5-h2-5.1.3.jar;C:\Users\GITA\.m2\repository\com\jhlabs\filters\2.0.235\filters-2.0.235.jar;C:\Users\GITA\.m2\repository\com\paulhammant\ngwebdriver\1.1.6\ngwebdriver-1.1.6.jar;C:\Users\GITA\.m2\repository\joda-time\joda-time\2.8.2\joda-time-2.8.2.jar;C:\Users\GITA\.m2\repository\org\hamcrest\hamcrest\2.2\hamcrest-2.2.jar;C:\Users\GITA\.m2\repository\com\google\jimfs\jimfs\1.2\jimfs-1.2.jar;C:\Users\GITA\.m2\repository\org\mockito\mockito-core\3.3.3\mockito-core-3.3.3.jar;C:\Users\GITA\.m2\repository\javax\xml\bind\jaxb-api\2.3.1\jaxb-api-2.3.1.jar;C:\Users\GITA\.m2\repository\javax\activation\javax.activation-api\1.2.0\javax.activation-api-1.2.0.jar;C:\Users\GITA\.m2\repository\com\sun\xml\bind\jaxb-core\2.3.0.1\jaxb-core-2.3.0.1.jar;C:\Users\GITA\.m2\repository\com\sun\xml\bind\jaxb-impl\2.3.3\jaxb-impl-2.3.3.jar;C:\Users\GITA\.m2\repository\jakarta\xml\bind\jakarta.xml.bind-api\2.3.3\jakarta.xml.bind-api-2.3.3.jar;C:\Users\GITA\.m2\repository\com\sun\activation\jakarta.activation\1.2.2\jakarta.activation-1.2.2.jar;C:\Users\GITA\.m2\repository\javax\activation\activation\1.1.1\activation-1.1.1.jar;C:\Users\GITA\.m2\repository\net\serenity-bdd\serenity-rest-assured\3.5.1\serenity-rest-assured-3.5.1.jar;C:\Users\GITA\.m2\repository\io\rest-assured\rest-assured\5.2.0\rest-assured-5.2.0.jar;C:\Users\GITA\.m2\repository\org\apache\httpcomponents\httpmime\4.5.13\httpmime-4.5.13.jar;C:\Users\GITA\.m2\repository\org\ccil\cowan\tagsoup\tagsoup\1.2.1\tagsoup-1.2.1.jar;C:\Users\GITA\.m2\repository\io\rest-assured\json-path\5.2.0\json-path-5.2.0.jar;C:\Users\GITA\.m2\repository\io\rest-assured\rest-assured-common\5.2.0\rest-assured-common-5.2.0.jar;C:\Users\GITA\.m2\repository\io\rest-assured\xml-path\5.2.0\xml-path-5.2.0.jar;C:\Users\GITA\.m2\repository\org\apache\groovy\groovy-json\4.0.6\groovy-json-4.0.6.jar;C:\Users\GITA\.m2\repository\org\apache\groovy\groovy-xml\4.0.6\groovy-xml-4.0.6.jar;C:\Users\GITA\.m2\repository\org\opentest4j\opentest4j\1.2.0\opentest4j-1.2.0.jar;C:\Users\GITA\.m2\repository\net\serenity-bdd\serenity-cucumber\3.5.1\serenity-cucumber-3.5.1.jar;C:\Users\GITA\.m2\repository\io\cucumber\cucumber-core\7.8.1\cucumber-core-7.8.1.jar;C:\Users\GITA\.m2\repository\io\cucumber\cucumber-gherkin\7.8.1\cucumber-gherkin-7.8.1.jar;C:\Users\GITA\.m2\repository\io\cucumber\cucumber-gherkin-messages\7.8.1\cucumber-gherkin-messages-7.8.1.jar;C:\Users\GITA\.m2\repository\io\cucumber\gherkin\24.0.0\gherkin-24.0.0.jar;C:\Users\GITA\.m2\repository\io\cucumber\messages\19.1.4\messages-19.1.4.jar;C:\Users\GITA\.m2\repository\io\cucumber\tag-expressions\4.1.0\tag-expressions-4.1.0.jar;C:\Users\GITA\.m2\repository\io\cucumber\cucumber-expressions\16.0.0\cucumber-expressions-16.0.0.jar;C:\Users\GITA\.m2\repository\io\cucumber\datatable\7.8.1\datatable-7.8.1.jar;C:\Users\GITA\.m2\repository\io\cucumber\cucumber-plugin\7.8.1\cucumber-plugin-7.8.1.jar;C:\Users\GITA\.m2\repository\io\cucumber\docstring\7.8.1\docstring-7.8.1.jar;C:\Users\GITA\.m2\repository\io\cucumber\html-formatter\20.1.0\html-formatter-20.1.0.jar;C:\Users\GITA\.m2\repository\io\cucumber\ci-environment\9.1.0\ci-environment-9.1.0.jar;C:\Users\GITA\.m2\repository\io\cucumber\cucumber-java\7.8.1\cucumber-java-7.8.1.jar;C:\Users\GITA\.m2\repository\io\cucumber\cucumber-junit\7.8.1\cucumber-junit-7.8.1.jar;C:\Users\GITA\.m2\repository\org\apache\commons\commons-csv\1.5\commons-csv-1.5.jar;C:\Users\GITA\.m2\repository\net\serenity-bdd\serenity-screenplay\3.5.1\serenity-screenplay-3.5.1.jar;C:\Users\GITA\.m2\repository\net\serenity-bdd\serenity-screenplay-webdriver\3.5.1\serenity-screenplay-webdriver-3.5.1.jar;C:\Users\GITA\.m2\repository\net\serenity-bdd\serenity-ensure\3.5.1\serenity-ensure-3.5.1.jar;C:\Users\GITA\.m2\repository\net\serenity-bdd\serenity-junit\3.5.1\serenity-junit-3.5.1.jar;C:\Users\GITA\.m2\repository\org\jetbrains\kotlin\kotlin-stdlib\1.7.21\kotlin-stdlib-1.7.21.jar;C:\Users\GITA\.m2\repository\org\jetbrains\kotlin\kotlin-stdlib-common\1.7.21\kotlin-stdlib-common-1.7.21.jar;C:\Users\GITA\.m2\repository\org\jetbrains\annotations\13.0\annotations-13.0.jar;C:\Users\GITA\.m2\repository\org\junit\platform\junit-platform-launcher\1.8.2\junit-platform-launcher-1.8.2.jar;C:\Users\GITA\.m2\repository\org\junit\platform\junit-platform-engine\1.8.2\junit-platform-engine-1.8.2.jar;C:\Users\GITA\.m2\repository\org\junit\platform\junit-platform-commons\1.8.2\junit-platform-commons-1.8.2.jar;C:\Users\GITA\.m2\repository\org\apiguardian\apiguardian-api\1.1.2\apiguardian-api-1.1.2.jar;C:\Users\GITA\.m2\repository\org\junit\jupiter\junit-jupiter-engine\5.8.2\junit-jupiter-engine-5.8.2.jar;C:\Users\GITA\.m2\repository\org\junit\jupiter\junit-jupiter-api\5.8.2\junit-jupiter-api-5.8.2.jar;C:\Users\GITA\.m2\repository\org\junit\vintage\junit-vintage-engine\5.8.2\junit-vintage-engine-5.8.2.jar;C:\Users\GITA\.m2\repository\junit\junit\4.13.2\junit-4.13.2.jar;C:\Users\GITA\.m2\repository\org\hamcrest\hamcrest-core\1.3\hamcrest-core-1.3.jar;C:\Users\GITA\.m2\repository\ch\qos\logback\logback-classic\1.2.10\logback-classic-1.2.10.jar;C:\Users\GITA\.m2\repository\ch\qos\logback\logback-core\1.2.10\logback-core-1.2.10.jar;C:\Users\GITA\.m2\repository\org\slf4j\slf4j-api\1.7.32\slf4j-api-1.7.32.jar;C:\Users\GITA\.m2\repository\org\assertj\assertj-core\3.23.1\assertj-core-3.23.1.jar;C:\Users\GITA\.m2\repository\net\bytebuddy\byte-buddy\1.12.10\byte-buddy-1.12.10.jar;C:\Users\GITA\.m2\repository\com\googlecode\json-simple\json-simple\1.1.1\json-simple-1.1.1.jar;"/>
    <property name="java.vm.vendor" value="Oracle Corporation"/>
    <property name="sun.arch.data.model" value="64"/>
    <property name="user.variant" value=""/>
    <property name="java.vendor.url" value="https://java.oracle.com/"/>
    <property name="user.timezone" value="Asia/Jakarta"/>
    <property name="os.name" value="Windows 10"/>
    <property name="java.vm.specification.version" value="19"/>
    <property name="sun.java.launcher" value="SUN_STANDARD"/>
    <property name="user.country" value="ID"/>
    <property name="sun.boot.library.path" value="C:\Program Files\Java\jdk-19\bin"/>
    <property name="sun.java.command" value="org.apache.maven.surefire.booter.ForkedBooter C:\Users\GITA\AppData\Local\Temp\surefire9849141795989169125 2023-05-07T12-03-40_738-jvmRun1 surefire5656910611063635922tmp surefire_016057393015093157244tmp"/>
    <property name="jdk.debug" value="release"/>
    <property name="surefire.test.class.path" value="E:\mini peoject\RestAPi\target\test-classes;C:\Users\GITA\.m2\repository\net\serenity-bdd\serenity-core\3.5.1\serenity-core-3.5.1.jar;C:\Users\GITA\.m2\repository\net\serenity-bdd\serenity-model\3.5.1\serenity-model-3.5.1.jar;C:\Users\GITA\.m2\repository\org\apache\commons\commons-text\1.10.0\commons-text-1.10.0.jar;C:\Users\GITA\.m2\repository\commons-net\commons-net\3.8.0\commons-net-3.8.0.jar;C:\Users\GITA\.m2\repository\com\google\guava\guava\31.1-jre\guava-31.1-jre.jar;C:\Users\GITA\.m2\repository\com\google\guava\failureaccess\1.0.1\failureaccess-1.0.1.jar;C:\Users\GITA\.m2\repository\com\google\guava\listenablefuture\9999.0-empty-to-avoid-conflict-with-guava\listenablefuture-9999.0-empty-to-avoid-conflict-with-guava.jar;C:\Users\GITA\.m2\repository\com\google\code\findbugs\jsr305\3.0.2\jsr305-3.0.2.jar;C:\Users\GITA\.m2\repository\org\checkerframework\checker-qual\3.12.0\checker-qual-3.12.0.jar;C:\Users\GITA\.m2\repository\com\google\errorprone\error_prone_annotations\2.11.0\error_prone_annotations-2.11.0.jar;C:\Users\GITA\.m2\repository\com\google\j2objc\j2objc-annotations\1.3\j2objc-annotations-1.3.jar;C:\Users\GITA\.m2\repository\com\google\inject\guice\5.1.0\guice-5.1.0.jar;C:\Users\GITA\.m2\repository\javax\inject\javax.inject\1\javax.inject-1.jar;C:\Users\GITA\.m2\repository\aopalliance\aopalliance\1.0\aopalliance-1.0.jar;C:\Users\GITA\.m2\repository\org\jsoup\jsoup\1.14.3\jsoup-1.14.3.jar;C:\Users\GITA\.m2\repository\com\thoughtworks\xstream\xstream\1.4.19\xstream-1.4.19.jar;C:\Users\GITA\.m2\repository\io\github\x-stream\mxparser\1.2.2\mxparser-1.2.2.jar;C:\Users\GITA\.m2\repository\xmlpull\xmlpull\1.1.3.1\xmlpull-1.1.3.1.jar;C:\Users\GITA\.m2\repository\com\typesafe\config\1.4.2\config-1.4.2.jar;C:\Users\GITA\.m2\repository\org\imgscalr\imgscalr-lib\4.2\imgscalr-lib-4.2.jar;C:\Users\GITA\.m2\repository\org\awaitility\awaitility\4.2.0\awaitility-4.2.0.jar;C:\Users\GITA\.m2\repository\org\freemarker\freemarker\2.3.31\freemarker-2.3.31.jar;C:\Users\GITA\.m2\repository\io\github\classgraph\classgraph\4.8.138\classgraph-4.8.138.jar;C:\Users\GITA\.m2\repository\net\sourceforge\jexcelapi\jxl\2.6.12\jxl-2.6.12.jar;C:\Users\GITA\.m2\repository\net\bytebuddy\byte-buddy-agent\1.12.18\byte-buddy-agent-1.12.18.jar;C:\Users\GITA\.m2\repository\org\objenesis\objenesis\3.1\objenesis-3.1.jar;C:\Users\GITA\.m2\repository\net\serenity-bdd\serenity-reports\3.5.1\serenity-reports-3.5.1.jar;C:\Users\GITA\.m2\repository\net\serenity-bdd\serenity-stats\3.5.1\serenity-stats-3.5.1.jar;C:\Users\GITA\.m2\repository\net\serenity-bdd\serenity-reports-configuration\3.5.1\serenity-reports-configuration-3.5.1.jar;C:\Users\GITA\.m2\repository\com\vladsch\flexmark\flexmark-all\0.34.30\flexmark-all-0.34.30.jar;C:\Users\GITA\.m2\repository\com\vladsch\flexmark\flexmark\0.34.30\flexmark-0.34.30.jar;C:\Users\GITA\.m2\repository\com\vladsch\flexmark\flexmark-ext-abbreviation\0.34.30\flexmark-ext-abbreviation-0.34.30.jar;C:\Users\GITA\.m2\repository\com\vladsch\flexmark\flexmark-ext-admonition\0.34.30\flexmark-ext-admonition-0.34.30.jar;C:\Users\GITA\.m2\repository\com\vladsch\flexmark\flexmark-ext-anchorlink\0.34.30\flexmark-ext-anchorlink-0.34.30.jar;C:\Users\GITA\.m2\repository\com\vladsch\flexmark\flexmark-ext-aside\0.34.30\flexmark-ext-aside-0.34.30.jar;C:\Users\GITA\.m2\repository\com\vladsch\flexmark\flexmark-ext-attributes\0.34.30\flexmark-ext-attributes-0.34.30.jar;C:\Users\GITA\.m2\repository\com\vladsch\flexmark\flexmark-ext-autolink\0.34.30\flexmark-ext-autolink-0.34.30.jar;C:\Users\GITA\.m2\repository\org\nibor\autolink\autolink\0.6.0\autolink-0.6.0.jar;C:\Users\GITA\.m2\repository\com\vladsch\flexmark\flexmark-ext-definition\0.34.30\flexmark-ext-definition-0.34.30.jar;C:\Users\GITA\.m2\repository\com\vladsch\flexmark\flexmark-ext-emoji\0.34.30\flexmark-ext-emoji-0.34.30.jar;C:\Users\GITA\.m2\repository\com\vladsch\flexmark\flexmark-ext-enumerated-reference\0.34.30\flexmark-ext-enumerated-reference-0.34.30.jar;C:\Users\GITA\.m2\repository\com\vladsch\flexmark\flexmark-ext-escaped-character\0.34.30\flexmark-ext-escaped-character-0.34.30.jar;C:\Users\GITA\.m2\repository\com\vladsch\flexmark\flexmark-ext-footnotes\0.34.30\flexmark-ext-footnotes-0.34.30.jar;C:\Users\GITA\.m2\repository\com\vladsch\flexmark\flexmark-ext-gfm-issues\0.34.30\flexmark-ext-gfm-issues-0.34.30.jar;C:\Users\GITA\.m2\repository\com\vladsch\flexmark\flexmark-ext-gfm-strikethrough\0.34.30\flexmark-ext-gfm-strikethrough-0.34.30.jar;C:\Users\GITA\.m2\repository\com\vladsch\flexmark\flexmark-ext-gfm-tables\0.34.30\flexmark-ext-gfm-tables-0.34.30.jar;C:\Users\GITA\.m2\repository\com\vladsch\flexmark\flexmark-ext-gfm-tasklist\0.34.30\flexmark-ext-gfm-tasklist-0.34.30.jar;C:\Users\GITA\.m2\repository\com\vladsch\flexmark\flexmark-ext-gfm-users\0.34.30\flexmark-ext-gfm-users-0.34.30.jar;C:\Users\GITA\.m2\repository\com\vladsch\flexmark\flexmark-ext-gitlab\0.34.30\flexmark-ext-gitlab-0.34.30.jar;C:\Users\GITA\.m2\repository\com\vladsch\flexmark\flexmark-ext-jekyll-front-matter\0.34.30\flexmark-ext-jekyll-front-matter-0.34.30.jar;C:\Users\GITA\.m2\repository\com\vladsch\flexmark\flexmark-ext-jekyll-tag\0.34.30\flexmark-ext-jekyll-tag-0.34.30.jar;C:\Users\GITA\.m2\repository\com\vladsch\flexmark\flexmark-ext-media-tags\0.34.30\flexmark-ext-media-tags-0.34.30.jar;C:\Users\GITA\.m2\repository\com\vladsch\flexmark\flexmark-test-util\0.34.30\flexmark-test-util-0.34.30.jar;C:\Users\GITA\.m2\repository\com\vladsch\flexmark\flexmark-ext-ins\0.34.30\flexmark-ext-ins-0.34.30.jar;C:\Users\GITA\.m2\repository\com\vladsch\flexmark\flexmark-ext-xwiki-macros\0.34.30\flexmark-ext-xwiki-macros-0.34.30.jar;C:\Users\GITA\.m2\repository\com\vladsch\flexmark\flexmark-ext-superscript\0.34.30\flexmark-ext-superscript-0.34.30.jar;C:\Users\GITA\.m2\repository\com\vladsch\flexmark\flexmark-ext-tables\0.34.30\flexmark-ext-tables-0.34.30.jar;C:\Users\GITA\.m2\repository\com\vladsch\flexmark\flexmark-ext-toc\0.34.30\flexmark-ext-toc-0.34.30.jar;C:\Users\GITA\.m2\repository\com\vladsch\flexmark\flexmark-ext-typographic\0.34.30\flexmark-ext-typographic-0.34.30.jar;C:\Users\GITA\.m2\repository\com\vladsch\flexmark\flexmark-ext-wikilink\0.34.30\flexmark-ext-wikilink-0.34.30.jar;C:\Users\GITA\.m2\repository\com\vladsch\flexmark\flexmark-ext-yaml-front-matter\0.34.30\flexmark-ext-yaml-front-matter-0.34.30.jar;C:\Users\GITA\.m2\repository\com\vladsch\flexmark\flexmark-ext-youtube-embedded\0.34.30\flexmark-ext-youtube-embedded-0.34.30.jar;C:\Users\GITA\.m2\repository\com\vladsch\flexmark\flexmark-formatter\0.34.30\flexmark-formatter-0.34.30.jar;C:\Users\GITA\.m2\repository\com\vladsch\flexmark\flexmark-html-parser\0.34.30\flexmark-html-parser-0.34.30.jar;C:\Users\GITA\.m2\repository\com\vladsch\flexmark\flexmark-jira-converter\0.34.30\flexmark-jira-converter-0.34.30.jar;C:\Users\GITA\.m2\repository\com\vladsch\flexmark\flexmark-pdf-converter\0.34.30\flexmark-pdf-converter-0.34.30.jar;C:\Users\GITA\.m2\repository\com\openhtmltopdf\openhtmltopdf-core\0.0.1-RC13\openhtmltopdf-core-0.0.1-RC13.jar;C:\Users\GITA\.m2\repository\com\openhtmltopdf\openhtmltopdf-pdfbox\0.0.1-RC13\openhtmltopdf-pdfbox-0.0.1-RC13.jar;C:\Users\GITA\.m2\repository\org\apache\pdfbox\pdfbox\2.0.8\pdfbox-2.0.8.jar;C:\Users\GITA\.m2\repository\org\apache\pdfbox\fontbox\2.0.8\fontbox-2.0.8.jar;C:\Users\GITA\.m2\repository\org\apache\pdfbox\xmpbox\2.0.8\xmpbox-2.0.8.jar;C:\Users\GITA\.m2\repository\de\rototor\pdfbox\graphics2d\0.12\graphics2d-0.12.jar;C:\Users\GITA\.m2\repository\com\openhtmltopdf\openhtmltopdf-rtl-support\0.0.1-RC13\openhtmltopdf-rtl-support-0.0.1-RC13.jar;C:\Users\GITA\.m2\repository\com\ibm\icu\icu4j\59.1\icu4j-59.1.jar;C:\Users\GITA\.m2\repository\com\openhtmltopdf\openhtmltopdf-jsoup-dom-converter\0.0.1-RC13\openhtmltopdf-jsoup-dom-converter-0.0.1-RC13.jar;C:\Users\GITA\.m2\repository\com\vladsch\flexmark\flexmark-profile-pegdown\0.34.30\flexmark-profile-pegdown-0.34.30.jar;C:\Users\GITA\.m2\repository\com\vladsch\flexmark\flexmark-util\0.34.30\flexmark-util-0.34.30.jar;C:\Users\GITA\.m2\repository\com\vladsch\flexmark\flexmark-youtrack-converter\0.34.30\flexmark-youtrack-converter-0.34.30.jar;C:\Users\GITA\.m2\repository\es\nitaur\markdown\txtmark\0.16\txtmark-0.16.jar;C:\Users\GITA\.m2\repository\net\serenity-bdd\serenity-report-resources\3.5.1\serenity-report-resources-3.5.1.jar;C:\Users\GITA\.m2\repository\com\google\code\gson\gson\2.9.0\gson-2.9.0.jar;C:\Users\GITA\.m2\repository\com\fasterxml\jackson\core\jackson-core\2.13.4\jackson-core-2.13.4.jar;C:\Users\GITA\.m2\repository\com\fasterxml\jackson\core\jackson-databind\2.13.4\jackson-databind-2.13.4.jar;C:\Users\GITA\.m2\repository\com\fasterxml\jackson\core\jackson-annotations\2.13.4\jackson-annotations-2.13.4.jar;C:\Users\GITA\.m2\repository\commons-codec\commons-codec\1.15\commons-codec-1.15.jar;C:\Users\GITA\.m2\repository\commons-io\commons-io\2.11.0\commons-io-2.11.0.jar;C:\Users\GITA\.m2\repository\org\apache\httpcomponents\httpclient\4.5.13\httpclient-4.5.13.jar;C:\Users\GITA\.m2\repository\org\apache\httpcomponents\httpcore\4.4.13\httpcore-4.4.13.jar;C:\Users\GITA\.m2\repository\commons-logging\commons-logging\1.2\commons-logging-1.2.jar;C:\Users\GITA\.m2\repository\org\seleniumhq\selenium\selenium-java\4.7.1\selenium-java-4.7.1.jar;C:\Users\GITA\.m2\repository\org\seleniumhq\selenium\selenium-devtools-v106\4.7.1\selenium-devtools-v106-4.7.1.jar;C:\Users\GITA\.m2\repository\org\seleniumhq\selenium\selenium-devtools-v107\4.7.1\selenium-devtools-v107-4.7.1.jar;C:\Users\GITA\.m2\repository\org\seleniumhq\selenium\selenium-devtools-v108\4.7.1\selenium-devtools-v108-4.7.1.jar;C:\Users\GITA\.m2\repository\org\seleniumhq\selenium\selenium-devtools-v85\4.7.1\selenium-devtools-v85-4.7.1.jar;C:\Users\GITA\.m2\repository\org\seleniumhq\selenium\selenium-remote-driver\4.7.1\selenium-remote-driver-4.7.1.jar;C:\Users\GITA\.m2\repository\com\beust\jcommander\1.82\jcommander-1.82.jar;C:\Users\GITA\.m2\repository\io\netty\netty-buffer\4.1.84.Final\netty-buffer-4.1.84.Final.jar;C:\Users\GITA\.m2\repository\io\netty\netty-codec-http\4.1.84.Final\netty-codec-http-4.1.84.Final.jar;C:\Users\GITA\.m2\repository\io\netty\netty-codec\4.1.84.Final\netty-codec-4.1.84.Final.jar;C:\Users\GITA\.m2\repository\io\netty\netty-handler\4.1.84.Final\netty-handler-4.1.84.Final.jar;C:\Users\GITA\.m2\repository\io\netty\netty-common\4.1.84.Final\netty-common-4.1.84.Final.jar;C:\Users\GITA\.m2\repository\io\netty\netty-transport-classes-epoll\4.1.84.Final\netty-transport-classes-epoll-4.1.84.Final.jar;C:\Users\GITA\.m2\repository\io\netty\netty-transport-classes-kqueue\4.1.84.Final\netty-transport-classes-kqueue-4.1.84.Final.jar;C:\Users\GITA\.m2\repository\io\netty\netty-transport-native-epoll\4.1.84.Final\netty-transport-native-epoll-4.1.84.Final.jar;C:\Users\GITA\.m2\repository\io\netty\netty-transport-native-kqueue\4.1.84.Final\netty-transport-native-kqueue-4.1.84.Final.jar;C:\Users\GITA\.m2\repository\io\netty\netty-transport-native-unix-common\4.1.84.Final\netty-transport-native-unix-common-4.1.84.Final.jar;C:\Users\GITA\.m2\repository\io\netty\netty-transport\4.1.84.Final\netty-transport-4.1.84.Final.jar;C:\Users\GITA\.m2\repository\io\netty\netty-resolver\4.1.84.Final\netty-resolver-4.1.84.Final.jar;C:\Users\GITA\.m2\repository\io\opentelemetry\opentelemetry-api\1.19.0\opentelemetry-api-1.19.0.jar;C:\Users\GITA\.m2\repository\io\opentelemetry\opentelemetry-context\1.19.0\opentelemetry-context-1.19.0.jar;C:\Users\GITA\.m2\repository\io\opentelemetry\opentelemetry-exporter-logging\1.19.0\opentelemetry-exporter-logging-1.19.0.jar;C:\Users\GITA\.m2\repository\io\opentelemetry\opentelemetry-sdk-metrics\1.19.0\opentelemetry-sdk-metrics-1.19.0.jar;C:\Users\GITA\.m2\repository\io\opentelemetry\opentelemetry-sdk-logs\1.19.0-alpha\opentelemetry-sdk-logs-1.19.0-alpha.jar;C:\Users\GITA\.m2\repository\io\opentelemetry\opentelemetry-api-logs\1.19.0-alpha\opentelemetry-api-logs-1.19.0-alpha.jar;C:\Users\GITA\.m2\repository\io\opentelemetry\opentelemetry-sdk-common\1.19.0\opentelemetry-sdk-common-1.19.0.jar;C:\Users\GITA\.m2\repository\io\opentelemetry\opentelemetry-sdk-extension-autoconfigure-spi\1.19.0\opentelemetry-sdk-extension-autoconfigure-spi-1.19.0.jar;C:\Users\GITA\.m2\repository\io\opentelemetry\opentelemetry-sdk-extension-autoconfigure\1.19.0-alpha\opentelemetry-sdk-extension-autoconfigure-1.19.0-alpha.jar;C:\Users\GITA\.m2\repository\io\opentelemetry\opentelemetry-exporter-common\1.19.0\opentelemetry-exporter-common-1.19.0.jar;C:\Users\GITA\.m2\repository\io\opentelemetry\opentelemetry-sdk-trace\1.19.0\opentelemetry-sdk-trace-1.19.0.jar;C:\Users\GITA\.m2\repository\io\opentelemetry\opentelemetry-sdk\1.19.0\opentelemetry-sdk-1.19.0.jar;C:\Users\GITA\.m2\repository\io\opentelemetry\opentelemetry-semconv\1.19.0-alpha\opentelemetry-semconv-1.19.0-alpha.jar;C:\Users\GITA\.m2\repository\io\ous\jtoml\2.0.0\jtoml-2.0.0.jar;C:\Users\GITA\.m2\repository\org\apache\commons\commons-exec\1.3\commons-exec-1.3.jar;C:\Users\GITA\.m2\repository\org\asynchttpclient\async-http-client\2.12.3\async-http-client-2.12.3.jar;C:\Users\GITA\.m2\repository\org\asynchttpclient\async-http-client-netty-utils\2.12.3\async-http-client-netty-utils-2.12.3.jar;C:\Users\GITA\.m2\repository\io\netty\netty-codec-socks\4.1.60.Final\netty-codec-socks-4.1.60.Final.jar;C:\Users\GITA\.m2\repository\io\netty\netty-handler-proxy\4.1.60.Final\netty-handler-proxy-4.1.60.Final.jar;C:\Users\GITA\.m2\repository\io\netty\netty-transport-native-epoll\4.1.60.Final\netty-transport-native-epoll-4.1.60.Final-linux-x86_64.jar;C:\Users\GITA\.m2\repository\io\netty\netty-transport-native-kqueue\4.1.60.Final\netty-transport-native-kqueue-4.1.60.Final-osx-x86_64.jar;C:\Users\GITA\.m2\repository\org\reactivestreams\reactive-streams\1.0.3\reactive-streams-1.0.3.jar;C:\Users\GITA\.m2\repository\com\typesafe\netty\netty-reactive-streams\2.0.4\netty-reactive-streams-2.0.4.jar;C:\Users\GITA\.m2\repository\org\seleniumhq\selenium\selenium-manager\4.7.1\selenium-manager-4.7.1.jar;C:\Users\GITA\.m2\repository\org\seleniumhq\selenium\selenium-safari-driver\4.7.1\selenium-safari-driver-4.7.1.jar;C:\Users\GITA\.m2\repository\org\seleniumhq\selenium\selenium-api\4.7.1\selenium-api-4.7.1.jar;C:\Users\GITA\.m2\repository\org\seleniumhq\selenium\selenium-support\4.7.1\selenium-support-4.7.1.jar;C:\Users\GITA\.m2\repository\com\google\auto\service\auto-service-annotations\1.0.1\auto-service-annotations-1.0.1.jar;C:\Users\GITA\.m2\repository\com\google\auto\service\auto-service\1.0.1\auto-service-1.0.1.jar;C:\Users\GITA\.m2\repository\com\google\auto\auto-common\1.2\auto-common-1.2.jar;C:\Users\GITA\.m2\repository\org\seleniumhq\selenium\selenium-json\4.7.1\selenium-json-4.7.1.jar;C:\Users\GITA\.m2\repository\org\seleniumhq\selenium\selenium-chrome-driver\4.7.1\selenium-chrome-driver-4.7.1.jar;C:\Users\GITA\.m2\repository\org\seleniumhq\selenium\selenium-chromium-driver\4.7.1\selenium-chromium-driver-4.7.1.jar;C:\Users\GITA\.m2\repository\org\seleniumhq\selenium\selenium-firefox-driver\4.7.1\selenium-firefox-driver-4.7.1.jar;C:\Users\GITA\.m2\repository\org\seleniumhq\selenium\selenium-http\4.7.1\selenium-http-4.7.1.jar;C:\Users\GITA\.m2\repository\dev\failsafe\failsafe\3.3.0\failsafe-3.3.0.jar;C:\Users\GITA\.m2\repository\org\seleniumhq\selenium\selenium-edge-driver\4.7.1\selenium-edge-driver-4.7.1.jar;C:\Users\GITA\.m2\repository\org\seleniumhq\selenium\selenium-ie-driver\4.7.1\selenium-ie-driver-4.7.1.jar;C:\Users\GITA\.m2\repository\org\projectlombok\lombok\1.18.20\lombok-1.18.20.jar;C:\Users\GITA\.m2\repository\io\appium\java-client\8.3.0\java-client-8.3.0.jar;C:\Users\GITA\.m2\repository\commons-validator\commons-validator\1.7\commons-validator-1.7.jar;C:\Users\GITA\.m2\repository\commons-digester\commons-digester\2.1\commons-digester-2.1.jar;C:\Users\GITA\.m2\repository\org\apache\groovy\groovy\4.0.6\groovy-4.0.6.jar;C:\Users\GITA\.m2\repository\net\sf\opencsv\opencsv\2.0\opencsv-2.0.jar;C:\Users\GITA\.m2\repository\commons-beanutils\commons-beanutils\1.9.4\commons-beanutils-1.9.4.jar;C:\Users\GITA\.m2\repository\org\apache\commons\commons-lang3\3.12.0\commons-lang3-3.12.0.jar;C:\Users\GITA\.m2\repository\commons-collections\commons-collections\3.2.2\commons-collections-3.2.2.jar;C:\Users\GITA\.m2\repository\org\fluentlenium\fluentlenium-core\0.10.2\fluentlenium-core-0.10.2.jar;C:\Users\GITA\.m2\repository\io\github\bonigarcia\webdrivermanager\5.3.0\webdrivermanager-5.3.0.jar;C:\Users\GITA\.m2\repository\com\github\docker-java\docker-java\3.2.13\docker-java-3.2.13.jar;C:\Users\GITA\.m2\repository\com\github\docker-java\docker-java-core\3.2.13\docker-java-core-3.2.13.jar;C:\Users\GITA\.m2\repository\com\github\docker-java\docker-java-api\3.2.13\docker-java-api-3.2.13.jar;C:\Users\GITA\.m2\repository\org\apache\commons\commons-compress\1.21\commons-compress-1.21.jar;C:\Users\GITA\.m2\repository\org\bouncycastle\bcpkix-jdk15on\1.64\bcpkix-jdk15on-1.64.jar;C:\Users\GITA\.m2\repository\org\bouncycastle\bcprov-jdk15on\1.64\bcprov-jdk15on-1.64.jar;C:\Users\GITA\.m2\repository\org\slf4j\jcl-over-slf4j\1.7.30\jcl-over-slf4j-1.7.30.jar;C:\Users\GITA\.m2\repository\com\github\docker-java\docker-java-transport-httpclient5\3.2.13\docker-java-transport-httpclient5-3.2.13.jar;C:\Users\GITA\.m2\repository\com\github\docker-java\docker-java-transport\3.2.13\docker-java-transport-3.2.13.jar;C:\Users\GITA\.m2\repository\net\java\dev\jna\jna\5.8.0\jna-5.8.0.jar;C:\Users\GITA\.m2\repository\org\brotli\dec\0.1.2\dec-0.1.2.jar;C:\Users\GITA\.m2\repository\org\apache\httpcomponents\client5\httpclient5\5.1.3\httpclient5-5.1.3.jar;C:\Users\GITA\.m2\repository\org\apache\httpcomponents\core5\httpcore5\5.1.3\httpcore5-5.1.3.jar;C:\Users\GITA\.m2\repository\org\apache\httpcomponents\core5\httpcore5-h2\5.1.3\httpcore5-h2-5.1.3.jar;C:\Users\GITA\.m2\repository\com\jhlabs\filters\2.0.235\filters-2.0.235.jar;C:\Users\GITA\.m2\repository\com\paulhammant\ngwebdriver\1.1.6\ngwebdriver-1.1.6.jar;C:\Users\GITA\.m2\repository\joda-time\joda-time\2.8.2\joda-time-2.8.2.jar;C:\Users\GITA\.m2\repository\org\hamcrest\hamcrest\2.2\hamcrest-2.2.jar;C:\Users\GITA\.m2\repository\com\google\jimfs\jimfs\1.2\jimfs-1.2.jar;C:\Users\GITA\.m2\repository\org\mockito\mockito-core\3.3.3\mockito-core-3.3.3.jar;C:\Users\GITA\.m2\repository\javax\xml\bind\jaxb-api\2.3.1\jaxb-api-2.3.1.jar;C:\Users\GITA\.m2\repository\javax\activation\javax.activation-api\1.2.0\javax.activation-api-1.2.0.jar;C:\Users\GITA\.m2\repository\com\sun\xml\bind\jaxb-core\2.3.0.1\jaxb-core-2.3.0.1.jar;C:\Users\GITA\.m2\repository\com\sun\xml\bind\jaxb-impl\2.3.3\jaxb-impl-2.3.3.jar;C:\Users\GITA\.m2\repository\jakarta\xml\bind\jakarta.xml.bind-api\2.3.3\jakarta.xml.bind-api-2.3.3.jar;C:\Users\GITA\.m2\repository\com\sun\activation\jakarta.activation\1.2.2\jakarta.activation-1.2.2.jar;C:\Users\GITA\.m2\repository\javax\activation\activation\1.1.1\activation-1.1.1.jar;C:\Users\GITA\.m2\repository\net\serenity-bdd\serenity-rest-assured\3.5.1\serenity-rest-assured-3.5.1.jar;C:\Users\GITA\.m2\repository\io\rest-assured\rest-assured\5.2.0\rest-assured-5.2.0.jar;C:\Users\GITA\.m2\repository\org\apache\httpcomponents\httpmime\4.5.13\httpmime-4.5.13.jar;C:\Users\GITA\.m2\repository\org\ccil\cowan\tagsoup\tagsoup\1.2.1\tagsoup-1.2.1.jar;C:\Users\GITA\.m2\repository\io\rest-assured\json-path\5.2.0\json-path-5.2.0.jar;C:\Users\GITA\.m2\repository\io\rest-assured\rest-assured-common\5.2.0\rest-assured-common-5.2.0.jar;C:\Users\GITA\.m2\repository\io\rest-assured\xml-path\5.2.0\xml-path-5.2.0.jar;C:\Users\GITA\.m2\repository\org\apache\groovy\groovy-json\4.0.6\groovy-json-4.0.6.jar;C:\Users\GITA\.m2\repository\org\apache\groovy\groovy-xml\4.0.6\groovy-xml-4.0.6.jar;C:\Users\GITA\.m2\repository\org\opentest4j\opentest4j\1.2.0\opentest4j-1.2.0.jar;C:\Users\GITA\.m2\repository\net\serenity-bdd\serenity-cucumber\3.5.1\serenity-cucumber-3.5.1.jar;C:\Users\GITA\.m2\repository\io\cucumber\cucumber-core\7.8.1\cucumber-core-7.8.1.jar;C:\Users\GITA\.m2\repository\io\cucumber\cucumber-gherkin\7.8.1\cucumber-gherkin-7.8.1.jar;C:\Users\GITA\.m2\repository\io\cucumber\cucumber-gherkin-messages\7.8.1\cucumber-gherkin-messages-7.8.1.jar;C:\Users\GITA\.m2\repository\io\cucumber\gherkin\24.0.0\gherkin-24.0.0.jar;C:\Users\GITA\.m2\repository\io\cucumber\messages\19.1.4\messages-19.1.4.jar;C:\Users\GITA\.m2\repository\io\cucumber\tag-expressions\4.1.0\tag-expressions-4.1.0.jar;C:\Users\GITA\.m2\repository\io\cucumber\cucumber-expressions\16.0.0\cucumber-expressions-16.0.0.jar;C:\Users\GITA\.m2\repository\io\cucumber\datatable\7.8.1\datatable-7.8.1.jar;C:\Users\GITA\.m2\repository\io\cucumber\cucumber-plugin\7.8.1\cucumber-plugin-7.8.1.jar;C:\Users\GITA\.m2\repository\io\cucumber\docstring\7.8.1\docstring-7.8.1.jar;C:\Users\GITA\.m2\repository\io\cucumber\html-formatter\20.1.0\html-formatter-20.1.0.jar;C:\Users\GITA\.m2\repository\io\cucumber\ci-environment\9.1.0\ci-environment-9.1.0.jar;C:\Users\GITA\.m2\repository\io\cucumber\cucumber-java\7.8.1\cucumber-java-7.8.1.jar;C:\Users\GITA\.m2\repository\io\cucumber\cucumber-junit\7.8.1\cucumber-junit-7.8.1.jar;C:\Users\GITA\.m2\repository\org\apache\commons\commons-csv\1.5\commons-csv-1.5.jar;C:\Users\GITA\.m2\repository\net\serenity-bdd\serenity-screenplay\3.5.1\serenity-screenplay-3.5.1.jar;C:\Users\GITA\.m2\repository\net\serenity-bdd\serenity-screenplay-webdriver\3.5.1\serenity-screenplay-webdriver-3.5.1.jar;C:\Users\GITA\.m2\repository\net\serenity-bdd\serenity-ensure\3.5.1\serenity-ensure-3.5.1.jar;C:\Users\GITA\.m2\repository\net\serenity-bdd\serenity-junit\3.5.1\serenity-junit-3.5.1.jar;C:\Users\GITA\.m2\repository\org\jetbrains\kotlin\kotlin-stdlib\1.7.21\kotlin-stdlib-1.7.21.jar;C:\Users\GITA\.m2\repository\org\jetbrains\kotlin\kotlin-stdlib-common\1.7.21\kotlin-stdlib-common-1.7.21.jar;C:\Users\GITA\.m2\repository\org\jetbrains\annotations\13.0\annotations-13.0.jar;C:\Users\GITA\.m2\repository\org\junit\platform\junit-platform-launcher\1.8.2\junit-platform-launcher-1.8.2.jar;C:\Users\GITA\.m2\repository\org\junit\platform\junit-platform-engine\1.8.2\junit-platform-engine-1.8.2.jar;C:\Users\GITA\.m2\repository\org\junit\platform\junit-platform-commons\1.8.2\junit-platform-commons-1.8.2.jar;C:\Users\GITA\.m2\repository\org\apiguardian\apiguardian-api\1.1.2\apiguardian-api-1.1.2.jar;C:\Users\GITA\.m2\repository\org\junit\jupiter\junit-jupiter-engine\5.8.2\junit-jupiter-engine-5.8.2.jar;C:\Users\GITA\.m2\repository\org\junit\jupiter\junit-jupiter-api\5.8.2\junit-jupiter-api-5.8.2.jar;C:\Users\GITA\.m2\repository\org\junit\vintage\junit-vintage-engine\5.8.2\junit-vintage-engine-5.8.2.jar;C:\Users\GITA\.m2\repository\junit\junit\4.13.2\junit-4.13.2.jar;C:\Users\GITA\.m2\repository\org\hamcrest\hamcrest-core\1.3\hamcrest-core-1.3.jar;C:\Users\GITA\.m2\repository\ch\qos\logback\logback-classic\1.2.10\logback-classic-1.2.10.jar;C:\Users\GITA\.m2\repository\ch\qos\logback\logback-core\1.2.10\logback-core-1.2.10.jar;C:\Users\GITA\.m2\repository\org\slf4j\slf4j-api\1.7.32\slf4j-api-1.7.32.jar;C:\Users\GITA\.m2\repository\org\assertj\assertj-core\3.23.1\assertj-core-3.23.1.jar;C:\Users\GITA\.m2\repository\net\bytebuddy\byte-buddy\1.12.10\byte-buddy-1.12.10.jar;C:\Users\GITA\.m2\repository\com\googlecode\json-simple\json-simple\1.1.1\json-simple-1.1.1.jar;"/>
    <property name="sun.cpu.endian" value="little"/>
    <property name="user.home" value="C:\Users\GITA"/>
    <property name="user.language" value="en"/>
    <property name="java.specification.vendor" value="Oracle Corporation"/>
    <property name="jdk.module.path" value="E:\mini peoject\RestAPi\target\RestApi-1.0-SNAPSHOT.jar"/>
    <property name="java.version.date" value="2023-01-17"/>
    <property name="java.home" value="C:\Program Files\Java\jdk-19"/>
    <property name="file.separator" value="\"/>
    <property name="basedir" value="E:\mini peoject\RestAPi"/>
    <property name="java.vm.compressedOopsMode" value="32-bit"/>
    <property name="line.separator" value="&#10;"/>
    <property name="java.vm.specification.vendor" value="Oracle Corporation"/>
    <property name="java.specification.name" value="Java Platform API Specification"/>
    <property name="surefire.real.class.path" value="C:\Users\GITA\.m2\repository\org\apache\maven\surefire\surefire-booter\3.0.0-M5\surefire-booter-3.0.0-M5.jar;C:\Users\GITA\.m2\repository\org\apache\maven\surefire\surefire-api\3.0.0-M5\surefire-api-3.0.0-M5.jar;C:\Users\GITA\.m2\repository\org\apache\maven\surefire\surefire-logger-api\3.0.0-M5\surefire-logger-api-3.0.0-M5.jar;C:\Users\GITA\.m2\repository\org\apache\maven\surefire\surefire-shared-utils\3.0.0-M4\surefire-shared-utils-3.0.0-M4.jar;C:\Users\GITA\.m2\repository\org\apache\maven\surefire\surefire-extensions-spi\3.0.0-M5\surefire-extensions-spi-3.0.0-M5.jar;E:\mini peoject\RestAPi\target\test-classes;C:\Users\GITA\.m2\repository\net\serenity-bdd\serenity-core\3.5.1\serenity-core-3.5.1.jar;C:\Users\GITA\.m2\repository\net\serenity-bdd\serenity-model\3.5.1\serenity-model-3.5.1.jar;C:\Users\GITA\.m2\repository\org\apache\commons\commons-text\1.10.0\commons-text-1.10.0.jar;C:\Users\GITA\.m2\repository\commons-net\commons-net\3.8.0\commons-net-3.8.0.jar;C:\Users\GITA\.m2\repository\com\google\guava\guava\31.1-jre\guava-31.1-jre.jar;C:\Users\GITA\.m2\repository\com\google\guava\failureaccess\1.0.1\failureaccess-1.0.1.jar;C:\Users\GITA\.m2\repository\com\google\guava\listenablefuture\9999.0-empty-to-avoid-conflict-with-guava\listenablefuture-9999.0-empty-to-avoid-conflict-with-guava.jar;C:\Users\GITA\.m2\repository\com\google\code\findbugs\jsr305\3.0.2\jsr305-3.0.2.jar;C:\Users\GITA\.m2\repository\org\checkerframework\checker-qual\3.12.0\checker-qual-3.12.0.jar;C:\Users\GITA\.m2\repository\com\google\errorprone\error_prone_annotations\2.11.0\error_prone_annotations-2.11.0.jar;C:\Users\GITA\.m2\repository\com\google\j2objc\j2objc-annotations\1.3\j2objc-annotations-1.3.jar;C:\Users\GITA\.m2\repository\com\google\inject\guice\5.1.0\guice-5.1.0.jar;C:\Users\GITA\.m2\repository\javax\inject\javax.inject\1\javax.inject-1.jar;C:\Users\GITA\.m2\repository\aopalliance\aopalliance\1.0\aopalliance-1.0.jar;C:\Users\GITA\.m2\repository\org\jsoup\jsoup\1.14.3\jsoup-1.14.3.jar;C:\Users\GITA\.m2\repository\com\thoughtworks\xstream\xstream\1.4.19\xstream-1.4.19.jar;C:\Users\GITA\.m2\repository\io\github\x-stream\mxparser\1.2.2\mxparser-1.2.2.jar;C:\Users\GITA\.m2\repository\xmlpull\xmlpull\1.1.3.1\xmlpull-1.1.3.1.jar;C:\Users\GITA\.m2\repository\com\typesafe\config\1.4.2\config-1.4.2.jar;C:\Users\GITA\.m2\repository\org\imgscalr\imgscalr-lib\4.2\imgscalr-lib-4.2.jar;C:\Users\GITA\.m2\repository\org\awaitility\awaitility\4.2.0\awaitility-4.2.0.jar;C:\Users\GITA\.m2\repository\org\freemarker\freemarker\2.3.31\freemarker-2.3.31.jar;C:\Users\GITA\.m2\repository\io\github\classgraph\classgraph\4.8.138\classgraph-4.8.138.jar;C:\Users\GITA\.m2\repository\net\sourceforge\jexcelapi\jxl\2.6.12\jxl-2.6.12.jar;C:\Users\GITA\.m2\repository\net\bytebuddy\byte-buddy-agent\1.12.18\byte-buddy-agent-1.12.18.jar;C:\Users\GITA\.m2\repository\org\objenesis\objenesis\3.1\objenesis-3.1.jar;C:\Users\GITA\.m2\repository\net\serenity-bdd\serenity-reports\3.5.1\serenity-reports-3.5.1.jar;C:\Users\GITA\.m2\repository\net\serenity-bdd\serenity-stats\3.5.1\serenity-stats-3.5.1.jar;C:\Users\GITA\.m2\repository\net\serenity-bdd\serenity-reports-configuration\3.5.1\serenity-reports-configuration-3.5.1.jar;C:\Users\GITA\.m2\repository\com\vladsch\flexmark\flexmark-all\0.34.30\flexmark-all-0.34.30.jar;C:\Users\GITA\.m2\repository\com\vladsch\flexmark\flexmark\0.34.30\flexmark-0.34.30.jar;C:\Users\GITA\.m2\repository\com\vladsch\flexmark\flexmark-ext-abbreviation\0.34.30\flexmark-ext-abbreviation-0.34.30.jar;C:\Users\GITA\.m2\repository\com\vladsch\flexmark\flexmark-ext-admonition\0.34.30\flexmark-ext-admonition-0.34.30.jar;C:\Users\GITA\.m2\repository\com\vladsch\flexmark\flexmark-ext-anchorlink\0.34.30\flexmark-ext-anchorlink-0.34.30.jar;C:\Users\GITA\.m2\repository\com\vladsch\flexmark\flexmark-ext-aside\0.34.30\flexmark-ext-aside-0.34.30.jar;C:\Users\GITA\.m2\repository\com\vladsch\flexmark\flexmark-ext-attributes\0.34.30\flexmark-ext-attributes-0.34.30.jar;C:\Users\GITA\.m2\repository\com\vladsch\flexmark\flexmark-ext-autolink\0.34.30\flexmark-ext-autolink-0.34.30.jar;C:\Users\GITA\.m2\repository\org\nibor\autolink\autolink\0.6.0\autolink-0.6.0.jar;C:\Users\GITA\.m2\repository\com\vladsch\flexmark\flexmark-ext-definition\0.34.30\flexmark-ext-definition-0.34.30.jar;C:\Users\GITA\.m2\repository\com\vladsch\flexmark\flexmark-ext-emoji\0.34.30\flexmark-ext-emoji-0.34.30.jar;C:\Users\GITA\.m2\repository\com\vladsch\flexmark\flexmark-ext-enumerated-reference\0.34.30\flexmark-ext-enumerated-reference-0.34.30.jar;C:\Users\GITA\.m2\repository\com\vladsch\flexmark\flexmark-ext-escaped-character\0.34.30\flexmark-ext-escaped-character-0.34.30.jar;C:\Users\GITA\.m2\repository\com\vladsch\flexmark\flexmark-ext-footnotes\0.34.30\flexmark-ext-footnotes-0.34.30.jar;C:\Users\GITA\.m2\repository\com\vladsch\flexmark\flexmark-ext-gfm-issues\0.34.30\flexmark-ext-gfm-issues-0.34.30.jar;C:\Users\GITA\.m2\repository\com\vladsch\flexmark\flexmark-ext-gfm-strikethrough\0.34.30\flexmark-ext-gfm-strikethrough-0.34.30.jar;C:\Users\GITA\.m2\repository\com\vladsch\flexmark\flexmark-ext-gfm-tables\0.34.30\flexmark-ext-gfm-tables-0.34.30.jar;C:\Users\GITA\.m2\repository\com\vladsch\flexmark\flexmark-ext-gfm-tasklist\0.34.30\flexmark-ext-gfm-tasklist-0.34.30.jar;C:\Users\GITA\.m2\repository\com\vladsch\flexmark\flexmark-ext-gfm-users\0.34.30\flexmark-ext-gfm-users-0.34.30.jar;C:\Users\GITA\.m2\repository\com\vladsch\flexmark\flexmark-ext-gitlab\0.34.30\flexmark-ext-gitlab-0.34.30.jar;C:\Users\GITA\.m2\repository\com\vladsch\flexmark\flexmark-ext-jekyll-front-matter\0.34.30\flexmark-ext-jekyll-front-matter-0.34.30.jar;C:\Users\GITA\.m2\repository\com\vladsch\flexmark\flexmark-ext-jekyll-tag\0.34.30\flexmark-ext-jekyll-tag-0.34.30.jar;C:\Users\GITA\.m2\repository\com\vladsch\flexmark\flexmark-ext-media-tags\0.34.30\flexmark-ext-media-tags-0.34.30.jar;C:\Users\GITA\.m2\repository\com\vladsch\flexmark\flexmark-test-util\0.34.30\flexmark-test-util-0.34.30.jar;C:\Users\GITA\.m2\repository\com\vladsch\flexmark\flexmark-ext-ins\0.34.30\flexmark-ext-ins-0.34.30.jar;C:\Users\GITA\.m2\repository\com\vladsch\flexmark\flexmark-ext-xwiki-macros\0.34.30\flexmark-ext-xwiki-macros-0.34.30.jar;C:\Users\GITA\.m2\repository\com\vladsch\flexmark\flexmark-ext-superscript\0.34.30\flexmark-ext-superscript-0.34.30.jar;C:\Users\GITA\.m2\repository\com\vladsch\flexmark\flexmark-ext-tables\0.34.30\flexmark-ext-tables-0.34.30.jar;C:\Users\GITA\.m2\repository\com\vladsch\flexmark\flexmark-ext-toc\0.34.30\flexmark-ext-toc-0.34.30.jar;C:\Users\GITA\.m2\repository\com\vladsch\flexmark\flexmark-ext-typographic\0.34.30\flexmark-ext-typographic-0.34.30.jar;C:\Users\GITA\.m2\repository\com\vladsch\flexmark\flexmark-ext-wikilink\0.34.30\flexmark-ext-wikilink-0.34.30.jar;C:\Users\GITA\.m2\repository\com\vladsch\flexmark\flexmark-ext-yaml-front-matter\0.34.30\flexmark-ext-yaml-front-matter-0.34.30.jar;C:\Users\GITA\.m2\repository\com\vladsch\flexmark\flexmark-ext-youtube-embedded\0.34.30\flexmark-ext-youtube-embedded-0.34.30.jar;C:\Users\GITA\.m2\repository\com\vladsch\flexmark\flexmark-formatter\0.34.30\flexmark-formatter-0.34.30.jar;C:\Users\GITA\.m2\repository\com\vladsch\flexmark\flexmark-html-parser\0.34.30\flexmark-html-parser-0.34.30.jar;C:\Users\GITA\.m2\repository\com\vladsch\flexmark\flexmark-jira-converter\0.34.30\flexmark-jira-converter-0.34.30.jar;C:\Users\GITA\.m2\repository\com\vladsch\flexmark\flexmark-pdf-converter\0.34.30\flexmark-pdf-converter-0.34.30.jar;C:\Users\GITA\.m2\repository\com\openhtmltopdf\openhtmltopdf-core\0.0.1-RC13\openhtmltopdf-core-0.0.1-RC13.jar;C:\Users\GITA\.m2\repository\com\openhtmltopdf\openhtmltopdf-pdfbox\0.0.1-RC13\openhtmltopdf-pdfbox-0.0.1-RC13.jar;C:\Users\GITA\.m2\repository\org\apache\pdfbox\pdfbox\2.0.8\pdfbox-2.0.8.jar;C:\Users\GITA\.m2\repository\org\apache\pdfbox\fontbox\2.0.8\fontbox-2.0.8.jar;C:\Users\GITA\.m2\repository\org\apache\pdfbox\xmpbox\2.0.8\xmpbox-2.0.8.jar;C:\Users\GITA\.m2\repository\de\rototor\pdfbox\graphics2d\0.12\graphics2d-0.12.jar;C:\Users\GITA\.m2\repository\com\openhtmltopdf\openhtmltopdf-rtl-support\0.0.1-RC13\openhtmltopdf-rtl-support-0.0.1-RC13.jar;C:\Users\GITA\.m2\repository\com\ibm\icu\icu4j\59.1\icu4j-59.1.jar;C:\Users\GITA\.m2\repository\com\openhtmltopdf\openhtmltopdf-jsoup-dom-converter\0.0.1-RC13\openhtmltopdf-jsoup-dom-converter-0.0.1-RC13.jar;C:\Users\GITA\.m2\repository\com\vladsch\flexmark\flexmark-profile-pegdown\0.34.30\flexmark-profile-pegdown-0.34.30.jar;C:\Users\GITA\.m2\repository\com\vladsch\flexmark\flexmark-util\0.34.30\flexmark-util-0.34.30.jar;C:\Users\GITA\.m2\repository\com\vladsch\flexmark\flexmark-youtrack-converter\0.34.30\flexmark-youtrack-converter-0.34.30.jar;C:\Users\GITA\.m2\repository\es\nitaur\markdown\txtmark\0.16\txtmark-0.16.jar;C:\Users\GITA\.m2\repository\net\serenity-bdd\serenity-report-resources\3.5.1\serenity-report-resources-3.5.1.jar;C:\Users\GITA\.m2\repository\com\google\code\gson\gson\2.9.0\gson-2.9.0.jar;C:\Users\GITA\.m2\repository\com\fasterxml\jackson\core\jackson-core\2.13.4\jackson-core-2.13.4.jar;C:\Users\GITA\.m2\repository\com\fasterxml\jackson\core\jackson-databind\2.13.4\jackson-databind-2.13.4.jar;C:\Users\GITA\.m2\repository\com\fasterxml\jackson\core\jackson-annotations\2.13.4\jackson-annotations-2.13.4.jar;C:\Users\GITA\.m2\repository\commons-codec\commons-codec\1.15\commons-codec-1.15.jar;C:\Users\GITA\.m2\repository\commons-io\commons-io\2.11.0\commons-io-2.11.0.jar;C:\Users\GITA\.m2\repository\org\apache\httpcomponents\httpclient\4.5.13\httpclient-4.5.13.jar;C:\Users\GITA\.m2\repository\org\apache\httpcomponents\httpcore\4.4.13\httpcore-4.4.13.jar;C:\Users\GITA\.m2\repository\commons-logging\commons-logging\1.2\commons-logging-1.2.jar;C:\Users\GITA\.m2\repository\org\seleniumhq\selenium\selenium-java\4.7.1\selenium-java-4.7.1.jar;C:\Users\GITA\.m2\repository\org\seleniumhq\selenium\selenium-devtools-v106\4.7.1\selenium-devtools-v106-4.7.1.jar;C:\Users\GITA\.m2\repository\org\seleniumhq\selenium\selenium-devtools-v107\4.7.1\selenium-devtools-v107-4.7.1.jar;C:\Users\GITA\.m2\repository\org\seleniumhq\selenium\selenium-devtools-v108\4.7.1\selenium-devtools-v108-4.7.1.jar;C:\Users\GITA\.m2\repository\org\seleniumhq\selenium\selenium-devtools-v85\4.7.1\selenium-devtools-v85-4.7.1.jar;C:\Users\GITA\.m2\repository\org\seleniumhq\selenium\selenium-remote-driver\4.7.1\selenium-remote-driver-4.7.1.jar;C:\Users\GITA\.m2\repository\com\beust\jcommander\1.82\jcommander-1.82.jar;C:\Users\GITA\.m2\repository\io\netty\netty-buffer\4.1.84.Final\netty-buffer-4.1.84.Final.jar;C:\Users\GITA\.m2\repository\io\netty\netty-codec-http\4.1.84.Final\netty-codec-http-4.1.84.Final.jar;C:\Users\GITA\.m2\repository\io\netty\netty-codec\4.1.84.Final\netty-codec-4.1.84.Final.jar;C:\Users\GITA\.m2\repository\io\netty\netty-handler\4.1.84.Final\netty-handler-4.1.84.Final.jar;C:\Users\GITA\.m2\repository\io\netty\netty-common\4.1.84.Final\netty-common-4.1.84.Final.jar;C:\Users\GITA\.m2\repository\io\netty\netty-transport-classes-epoll\4.1.84.Final\netty-transport-classes-epoll-4.1.84.Final.jar;C:\Users\GITA\.m2\repository\io\netty\netty-transport-classes-kqueue\4.1.84.Final\netty-transport-classes-kqueue-4.1.84.Final.jar;C:\Users\GITA\.m2\repository\io\netty\netty-transport-native-epoll\4.1.84.Final\netty-transport-native-epoll-4.1.84.Final.jar;C:\Users\GITA\.m2\repository\io\netty\netty-transport-native-kqueue\4.1.84.Final\netty-transport-native-kqueue-4.1.84.Final.jar;C:\Users\GITA\.m2\repository\io\netty\netty-transport-native-unix-common\4.1.84.Final\netty-transport-native-unix-common-4.1.84.Final.jar;C:\Users\GITA\.m2\repository\io\netty\netty-transport\4.1.84.Final\netty-transport-4.1.84.Final.jar;C:\Users\GITA\.m2\repository\io\netty\netty-resolver\4.1.84.Final\netty-resolver-4.1.84.Final.jar;C:\Users\GITA\.m2\repository\io\opentelemetry\opentelemetry-api\1.19.0\opentelemetry-api-1.19.0.jar;C:\Users\GITA\.m2\repository\io\opentelemetry\opentelemetry-context\1.19.0\opentelemetry-context-1.19.0.jar;C:\Users\GITA\.m2\repository\io\opentelemetry\opentelemetry-exporter-logging\1.19.0\opentelemetry-exporter-logging-1.19.0.jar;C:\Users\GITA\.m2\repository\io\opentelemetry\opentelemetry-sdk-metrics\1.19.0\opentelemetry-sdk-metrics-1.19.0.jar;C:\Users\GITA\.m2\repository\io\opentelemetry\opentelemetry-sdk-logs\1.19.0-alpha\opentelemetry-sdk-logs-1.19.0-alpha.jar;C:\Users\GITA\.m2\repository\io\opentelemetry\opentelemetry-api-logs\1.19.0-alpha\opentelemetry-api-logs-1.19.0-alpha.jar;C:\Users\GITA\.m2\repository\io\opentelemetry\opentelemetry-sdk-common\1.19.0\opentelemetry-sdk-common-1.19.0.jar;C:\Users\GITA\.m2\repository\io\opentelemetry\opentelemetry-sdk-extension-autoconfigure-spi\1.19.0\opentelemetry-sdk-extension-autoconfigure-spi-1.19.0.jar;C:\Users\GITA\.m2\repository\io\opentelemetry\opentelemetry-sdk-extension-autoconfigure\1.19.0-alpha\opentelemetry-sdk-extension-autoconfigure-1.19.0-alpha.jar;C:\Users\GITA\.m2\repository\io\opentelemetry\opentelemetry-exporter-common\1.19.0\opentelemetry-exporter-common-1.19.0.jar;C:\Users\GITA\.m2\repository\io\opentelemetry\opentelemetry-sdk-trace\1.19.0\opentelemetry-sdk-trace-1.19.0.jar;C:\Users\GITA\.m2\repository\io\opentelemetry\opentelemetry-sdk\1.19.0\opentelemetry-sdk-1.19.0.jar;C:\Users\GITA\.m2\repository\io\opentelemetry\opentelemetry-semconv\1.19.0-alpha\opentelemetry-semconv-1.19.0-alpha.jar;C:\Users\GITA\.m2\repository\io\ous\jtoml\2.0.0\jtoml-2.0.0.jar;C:\Users\GITA\.m2\repository\org\apache\commons\commons-exec\1.3\commons-exec-1.3.jar;C:\Users\GITA\.m2\repository\org\asynchttpclient\async-http-client\2.12.3\async-http-client-2.12.3.jar;C:\Users\GITA\.m2\repository\org\asynchttpclient\async-http-client-netty-utils\2.12.3\async-http-client-netty-utils-2.12.3.jar;C:\Users\GITA\.m2\repository\io\netty\netty-codec-socks\4.1.60.Final\netty-codec-socks-4.1.60.Final.jar;C:\Users\GITA\.m2\repository\io\netty\netty-handler-proxy\4.1.60.Final\netty-handler-proxy-4.1.60.Final.jar;C:\Users\GITA\.m2\repository\io\netty\netty-transport-native-epoll\4.1.60.Final\netty-transport-native-epoll-4.1.60.Final-linux-x86_64.jar;C:\Users\GITA\.m2\repository\io\netty\netty-transport-native-kqueue\4.1.60.Final\netty-transport-native-kqueue-4.1.60.Final-osx-x86_64.jar;C:\Users\GITA\.m2\repository\org\reactivestreams\reactive-streams\1.0.3\reactive-streams-1.0.3.jar;C:\Users\GITA\.m2\repository\com\typesafe\netty\netty-reactive-streams\2.0.4\netty-reactive-streams-2.0.4.jar;C:\Users\GITA\.m2\repository\org\seleniumhq\selenium\selenium-manager\4.7.1\selenium-manager-4.7.1.jar;C:\Users\GITA\.m2\repository\org\seleniumhq\selenium\selenium-safari-driver\4.7.1\selenium-safari-driver-4.7.1.jar;C:\Users\GITA\.m2\repository\org\seleniumhq\selenium\selenium-api\4.7.1\selenium-api-4.7.1.jar;C:\Users\GITA\.m2\repository\org\seleniumhq\selenium\selenium-support\4.7.1\selenium-support-4.7.1.jar;C:\Users\GITA\.m2\repository\com\google\auto\service\auto-service-annotations\1.0.1\auto-service-annotations-1.0.1.jar;C:\Users\GITA\.m2\repository\com\google\auto\service\auto-service\1.0.1\auto-service-1.0.1.jar;C:\Users\GITA\.m2\repository\com\google\auto\auto-common\1.2\auto-common-1.2.jar;C:\Users\GITA\.m2\repository\org\seleniumhq\selenium\selenium-json\4.7.1\selenium-json-4.7.1.jar;C:\Users\GITA\.m2\repository\org\seleniumhq\selenium\selenium-chrome-driver\4.7.1\selenium-chrome-driver-4.7.1.jar;C:\Users\GITA\.m2\repository\org\seleniumhq\selenium\selenium-chromium-driver\4.7.1\selenium-chromium-driver-4.7.1.jar;C:\Users\GITA\.m2\repository\org\seleniumhq\selenium\selenium-firefox-driver\4.7.1\selenium-firefox-driver-4.7.1.jar;C:\Users\GITA\.m2\repository\org\seleniumhq\selenium\selenium-http\4.7.1\selenium-http-4.7.1.jar;C:\Users\GITA\.m2\repository\dev\failsafe\failsafe\3.3.0\failsafe-3.3.0.jar;C:\Users\GITA\.m2\repository\org\seleniumhq\selenium\selenium-edge-driver\4.7.1\selenium-edge-driver-4.7.1.jar;C:\Users\GITA\.m2\repository\org\seleniumhq\selenium\selenium-ie-driver\4.7.1\selenium-ie-driver-4.7.1.jar;C:\Users\GITA\.m2\repository\org\projectlombok\lombok\1.18.20\lombok-1.18.20.jar;C:\Users\GITA\.m2\repository\io\appium\java-client\8.3.0\java-client-8.3.0.jar;C:\Users\GITA\.m2\repository\commons-validator\commons-validator\1.7\commons-validator-1.7.jar;C:\Users\GITA\.m2\repository\commons-digester\commons-digester\2.1\commons-digester-2.1.jar;C:\Users\GITA\.m2\repository\org\apache\groovy\groovy\4.0.6\groovy-4.0.6.jar;C:\Users\GITA\.m2\repository\net\sf\opencsv\opencsv\2.0\opencsv-2.0.jar;C:\Users\GITA\.m2\repository\commons-beanutils\commons-beanutils\1.9.4\commons-beanutils-1.9.4.jar;C:\Users\GITA\.m2\repository\org\apache\commons\commons-lang3\3.12.0\commons-lang3-3.12.0.jar;C:\Users\GITA\.m2\repository\commons-collections\commons-collections\3.2.2\commons-collections-3.2.2.jar;C:\Users\GITA\.m2\repository\org\fluentlenium\fluentlenium-core\0.10.2\fluentlenium-core-0.10.2.jar;C:\Users\GITA\.m2\repository\io\github\bonigarcia\webdrivermanager\5.3.0\webdrivermanager-5.3.0.jar;C:\Users\GITA\.m2\repository\com\github\docker-java\docker-java\3.2.13\docker-java-3.2.13.jar;C:\Users\GITA\.m2\repository\com\github\docker-java\docker-java-core\3.2.13\docker-java-core-3.2.13.jar;C:\Users\GITA\.m2\repository\com\github\docker-java\docker-java-api\3.2.13\docker-java-api-3.2.13.jar;C:\Users\GITA\.m2\repository\org\apache\commons\commons-compress\1.21\commons-compress-1.21.jar;C:\Users\GITA\.m2\repository\org\bouncycastle\bcpkix-jdk15on\1.64\bcpkix-jdk15on-1.64.jar;C:\Users\GITA\.m2\repository\org\bouncycastle\bcprov-jdk15on\1.64\bcprov-jdk15on-1.64.jar;C:\Users\GITA\.m2\repository\org\slf4j\jcl-over-slf4j\1.7.30\jcl-over-slf4j-1.7.30.jar;C:\Users\GITA\.m2\repository\com\github\docker-java\docker-java-transport-httpclient5\3.2.13\docker-java-transport-httpclient5-3.2.13.jar;C:\Users\GITA\.m2\repository\com\github\docker-java\docker-java-transport\3.2.13\docker-java-transport-3.2.13.jar;C:\Users\GITA\.m2\repository\net\java\dev\jna\jna\5.8.0\jna-5.8.0.jar;C:\Users\GITA\.m2\repository\org\brotli\dec\0.1.2\dec-0.1.2.jar;C:\Users\GITA\.m2\repository\org\apache\httpcomponents\client5\httpclient5\5.1.3\httpclient5-5.1.3.jar;C:\Users\GITA\.m2\repository\org\apache\httpcomponents\core5\httpcore5\5.1.3\httpcore5-5.1.3.jar;C:\Users\GITA\.m2\repository\org\apache\httpcomponents\core5\httpcore5-h2\5.1.3\httpcore5-h2-5.1.3.jar;C:\Users\GITA\.m2\repository\com\jhlabs\filters\2.0.235\filters-2.0.235.jar;C:\Users\GITA\.m2\repository\com\paulhammant\ngwebdriver\1.1.6\ngwebdriver-1.1.6.jar;C:\Users\GITA\.m2\repository\joda-time\joda-time\2.8.2\joda-time-2.8.2.jar;C:\Users\GITA\.m2\repository\org\hamcrest\hamcrest\2.2\hamcrest-2.2.jar;C:\Users\GITA\.m2\repository\com\google\jimfs\jimfs\1.2\jimfs-1.2.jar;C:\Users\GITA\.m2\repository\org\mockito\mockito-core\3.3.3\mockito-core-3.3.3.jar;C:\Users\GITA\.m2\repository\javax\xml\bind\jaxb-api\2.3.1\jaxb-api-2.3.1.jar;C:\Users\GITA\.m2\repository\javax\activation\javax.activation-api\1.2.0\javax.activation-api-1.2.0.jar;C:\Users\GITA\.m2\repository\com\sun\xml\bind\jaxb-core\2.3.0.1\jaxb-core-2.3.0.1.jar;C:\Users\GITA\.m2\repository\com\sun\xml\bind\jaxb-impl\2.3.3\jaxb-impl-2.3.3.jar;C:\Users\GITA\.m2\repository\jakarta\xml\bind\jakarta.xml.bind-api\2.3.3\jakarta.xml.bind-api-2.3.3.jar;C:\Users\GITA\.m2\repository\com\sun\activation\jakarta.activation\1.2.2\jakarta.activation-1.2.2.jar;C:\Users\GITA\.m2\repository\javax\activation\activation\1.1.1\activation-1.1.1.jar;C:\Users\GITA\.m2\repository\net\serenity-bdd\serenity-rest-assured\3.5.1\serenity-rest-assured-3.5.1.jar;C:\Users\GITA\.m2\repository\io\rest-assured\rest-assured\5.2.0\rest-assured-5.2.0.jar;C:\Users\GITA\.m2\repository\org\apache\httpcomponents\httpmime\4.5.13\httpmime-4.5.13.jar;C:\Users\GITA\.m2\repository\org\ccil\cowan\tagsoup\tagsoup\1.2.1\tagsoup-1.2.1.jar;C:\Users\GITA\.m2\repository\io\rest-assured\json-path\5.2.0\json-path-5.2.0.jar;C:\Users\GITA\.m2\repository\io\rest-assured\rest-assured-common\5.2.0\rest-assured-common-5.2.0.jar;C:\Users\GITA\.m2\repository\io\rest-assured\xml-path\5.2.0\xml-path-5.2.0.jar;C:\Users\GITA\.m2\repository\org\apache\groovy\groovy-json\4.0.6\groovy-json-4.0.6.jar;C:\Users\GITA\.m2\repository\org\apache\groovy\groovy-xml\4.0.6\groovy-xml-4.0.6.jar;C:\Users\GITA\.m2\repository\org\opentest4j\opentest4j\1.2.0\opentest4j-1.2.0.jar;C:\Users\GITA\.m2\repository\net\serenity-bdd\serenity-cucumber\3.5.1\serenity-cucumber-3.5.1.jar;C:\Users\GITA\.m2\repository\io\cucumber\cucumber-core\7.8.1\cucumber-core-7.8.1.jar;C:\Users\GITA\.m2\repository\io\cucumber\cucumber-gherkin\7.8.1\cucumber-gherkin-7.8.1.jar;C:\Users\GITA\.m2\repository\io\cucumber\cucumber-gherkin-messages\7.8.1\cucumber-gherkin-messages-7.8.1.jar;C:\Users\GITA\.m2\repository\io\cucumber\gherkin\24.0.0\gherkin-24.0.0.jar;C:\Users\GITA\.m2\repository\io\cucumber\messages\19.1.4\messages-19.1.4.jar;C:\Users\GITA\.m2\repository\io\cucumber\tag-expressions\4.1.0\tag-expressions-4.1.0.jar;C:\Users\GITA\.m2\repository\io\cucumber\cucumber-expressions\16.0.0\cucumber-expressions-16.0.0.jar;C:\Users\GITA\.m2\repository\io\cucumber\datatable\7.8.1\datatable-7.8.1.jar;C:\Users\GITA\.m2\repository\io\cucumber\cucumber-plugin\7.8.1\cucumber-plugin-7.8.1.jar;C:\Users\GITA\.m2\repository\io\cucumber\docstring\7.8.1\docstring-7.8.1.jar;C:\Users\GITA\.m2\repository\io\cucumber\html-formatter\20.1.0\html-formatter-20.1.0.jar;C:\Users\GITA\.m2\repository\io\cucumber\ci-environment\9.1.0\ci-environment-9.1.0.jar;C:\Users\GITA\.m2\repository\io\cucumber\cucumber-java\7.8.1\cucumber-java-7.8.1.jar;C:\Users\GITA\.m2\repository\io\cucumber\cucumber-junit\7.8.1\cucumber-junit-7.8.1.jar;C:\Users\GITA\.m2\repository\org\apache\commons\commons-csv\1.5\commons-csv-1.5.jar;C:\Users\GITA\.m2\repository\net\serenity-bdd\serenity-screenplay\3.5.1\serenity-screenplay-3.5.1.jar;C:\Users\GITA\.m2\repository\net\serenity-bdd\serenity-screenplay-webdriver\3.5.1\serenity-screenplay-webdriver-3.5.1.jar;C:\Users\GITA\.m2\repository\net\serenity-bdd\serenity-ensure\3.5.1\serenity-ensure-3.5.1.jar;C:\Users\GITA\.m2\repository\net\serenity-bdd\serenity-junit\3.5.1\serenity-junit-3.5.1.jar;C:\Users\GITA\.m2\repository\org\jetbrains\kotlin\kotlin-stdlib\1.7.21\kotlin-stdlib-1.7.21.jar;C:\Users\GITA\.m2\repository\org\jetbrains\kotlin\kotlin-stdlib-common\1.7.21\kotlin-stdlib-common-1.7.21.jar;C:\Users\GITA\.m2\repository\org\jetbrains\annotations\13.0\annotations-13.0.jar;C:\Users\GITA\.m2\repository\org\junit\platform\junit-platform-launcher\1.8.2\junit-platform-launcher-1.8.2.jar;C:\Users\GITA\.m2\repository\org\junit\platform\junit-platform-engine\1.8.2\junit-platform-engine-1.8.2.jar;C:\Users\GITA\.m2\repository\org\junit\platform\junit-platform-commons\1.8.2\junit-platform-commons-1.8.2.jar;C:\Users\GITA\.m2\repository\org\apiguardian\apiguardian-api\1.1.2\apiguardian-api-1.1.2.jar;C:\Users\GITA\.m2\repository\org\junit\jupiter\junit-jupiter-engine\5.8.2\junit-jupiter-engine-5.8.2.jar;C:\Users\GITA\.m2\repository\org\junit\jupiter\junit-jupiter-api\5.8.2\junit-jupiter-api-5.8.2.jar;C:\Users\GITA\.m2\repository\org\junit\vintage\junit-vintage-engine\5.8.2\junit-vintage-engine-5.8.2.jar;C:\Users\GITA\.m2\repository\junit\junit\4.13.2\junit-4.13.2.jar;C:\Users\GITA\.m2\repository\org\hamcrest\hamcrest-core\1.3\hamcrest-core-1.3.jar;C:\Users\GITA\.m2\repository\ch\qos\logback\logback-classic\1.2.10\logback-classic-1.2.10.jar;C:\Users\GITA\.m2\repository\ch\qos\logback\logback-core\1.2.10\logback-core-1.2.10.jar;C:\Users\GITA\.m2\repository\org\slf4j\slf4j-api\1.7.32\slf4j-api-1.7.32.jar;C:\Users\GITA\.m2\repository\org\assertj\assertj-core\3.23.1\assertj-core-3.23.1.jar;C:\Users\GITA\.m2\repository\net\bytebuddy\byte-buddy\1.12.10\byte-buddy-1.12.10.jar;C:\Users\GITA\.m2\repository\com\googlecode\json-simple\json-simple\1.1.1\json-simple-1.1.1.jar;C:\Users\GITA\.m2\repository\org\apache\maven\surefire\surefire-junit-platform\3.0.0-M5\surefire-junit-platform-3.0.0-M5.jar;C:\Users\GITA\.m2\repository\org\apache\maven\surefire\common-java5\3.0.0-M5\common-java5-3.0.0-M5.jar"/>
    <property name="user.script" value=""/>
    <property name="sun.management.compiler" value="HotSpot 64-Bit Tiered Compilers"/>
    <property name="java.runtime.version" value="19.0.2+7-44"/>
    <property name="user.name" value="GITA"/>
    <property name="stdout.encoding" value="Cp1252"/>
    <property name="path.separator" value=";"/>
    <property name="os.version" value="10.0"/>
    <property name="java.runtime.name" value="Java(TM) SE Runtime Environment"/>
    <property name="file.encoding" value="UTF-8"/>
    <property name="webdriver.base.url" value=""/>
    <property name="java.vm.name" value="Java HotSpot(TM) 64-Bit Server VM"/>
    <property name="localRepository" value="C:\Users\GITA\.m2\repository"/>
    <property name="java.vendor.url.bug" value="https://bugreport.java.com/bugreport/"/>
    <property name="java.io.tmpdir" value="C:\Users\GITA\AppData\Local\Temp\"/>
    <property name="java.version" value="19.0.2"/>
    <property name="user.dir" value="E:\mini peoject\RestAPi"/>
    <property name="os.arch" value="amd64"/>
    <property name="java.vm.specification.name" value="Java Virtual Machine Specification"/>
    <property name="sun.os.patch.level" value=""/>
    <property name="native.encoding" value="Cp1252"/>
    <property name="java.library.path" value="C:\Program Files\Java\jdk-19\bin;C:\Windows\Sun\Java\bin;C:\Windows\system32;C:\Windows;C:\Program Files\Python311\Scripts\;C:\Program Files\Python311\;C:\Program Files\Common Files\Oracle\Java\javapath;C:\Program Files (x86)\Common Files\Oracle\Java\javapath;C:\Windows\system32;C:\Windows;C:\Windows\System32\Wbem;C:\Windows\System32\WindowsPowerShell\v1.0\;C:\Windows\System32\OpenSSH\;C:\Program Files\Java\jdk-19\bin;C:\Program Files\Git\cmd;C:\Program Files\nodejs\;C:\ProgramData\chocolatey\bin;C:\Program Files\apache-maven-3.8.8\bin;C:\Users\GITA\AppData\Local\Android\Sdk\platform-tools;C:\Program Files\Java\jdk-19;C:\Users\GITA\AppData\Local\Microsoft\WindowsApps;C:\Users\GITA\AppData\Local\Programs\Microsoft VS Code\bin;C:\Users\GITA\AppData\Local\GitHubDesktop\bin;C:\Users\GITA\AppData\Roaming\npm;C:\Users\GITA\AppData\Roaming\Python\Python311\Scripts;C:\Program Files\Java\jdk-19\bin;C:\Program Files\Git\cmd;;."/>
    <property name="java.vm.info" value="mixed mode"/>
    <property name="stderr.encoding" value="Cp1252"/>
    <property name="java.vendor" value="Oracle Corporation"/>
    <property name="java.vm.version" value="19.0.2+7-44"/>
    <property name="sun.io.unicode.encoding" value="UnicodeLittle"/>
    <property name="java.class.version" value="63.0"/>
  </properties>
  <testcase name="Register using a valid full name, email and password" classname="Authentication" time="12.108">
    <system-out><![CDATA[12:03:50.023 [main] DEBUG net.thucydides.core.guice.Injectors - Created injector for module net.thucydides.core.guice.ThucydidesModule
12:03:51.094 [main] INFO io.cucumber.core.plugin.SerenityReporter - Running feature from file:///E:/mini%20peoject/RestAPi/src/test/resources/api/Authentication.feature
12:03:51.095 [main] WARN io.cucumber.core.plugin.SerenityReporter - Feature from file:///E:/mini%20peoject/RestAPi/src/test/resources/api/Authentication.feature is not under the 'features' directory. Requirements report will not be correctly generated!
12:03:51.523 [main] DEBUG net.thucydides.core.guice.Injectors - Created injector for module net.thucydides.core.guice.webdriver.WebDriverModule
12:03:51.563 [main] INFO  - 

-------------------------------------------------------------------------------------
     _______. _______ .______       _______ .__   __.  __  .___________.____    ____ 
    /       ||   ____||   _  \     |   ____||  \ |  | |  | |           |\   \  /   / 
   |   (----`|  |__   |  |_)  |    |  |__   |   \|  | |  | `---|  |----` \   \/   /  
    \   \    |   __|  |      /     |   __|  |  . `  | |  |     |  |       \_    _/   
.----)   |   |  |____ |  |\  \----.|  |____ |  |\   | |  |     |  |         |  |     
|_______/    |_______|| _| `._____||_______||__| \__| |__|     |__|         |__|    
                                                                                     
 News and tutorials at http://www.serenity-bdd.info                                  
 Documentation at https://wakaleo.gitbooks.io/the-serenity-book/content/             
 Join the Serenity Community on Gitter: https://gitter.im/serenity-bdd/serenity-core 
 Serenity BDD Support and Training at http://serenity-bdd.info/#/trainingandsupport  
-------------------------------------------------------------------------------------

12:03:51.570 [main] DEBUG net.thucydides.core.steps.StepEventBus - Test suite started for story net.thucydides.core.model.Story@ca9e30c4
12:03:51.599 [main] INFO  - Test Suite Started: Authentication
12:03:51.634 [main] INFO io.cucumber.core.plugin.SerenityReporter - Running feature from file:///E:/mini%20peoject/RestAPi/src/test/resources/api/Produk.feature
12:03:51.635 [main] WARN io.cucumber.core.plugin.SerenityReporter - Feature from file:///E:/mini%20peoject/RestAPi/src/test/resources/api/Produk.feature is not under the 'features' directory. Requirements report will not be correctly generated!
12:03:51.678 [main] DEBUG net.thucydides.core.steps.StepEventBus - Test suite started for story net.thucydides.core.model.Story@55ef6c0d
12:03:51.680 [main] INFO  - Test Suite Started: Products
12:03:51.681 [main] INFO io.cucumber.core.plugin.SerenityReporter - Running feature from file:///E:/mini%20peoject/RestAPi/src/test/resources/api/order.feature
12:03:51.681 [main] WARN io.cucumber.core.plugin.SerenityReporter - Feature from file:///E:/mini%20peoject/RestAPi/src/test/resources/api/order.feature is not under the 'features' directory. Requirements report will not be correctly generated!
12:03:51.695 [main] DEBUG net.thucydides.core.steps.StepEventBus - Test suite started for story net.thucydides.core.model.Story@f12b04ac
12:03:51.697 [main] INFO  - Test Suite Started: Order
12:03:51.698 [main] INFO io.cucumber.core.plugin.SerenityReporter - Running feature from file:///E:/mini%20peoject/RestAPi/src/test/resources/api/productcategory.feature
12:03:51.699 [main] WARN io.cucumber.core.plugin.SerenityReporter - Feature from file:///E:/mini%20peoject/RestAPi/src/test/resources/api/productcategory.feature is not under the 'features' directory. Requirements report will not be correctly generated!
12:03:51.712 [main] DEBUG net.thucydides.core.steps.StepEventBus - Test suite started for story net.thucydides.core.model.Story@ad8c0c9b
12:03:51.714 [main] INFO  - Test Suite Started: Category
12:03:51.715 [main] INFO io.cucumber.core.plugin.SerenityReporter - Running feature from file:///E:/mini%20peoject/RestAPi/src/test/resources/api/Authentication.feature
12:03:51.716 [main] WARN io.cucumber.core.plugin.SerenityReporter - Feature from file:///E:/mini%20peoject/RestAPi/src/test/resources/api/Authentication.feature is not under the 'features' directory. Requirements report will not be correctly generated!
12:03:51.724 [main] DEBUG net.thucydides.core.steps.StepEventBus - Test suite started for story net.thucydides.core.model.Story@ca9e30c4
12:03:51.725 [main] INFO  - Test Suite Started: Authentication

Scenario: Register using a valid full name, email and password                                                                           &amp#27;[90m# src/test/resources/api/Authentication.feature:3&amp#27;[0m
12:03:52.044 [main] INFO io.cucumber.core.plugin.SerenityReporter - Running feature from file:///E:/mini%20peoject/RestAPi/src/test/resources/api/Authentication.feature
12:03:52.044 [main] WARN io.cucumber.core.plugin.SerenityReporter - Feature from file:///E:/mini%20peoject/RestAPi/src/test/resources/api/Authentication.feature is not under the 'features' directory. Requirements report will not be correctly generated!
12:03:52.326 [main] INFO  - 
  _____   ___   ___   _____     ___   _____     _     ___   _____   ___   ___  
 |_   _| | __| / __| |_   _|   / __| |_   _|   /_\   | _ \ |_   _| | __| |   \ 
   | |   | _|  \__ \   | |     \__ \   | |    / _ \  |   /   | |   | _|  | |) |
   |_|   |___| |___/   |_|     |___/   |_|   /_/ \_\ |_|_\   |_|   |___| |___/ 

Register using a valid full name, email and password(authentication;register-using-a-valid-full-name--email-and-password)
--------------------------------------------------------------------------------
12:03:53.589 [main] DEBUG net.thucydides.core.steps.StepInterceptor - STARTING STEP: LoginSteps.iRegisterUsingTheCorrectData - I register using the correct data
12:03:53.593 [main] DEBUG net.thucydides.core.steps.StepInterceptor - STEP DONE: I register using the correct data
  &amp#27;[32mGiven &amp#27;[0m&amp#27;[32mI register using the correct data&amp#27;[0m                                                                                                &amp#27;[90m# starter.stepdefinitions.LoginSteps.iRegisterUsingTheCorrectData()&amp#27;[0m
12:03:53.626 [main] DEBUG net.thucydides.core.steps.StepInterceptor - STARTING STEP: LoginSteps.iSubmitAPOSTRequestToWithFullnameEmailAndPassword - I submit a POST request to {string} with fullname Gita Leoni Dwi Fripta, email Fripta21@gmail.com and password Fripta34
12:03:59.815 [main] DEBUG net.thucydides.core.steps.StepInterceptor - STARTING STEP: Register.POSTRequestToWithFullnameEmailAndPassword - I register using the correct data
12:03:59.816 [main] DEBUG net.thucydides.core.steps.StepInterceptor - STEP DONE: I register using the correct data
12:04:02.826 [main] DEBUG org.apache.http.impl.conn.BasicClientConnectionManager - Get connection for route {s}->https://altashop-api.fly.dev:443
12:04:02.869 [main] DEBUG org.apache.http.impl.conn.DefaultClientConnectionOperator - Connecting to altashop-api.fly.dev:443
12:04:03.517 [main] DEBUG org.apache.http.client.protocol.RequestAddCookies - CookieSpec selected: ignoreCookies
12:04:03.520 [main] DEBUG org.apache.http.client.protocol.RequestAuthCache - Auth cache not set in the context
12:04:03.521 [main] DEBUG org.apache.http.client.protocol.RequestTargetAuthentication - Target auth state: UNCHALLENGED
12:04:03.523 [main] DEBUG org.apache.http.client.protocol.RequestProxyAuthentication - Proxy auth state: UNCHALLENGED
12:04:03.526 [main] DEBUG org.apache.http.impl.client.DefaultHttpClient - Attempt 1 to execute request
12:04:03.526 [main] DEBUG org.apache.http.impl.conn.DefaultClientConnection - Sending request: POST /api/auth/register HTTP/1.1
12:04:03.527 [main] DEBUG org.apache.http.wire -  >> "POST /api/auth/register HTTP/1.1[\r][\n]"
12:04:03.529 [main] DEBUG org.apache.http.wire -  >> "Accept: */*[\r][\n]"
12:04:03.529 [main] DEBUG org.apache.http.wire -  >> "Content-Type: application/json[\r][\n]"
12:04:03.530 [main] DEBUG org.apache.http.wire -  >> "Content-Length: 79[\r][\n]"
12:04:03.530 [main] DEBUG org.apache.http.wire -  >> "Host: altashop-api.fly.dev[\r][\n]"
12:04:03.530 [main] DEBUG org.apache.http.wire -  >> "Connection: Keep-Alive[\r][\n]"
12:04:03.531 [main] DEBUG org.apache.http.wire -  >> "User-Agent: Apache-HttpClient/4.5.13 (Java/19.0.2)[\r][\n]"
12:04:03.531 [main] DEBUG org.apache.http.wire -  >> "Accept-Encoding: gzip,deflate[\r][\n]"
12:04:03.531 [main] DEBUG org.apache.http.wire -  >> "[\r][\n]"
12:04:03.532 [main] DEBUG org.apache.http.headers - >> POST /api/auth/register HTTP/1.1
12:04:03.532 [main] DEBUG org.apache.http.headers - >> Accept: */*
12:04:03.532 [main] DEBUG org.apache.http.headers - >> Content-Type: application/json
12:04:03.532 [main] DEBUG org.apache.http.headers - >> Content-Length: 79
12:04:03.533 [main] DEBUG org.apache.http.headers - >> Host: altashop-api.fly.dev
12:04:03.533 [main] DEBUG org.apache.http.headers - >> Connection: Keep-Alive
12:04:03.533 [main] DEBUG org.apache.http.headers - >> User-Agent: Apache-HttpClient/4.5.13 (Java/19.0.2)
12:04:03.533 [main] DEBUG org.apache.http.headers - >> Accept-Encoding: gzip,deflate
12:04:03.534 [main] DEBUG org.apache.http.wire -  >> "{"password":"testing123m","fullname":"testing123","email":"ffaaadce@gmail.com"}"
12:04:03.627 [main] DEBUG org.apache.http.wire -  << "HTTP/1.1 200 OK[\r][\n]"
12:04:03.629 [main] DEBUG org.apache.http.wire -  << "content-type: application/json[\r][\n]"
12:04:03.629 [main] DEBUG org.apache.http.wire -  << "date: Sun, 07 May 2023 05:04:04 GMT[\r][\n]"
12:04:03.630 [main] DEBUG org.apache.http.wire -  << "content-encoding: gzip[\r][\n]"
12:04:03.630 [main] DEBUG org.apache.http.wire -  << "transfer-encoding: chunked[\r][\n]"
12:04:03.630 [main] DEBUG org.apache.http.wire -  << "server: Fly/3f2597ca (2023-05-03)[\r][\n]"
12:04:03.630 [main] DEBUG org.apache.http.wire -  << "via: 1.1 fly.io[\r][\n]"
12:04:03.630 [main] DEBUG org.apache.http.wire -  << "fly-request-id: 01GZT9GX6F2AQNAKYD2TV87WC3-sin[\r][\n]"
12:04:03.630 [main] DEBUG org.apache.http.wire -  << "[\r][\n]"
12:04:03.631 [main] DEBUG org.apache.http.impl.conn.DefaultClientConnection - Receiving response: HTTP/1.1 200 OK
12:04:03.632 [main] DEBUG org.apache.http.headers - << HTTP/1.1 200 OK
12:04:03.632 [main] DEBUG org.apache.http.headers - << content-type: application/json
12:04:03.632 [main] DEBUG org.apache.http.headers - << date: Sun, 07 May 2023 05:04:04 GMT
12:04:03.632 [main] DEBUG org.apache.http.headers - << content-encoding: gzip
12:04:03.632 [main] DEBUG org.apache.http.headers - << transfer-encoding: chunked
12:04:03.632 [main] DEBUG org.apache.http.headers - << server: Fly/3f2597ca (2023-05-03)
12:04:03.632 [main] DEBUG org.apache.http.headers - << via: 1.1 fly.io
12:04:03.632 [main] DEBUG org.apache.http.headers - << fly-request-id: 01GZT9GX6F2AQNAKYD2TV87WC3-sin
12:04:03.640 [main] DEBUG org.apache.http.impl.client.DefaultHttpClient - Connection can be kept alive indefinitely
12:04:03.649 [main] DEBUG io.restassured.internal.RestAssuredHttpBuilder - Parsing response as: application/json
12:04:03.651 [main] DEBUG org.apache.http.wire -  << "6B[\r][\n]"
12:04:03.651 [main] DEBUG org.apache.http.wire -  << "[0x1f][0x8b][0x8][0x0][0x0][0x0][0x0][0x0][0x4][0xff][0xab]VJI,IT[0xb2][0xaa]V[0xf2]tQ[0xb2]22000[0xd7]Qr+[0xcd][0xc9][0xc9]K[0xcc]MU[0xb2]R*I-.[0xc9][0xcc]K742V[0xd2]Qr[0xcd]M[0xcc][0xcc]Q[0xb2]RJKKLLLINuH[0x7][0x9][0xe8]%[0xe7][0xe7]*[0xe9]([0x5]$[0x16][0x17][0x97][0xe7][0x17][0xa5][0xa0]h[0xca]U[0xaa][0xad][0xe5][0x2][0x0][0xa5][0x8d][0xa9]4d[0x0][0x0][0x0]"
12:04:03.651 [main] DEBUG org.apache.http.wire -  << "[\r][\n]"
12:04:03.652 [main] DEBUG org.apache.http.wire -  << "0[\r][\n]"
12:04:03.652 [main] DEBUG org.apache.http.wire -  << "[\r][\n]"
12:04:03.653 [main] DEBUG io.restassured.internal.RestAssuredHttpBuilder - Parsed data to instance of: class org.apache.http.conn.EofSensorInputStream
12:04:03.733 [main] DEBUG org.apache.http.impl.conn.BasicClientConnectionManager - Releasing connection org.apache.http.impl.conn.ManagedClientConnectionImpl@24de63b
12:04:03.733 [main] DEBUG org.apache.http.impl.conn.BasicClientConnectionManager - Connection can be kept alive indefinitely
12:04:03.742 [main] DEBUG net.thucydides.core.steps.StepInterceptor - STEP DONE: I submit a POST request to {string} with fullname Gita Leoni Dwi Fripta, email Fripta21@gmail.com and password Fripta34
  &amp#27;[32mWhen &amp#27;[0m&amp#27;[32mI submit a POST request to &amp#27;[0m&amp#27;[32m&amp#27;[1m"/auth/register"&amp#27;[0m&amp#27;[32m with fullname &amp#27;[0m&amp#27;[32m&amp#27;[1m"testing123"&amp#27;[0m&amp#27;[32m, email &amp#27;[0m&amp#27;[32m&amp#27;[1m"testing12388@gmail.com"&amp#27;[0m&amp#27;[32m and password &amp#27;[0m&amp#27;[32m&amp#27;[1m"testing123m"&amp#27;[0m &amp#27;[90m# starter.stepdefinitions.LoginSteps.iSubmitAPOSTRequestToWithFullnameEmailAndPassword(java.lang.String,java.lang.String,java.lang.String,java.lang.String)&amp#27;[0m
12:04:03.755 [main] DEBUG net.thucydides.core.steps.StepInterceptor - STARTING STEP: LoginSteps.iReceiveValidHTTPResponseCodeRegister - I receive valid HTTP response code register 200
12:04:03.812 [main] DEBUG net.thucydides.core.steps.StepInterceptor - STEP DONE: I receive valid HTTP response code register 200
  &amp#27;[32mThen &amp#27;[0m&amp#27;[32mI receive valid HTTP response code register &amp#27;[0m&amp#27;[32m&amp#27;[1m200&amp#27;[0m                                                                                   &amp#27;[90m# starter.stepdefinitions.LoginSteps.iReceiveValidHTTPResponseCodeRegister(int)&amp#27;[0m
12:04:03.821 [main] DEBUG net.thucydides.core.steps.StepInterceptor - STARTING STEP: LoginSteps.registerSuccessfully - register successfully
12:04:03.823 [main] DEBUG net.thucydides.core.steps.StepInterceptor - STEP DONE: register successfully
  &amp#27;[32mAnd &amp#27;[0m&amp#27;[32mregister successfully&amp#27;[0m                                                                                                              &amp#27;[90m# starter.stepdefinitions.LoginSteps.registerSuccessfully()&amp#27;[0m
12:04:03.832 [main] INFO  - 
  _____   ___   ___   _____     ___     _     ___   ___   ___   ___  
 |_   _| | __| / __| |_   _|   | _ \   /_\   / __| / __| | __| |   \ 
   | |   | _|  \__ \   | |     |  _/  / _ \  \__ \ \__ \ | _|  | |) |
   |_|   |___| |___/   |_|     |_|   /_/ \_\ |___/ |___/ |___| |___/ 

Register using a valid full name, email and password
----------------------------------------------------------------------
]]></system-out>
  </testcase>
  <testcase name="Login with registered or correct email and password" classname="Authentication" time="0.417">
    <system-out><![CDATA[
Scenario: Login with registered or correct email and password                                           &amp#27;[90m# src/test/resources/api/Authentication.feature:9&amp#27;[0m
12:04:03.931 [main] INFO io.cucumber.core.plugin.SerenityReporter - Running feature from file:///E:/mini%20peoject/RestAPi/src/test/resources/api/Authentication.feature
12:04:03.932 [main] WARN io.cucumber.core.plugin.SerenityReporter - Feature from file:///E:/mini%20peoject/RestAPi/src/test/resources/api/Authentication.feature is not under the 'features' directory. Requirements report will not be correctly generated!
12:04:03.946 [main] INFO  - 
  _____   ___   ___   _____     ___   _____     _     ___   _____   ___   ___  
 |_   _| | __| / __| |_   _|   / __| |_   _|   /_\   | _ \ |_   _| | __| |   \ 
   | |   | _|  \__ \   | |     \__ \   | |    / _ \  |   /   | |   | _|  | |) |
   |_|   |___| |___/   |_|     |___/   |_|   /_/ \_\ |_|_\   |_|   |___| |___/ 

Login with registered or correct email and password(authentication;login-with-registered-or-correct-email-and-password)
--------------------------------------------------------------------------------
12:04:04.012 [main] DEBUG net.thucydides.core.steps.StepInterceptor - STARTING STEP: LoginSteps.iHaveValidCredentials - I have valid credentials
12:04:04.013 [main] DEBUG net.thucydides.core.steps.StepInterceptor - STEP DONE: I have valid credentials
  &amp#27;[32mGiven &amp#27;[0m&amp#27;[32mI have valid credentials&amp#27;[0m                                                                        &amp#27;[90m# starter.stepdefinitions.LoginSteps.iHaveValidCredentials()&amp#27;[0m
12:04:04.031 [main] DEBUG net.thucydides.core.steps.StepInterceptor - STARTING STEP: LoginSteps.iSubmitAPOSTRequestToWithEmailAndPassword - I submit a POST request to {string} with email Fripta21@gmail.com and password Fripta34
12:04:04.037 [main] DEBUG net.thucydides.core.steps.StepInterceptor - STARTING STEP: Login.iSubmitAPOSTRequestToWithEmailAndPassword - I have valid credentials
12:04:04.038 [main] DEBUG net.thucydides.core.steps.StepInterceptor - STEP DONE: I have valid credentials
12:04:04.094 [main] DEBUG org.apache.http.impl.conn.BasicClientConnectionManager - Get connection for route {s}->https://altashop-api.fly.dev:443
12:04:04.095 [main] DEBUG org.apache.http.impl.conn.DefaultClientConnectionOperator - Connecting to altashop-api.fly.dev:443
12:04:04.191 [main] DEBUG org.apache.http.client.protocol.RequestAddCookies - CookieSpec selected: ignoreCookies
12:04:04.191 [main] DEBUG org.apache.http.client.protocol.RequestAuthCache - Auth cache not set in the context
12:04:04.192 [main] DEBUG org.apache.http.client.protocol.RequestTargetAuthentication - Target auth state: UNCHALLENGED
12:04:04.192 [main] DEBUG org.apache.http.client.protocol.RequestProxyAuthentication - Proxy auth state: UNCHALLENGED
12:04:04.192 [main] DEBUG org.apache.http.impl.client.DefaultHttpClient - Attempt 1 to execute request
12:04:04.192 [main] DEBUG org.apache.http.impl.conn.DefaultClientConnection - Sending request: POST /api/auth/login HTTP/1.1
12:04:04.192 [main] DEBUG org.apache.http.wire -  >> "POST /api/auth/login HTTP/1.1[\r][\n]"
12:04:04.193 [main] DEBUG org.apache.http.wire -  >> "Accept: */*[\r][\n]"
12:04:04.193 [main] DEBUG org.apache.http.wire -  >> "Content-Type: application/json[\r][\n]"
12:04:04.193 [main] DEBUG org.apache.http.wire -  >> "Content-Length: 53[\r][\n]"
12:04:04.193 [main] DEBUG org.apache.http.wire -  >> "Host: altashop-api.fly.dev[\r][\n]"
12:04:04.193 [main] DEBUG org.apache.http.wire -  >> "Connection: Keep-Alive[\r][\n]"
12:04:04.193 [main] DEBUG org.apache.http.wire -  >> "User-Agent: Apache-HttpClient/4.5.13 (Java/19.0.2)[\r][\n]"
12:04:04.194 [main] DEBUG org.apache.http.wire -  >> "Accept-Encoding: gzip,deflate[\r][\n]"
12:04:04.194 [main] DEBUG org.apache.http.wire -  >> "[\r][\n]"
12:04:04.194 [main] DEBUG org.apache.http.headers - >> POST /api/auth/login HTTP/1.1
12:04:04.194 [main] DEBUG org.apache.http.headers - >> Accept: */*
12:04:04.194 [main] DEBUG org.apache.http.headers - >> Content-Type: application/json
12:04:04.194 [main] DEBUG org.apache.http.headers - >> Content-Length: 53
12:04:04.194 [main] DEBUG org.apache.http.headers - >> Host: altashop-api.fly.dev
12:04:04.194 [main] DEBUG org.apache.http.headers - >> Connection: Keep-Alive
12:04:04.194 [main] DEBUG org.apache.http.headers - >> User-Agent: Apache-HttpClient/4.5.13 (Java/19.0.2)
12:04:04.194 [main] DEBUG org.apache.http.headers - >> Accept-Encoding: gzip,deflate
12:04:04.195 [main] DEBUG org.apache.http.wire -  >> "{"password":"gitale88","email":"gitalee21@gmail.com"}"
12:04:04.231 [main] DEBUG org.apache.http.wire -  << "HTTP/1.1 200 OK[\r][\n]"
12:04:04.231 [main] DEBUG org.apache.http.wire -  << "content-type: application/json[\r][\n]"
12:04:04.231 [main] DEBUG org.apache.http.wire -  << "date: Sun, 07 May 2023 05:04:05 GMT[\r][\n]"
12:04:04.232 [main] DEBUG org.apache.http.wire -  << "content-encoding: gzip[\r][\n]"
12:04:04.232 [main] DEBUG org.apache.http.wire -  << "transfer-encoding: chunked[\r][\n]"
12:04:04.232 [main] DEBUG org.apache.http.wire -  << "server: Fly/3f2597ca (2023-05-03)[\r][\n]"
12:04:04.232 [main] DEBUG org.apache.http.wire -  << "via: 1.1 fly.io[\r][\n]"
12:04:04.232 [main] DEBUG org.apache.http.wire -  << "fly-request-id: 01GZT9GXV2QZZVZADXDN3WAE1R-sin[\r][\n]"
12:04:04.232 [main] DEBUG org.apache.http.wire -  << "[\r][\n]"
12:04:04.232 [main] DEBUG org.apache.http.impl.conn.DefaultClientConnection - Receiving response: HTTP/1.1 200 OK
12:04:04.232 [main] DEBUG org.apache.http.headers - << HTTP/1.1 200 OK
12:04:04.233 [main] DEBUG org.apache.http.headers - << content-type: application/json
12:04:04.233 [main] DEBUG org.apache.http.headers - << date: Sun, 07 May 2023 05:04:05 GMT
12:04:04.233 [main] DEBUG org.apache.http.headers - << content-encoding: gzip
12:04:04.233 [main] DEBUG org.apache.http.headers - << transfer-encoding: chunked
12:04:04.233 [main] DEBUG org.apache.http.headers - << server: Fly/3f2597ca (2023-05-03)
12:04:04.233 [main] DEBUG org.apache.http.headers - << via: 1.1 fly.io
12:04:04.233 [main] DEBUG org.apache.http.headers - << fly-request-id: 01GZT9GXV2QZZVZADXDN3WAE1R-sin
12:04:04.234 [main] DEBUG org.apache.http.impl.client.DefaultHttpClient - Connection can be kept alive indefinitely
12:04:04.234 [main] DEBUG io.restassured.internal.RestAssuredHttpBuilder - Parsing response as: application/json
12:04:04.234 [main] DEBUG org.apache.http.wire -  << "BD[\r][\n]"
12:04:04.234 [main] DEBUG org.apache.http.wire -  << "[0x1f][0x8b][0x8][0x0][0x0][0x0][0x0][0x0][0x4][0xff][0xab]VJI,IT[0xb2]RJ[0xad][0xf4][0xca]HrO[0xce][0xf4][0xcf][0xf4][0xf2][0xc][0xad][0xf2]4[0xf4][0xcb][0xf4],[0xf6][0xcc][0xb]2Mv[0xf6]4[0xf3][0xcc].[0x88][0x8]s[0xf6][0xb2][0xd4]K[0xad][0xf4]rO[0x9][0xaf](N[0xca]u+[0x89][\n]"
12:04:04.234 [main] DEBUG org.apache.http.wire -  << "[0x6]I[0xa4][0x14][0xa4][0xb8][0xbb][0xa6][0x87][0xb8][0x87][0x95]%[0xe5]f[0xa7]Gy[0xa4][0x14]x[0xba]GU&F8f[0xfa]8{[0xb9]%[0x85][0xbb][0x15]$[0x81][0xc][0xc8][0x5][0xa9]s+[0x8e][\n]"
12:04:04.235 [main] DEBUG org.apache.http.wire -  << "[0xf][0xad][0xf4][\r]u[0xca][0x83][0x88][0x9b]f%[0x19][0x19]d[0xa6][0x5][0xea][0x85][0xb8][0x17][0x7][0x95]8[0x7][0x1b][0xc6][0x87][0x9b][0xa6][0x5][0xe6]W[0xf8]T[0x84][0x5][0xfb]f[0xb8]d[0xe7]E[0xc4][0x97][0xe6][0x7][0x85][0x95][0xc7][0x1b][0x94]D:[0xbb][0x17][0x1b][0x6][0x97][0x84][0xb9]*[0xd5]r[0x1][0x0]9([0x99]z[0xb3][0x0][0x0][0x0]"
12:04:04.235 [main] DEBUG org.apache.http.wire -  << "[\r][\n]"
12:04:04.235 [main] DEBUG org.apache.http.wire -  << "0[\r][\n]"
12:04:04.235 [main] DEBUG org.apache.http.wire -  << "[\r][\n]"
12:04:04.235 [main] DEBUG io.restassured.internal.RestAssuredHttpBuilder - Parsed data to instance of: class org.apache.http.conn.EofSensorInputStream
12:04:04.239 [main] DEBUG org.apache.http.impl.conn.BasicClientConnectionManager - Releasing connection org.apache.http.impl.conn.ManagedClientConnectionImpl@5e020dd1
12:04:04.239 [main] DEBUG org.apache.http.impl.conn.BasicClientConnectionManager - Connection can be kept alive indefinitely
12:04:04.241 [main] DEBUG net.thucydides.core.steps.StepInterceptor - STEP DONE: I submit a POST request to {string} with email Fripta21@gmail.com and password Fripta34
  &amp#27;[32mWhen &amp#27;[0m&amp#27;[32mI submit a POST request to &amp#27;[0m&amp#27;[32m&amp#27;[1m"/auth/login"&amp#27;[0m&amp#27;[32m with email &amp#27;[0m&amp#27;[32m&amp#27;[1m"Fripta21@gmail.com"&amp#27;[0m&amp#27;[32m and password &amp#27;[0m&amp#27;[32m&amp#27;[1m"Fripta34"&amp#27;[0m &amp#27;[90m# starter.stepdefinitions.LoginSteps.iSubmitAPOSTRequestToWithEmailAndPassword(java.lang.String,java.lang.String,java.lang.String)&amp#27;[0m
12:04:04.250 [main] DEBUG net.thucydides.core.steps.StepInterceptor - STARTING STEP: LoginSteps.iShouldGetAResponseCode - I receive valid HTTP response code Login 200
12:04:04.252 [main] DEBUG net.thucydides.core.steps.StepInterceptor - STEP DONE: I receive valid HTTP response code Login 200
  &amp#27;[32mThen &amp#27;[0m&amp#27;[32mI receive valid HTTP response code Login &amp#27;[0m&amp#27;[32m&amp#27;[1m200&amp#27;[0m                                                     &amp#27;[90m# starter.stepdefinitions.LoginSteps.iShouldGetAResponseCode(int)&amp#27;[0m
12:04:04.258 [main] INFO  - 
  _____   ___   ___   _____     ___     _     ___   ___   ___   ___  
 |_   _| | __| / __| |_   _|   | _ \   /_\   / __| / __| | __| |   \ 
   | |   | _|  \__ \   | |     |  _/  / _ \  \__ \ \__ \ | _|  | |) |
   |_|   |___| |___/   |_|     |_|   /_/ \_\ |___/ |___/ |___| |___/ 

Login with registered or correct email and password
----------------------------------------------------------------------
]]></system-out>
  </testcase>
  <testcase name="view user information" classname="Authentication" time="0.466">
    <system-out><![CDATA[
Scenario: view user information                                        &amp#27;[90m# src/test/resources/api/Authentication.feature:15&amp#27;[0m
12:04:04.316 [main] INFO io.cucumber.core.plugin.SerenityReporter - Running feature from file:///E:/mini%20peoject/RestAPi/src/test/resources/api/Authentication.feature
12:04:04.316 [main] WARN io.cucumber.core.plugin.SerenityReporter - Feature from file:///E:/mini%20peoject/RestAPi/src/test/resources/api/Authentication.feature is not under the 'features' directory. Requirements report will not be correctly generated!
12:04:04.358 [main] INFO  - 
  _____   ___   ___   _____     ___   _____     _     ___   _____   ___   ___  
 |_   _| | __| / __| |_   _|   / __| |_   _|   /_\   | _ \ |_   _| | __| |   \ 
   | |   | _|  \__ \   | |     \__ \   | |    / _ \  |   /   | |   | _|  | |) |
   |_|   |___| |___/   |_|     |___/   |_|   /_/ \_\ |_|_\   |_|   |___| |___/ 

view user information(authentication;view-user-information)
--------------------------------------------------------------------------------
12:04:04.408 [main] DEBUG net.thucydides.core.steps.StepInterceptor - STARTING STEP: LoginSteps.iSetGETEndpoints - I set GET endpoints
12:04:04.409 [main] DEBUG net.thucydides.core.steps.StepInterceptor - STEP DONE: I set GET endpoints
  &amp#27;[32mGiven &amp#27;[0m&amp#27;[32mI set GET endpoints&amp#27;[0m                                            &amp#27;[90m# starter.stepdefinitions.LoginSteps.iSetGETEndpoints()&amp#27;[0m
12:04:04.429 [main] DEBUG net.thucydides.core.steps.StepInterceptor - STARTING STEP: LoginSteps.iSendAGETRequestToTheUserAPIEndpoints - I send GET HTTP request
12:04:04.435 [main] DEBUG net.thucydides.core.steps.StepInterceptor - STARTING STEP: Information.iSendAGETRequestToTheUserAPIEndpoints - I set GET endpoints
12:04:04.436 [main] DEBUG net.thucydides.core.steps.StepInterceptor - STEP DONE: I set GET endpoints
12:04:04.554 [main] DEBUG org.apache.http.impl.conn.BasicClientConnectionManager - Get connection for route {s}->https://altashop-api.fly.dev:443
12:04:04.555 [main] DEBUG org.apache.http.impl.conn.DefaultClientConnectionOperator - Connecting to altashop-api.fly.dev:443
12:04:04.651 [main] DEBUG org.apache.http.client.protocol.RequestAddCookies - CookieSpec selected: ignoreCookies
12:04:04.651 [main] DEBUG org.apache.http.client.protocol.RequestAuthCache - Auth cache not set in the context
12:04:04.652 [main] DEBUG org.apache.http.client.protocol.RequestProxyAuthentication - Proxy auth state: UNCHALLENGED
12:04:04.652 [main] DEBUG org.apache.http.impl.client.DefaultHttpClient - Attempt 1 to execute request
12:04:04.652 [main] DEBUG org.apache.http.impl.conn.DefaultClientConnection - Sending request: GET /api/auth/info HTTP/1.1
12:04:04.653 [main] DEBUG org.apache.http.wire -  >> "GET /api/auth/info HTTP/1.1[\r][\n]"
12:04:04.653 [main] DEBUG org.apache.http.wire -  >> "Authorization: Bearer eyJhbGciOiJIUzI1NiIsInR5cCI6IkpXVCJ9.eyJGdWxsbmFtZSI6IkdpdGEgTGVvbmkgZHdpIGZyaXAiLCJFbWFpbCI6ImdpdGFsZWUyMUBnbWFpbC5jb20ifQ.TGsRtCS1_W5fQoxLxVSMhDknX_uoRVw_0tYCGs1StVE[\r][\n]"
12:04:04.653 [main] DEBUG org.apache.http.wire -  >> "Accept: */*[\r][\n]"
12:04:04.654 [main] DEBUG org.apache.http.wire -  >> "Host: altashop-api.fly.dev[\r][\n]"
12:04:04.654 [main] DEBUG org.apache.http.wire -  >> "Connection: Keep-Alive[\r][\n]"
12:04:04.654 [main] DEBUG org.apache.http.wire -  >> "User-Agent: Apache-HttpClient/4.5.13 (Java/19.0.2)[\r][\n]"
12:04:04.654 [main] DEBUG org.apache.http.wire -  >> "Accept-Encoding: gzip,deflate[\r][\n]"
12:04:04.654 [main] DEBUG org.apache.http.wire -  >> "[\r][\n]"
12:04:04.654 [main] DEBUG org.apache.http.headers - >> GET /api/auth/info HTTP/1.1
12:04:04.654 [main] DEBUG org.apache.http.headers - >> Authorization: Bearer eyJhbGciOiJIUzI1NiIsInR5cCI6IkpXVCJ9.eyJGdWxsbmFtZSI6IkdpdGEgTGVvbmkgZHdpIGZyaXAiLCJFbWFpbCI6ImdpdGFsZWUyMUBnbWFpbC5jb20ifQ.TGsRtCS1_W5fQoxLxVSMhDknX_uoRVw_0tYCGs1StVE
12:04:04.655 [main] DEBUG org.apache.http.headers - >> Accept: */*
12:04:04.655 [main] DEBUG org.apache.http.headers - >> Host: altashop-api.fly.dev
12:04:04.655 [main] DEBUG org.apache.http.headers - >> Connection: Keep-Alive
12:04:04.655 [main] DEBUG org.apache.http.headers - >> User-Agent: Apache-HttpClient/4.5.13 (Java/19.0.2)
12:04:04.655 [main] DEBUG org.apache.http.headers - >> Accept-Encoding: gzip,deflate
12:04:04.690 [main] DEBUG org.apache.http.wire -  << "HTTP/1.1 200 OK[\r][\n]"
12:04:04.690 [main] DEBUG org.apache.http.wire -  << "content-type: application/json[\r][\n]"
12:04:04.690 [main] DEBUG org.apache.http.wire -  << "date: Sun, 07 May 2023 05:04:05 GMT[\r][\n]"
12:04:04.691 [main] DEBUG org.apache.http.wire -  << "content-encoding: gzip[\r][\n]"
12:04:04.691 [main] DEBUG org.apache.http.wire -  << "transfer-encoding: chunked[\r][\n]"
12:04:04.691 [main] DEBUG org.apache.http.wire -  << "server: Fly/3f2597ca (2023-05-03)[\r][\n]"
12:04:04.691 [main] DEBUG org.apache.http.wire -  << "via: 1.1 fly.io[\r][\n]"
12:04:04.691 [main] DEBUG org.apache.http.wire -  << "fly-request-id: 01GZT9GY9E1GM0QF9N470PB1JX-sin[\r][\n]"
12:04:04.691 [main] DEBUG org.apache.http.wire -  << "[\r][\n]"
12:04:04.691 [main] DEBUG org.apache.http.impl.conn.DefaultClientConnection - Receiving response: HTTP/1.1 200 OK
12:04:04.691 [main] DEBUG org.apache.http.headers - << HTTP/1.1 200 OK
12:04:04.692 [main] DEBUG org.apache.http.headers - << content-type: application/json
12:04:04.692 [main] DEBUG org.apache.http.headers - << date: Sun, 07 May 2023 05:04:05 GMT
12:04:04.692 [main] DEBUG org.apache.http.headers - << content-encoding: gzip
12:04:04.692 [main] DEBUG org.apache.http.headers - << transfer-encoding: chunked
12:04:04.692 [main] DEBUG org.apache.http.headers - << server: Fly/3f2597ca (2023-05-03)
12:04:04.692 [main] DEBUG org.apache.http.headers - << via: 1.1 fly.io
12:04:04.692 [main] DEBUG org.apache.http.headers - << fly-request-id: 01GZT9GY9E1GM0QF9N470PB1JX-sin
12:04:04.692 [main] DEBUG org.apache.http.impl.client.DefaultHttpClient - Connection can be kept alive indefinitely
12:04:04.693 [main] DEBUG io.restassured.internal.RestAssuredHttpBuilder - Parsing response as: application/json
12:04:04.693 [main] DEBUG org.apache.http.wire -  << "76[\r][\n]"
12:04:04.693 [main] DEBUG org.apache.http.wire -  << "[0x1f][0x8b][0x8][0x0][0x0][0x0][0x0][0x0][0x4][0xff][0xab]VJI,IT[0xb2][0xaa]V[0xf2]tQ[0xb2]2[0xb4]06[0xb7][0xd0]Qr+[0xcd][0xc9][0xc9]K[0xcc]MU[0xb2]Rr[0xcf],IT[0xf0]I[0xcd][0xcf][0xcb]TH)[0xcf]TH+[0xca],P[0xd2]Qr[0xcd]M[0xcc][0xcc]Q[0xb2]RJ[0xcf],I[0xcc]IM52tH[0x7][0x89][0xe8]%[0xe7][0xe7]*[0xe9]([0x5]$[0x16][0x17][0x97][0xe7][0x17][0xa5][0xc0][0x15]XX([0xd5][0xd6]r[0x1][0x0]U[0x84]~[0x95]k[0x0][0x0][0x0]"
12:04:04.693 [main] DEBUG org.apache.http.wire -  << "[\r][\n]"
12:04:04.694 [main] DEBUG org.apache.http.wire -  << "0[\r][\n]"
12:04:04.694 [main] DEBUG org.apache.http.wire -  << "[\r][\n]"
12:04:04.694 [main] DEBUG io.restassured.internal.RestAssuredHttpBuilder - Parsed data to instance of: class org.apache.http.conn.EofSensorInputStream
12:04:04.697 [main] DEBUG org.apache.http.impl.conn.BasicClientConnectionManager - Releasing connection org.apache.http.impl.conn.ManagedClientConnectionImpl@29b5e7db
12:04:04.698 [main] DEBUG org.apache.http.impl.conn.BasicClientConnectionManager - Connection can be kept alive indefinitely
12:04:04.701 [main] DEBUG net.thucydides.core.steps.StepInterceptor - STEP DONE: I send GET HTTP request
  &amp#27;[32mWhen &amp#27;[0m&amp#27;[32mI send GET HTTP request&amp#27;[0m                                         &amp#27;[90m# starter.stepdefinitions.LoginSteps.iSendAGETRequestToTheUserAPIEndpoints()&amp#27;[0m
12:04:04.711 [main] DEBUG net.thucydides.core.steps.StepInterceptor - STARTING STEP: LoginSteps.iReceiveValidHTTPResponseCodeForGetUserInformation - I receive valid HTTP response code 200 for get user information
12:04:04.713 [main] DEBUG net.thucydides.core.steps.StepInterceptor - STEP DONE: I receive valid HTTP response code 200 for get user information
  &amp#27;[32mThen &amp#27;[0m&amp#27;[32mI receive valid HTTP response code &amp#27;[0m&amp#27;[32m&amp#27;[1m200&amp#27;[0m&amp#27;[32m for get user information&amp#27;[0m &amp#27;[90m# starter.stepdefinitions.LoginSteps.iReceiveValidHTTPResponseCodeForGetUserInformation(int)&amp#27;[0m
12:04:04.723 [main] DEBUG net.thucydides.core.steps.StepInterceptor - STARTING STEP: LoginSteps.iReceiveValidDataOfTheUser - I receive valid data of the user
12:04:04.725 [main] DEBUG net.thucydides.core.steps.StepInterceptor - STEP DONE: I receive valid data of the user
  &amp#27;[32mAnd &amp#27;[0m&amp#27;[32mI receive valid data of the user&amp#27;[0m                                 &amp#27;[90m# starter.stepdefinitions.LoginSteps.iReceiveValidDataOfTheUser()&amp#27;[0m
12:04:04.732 [main] INFO  - 
  _____   ___   ___   _____     ___     _     ___   ___   ___   ___  
 |_   _| | __| / __| |_   _|   | _ \   /_\   / __| / __| | __| |   \ 
   | |   | _|  \__ \   | |     |  _/  / _ \  \__ \ \__ \ | _|  | |) |
   |_|   |___| |___/   |_|     |_|   /_/ \_\ |___/ |___/ |___| |___/ 

view user information
----------------------------------------------------------------------
]]></system-out>
  </testcase>
  <testcase name="GET All Product" classname="Products" time="1.098">
    <system-out><![CDATA[12:04:04.737 [main] INFO io.cucumber.core.plugin.SerenityReporter - Running feature from file:///E:/mini%20peoject/RestAPi/src/test/resources/api/Produk.feature
12:04:04.737 [main] WARN io.cucumber.core.plugin.SerenityReporter - Feature from file:///E:/mini%20peoject/RestAPi/src/test/resources/api/Produk.feature is not under the 'features' directory. Requirements report will not be correctly generated!
12:04:04.753 [main] DEBUG net.thucydides.core.steps.StepEventBus - Test suite started for story net.thucydides.core.model.Story@55ef6c0d
12:04:04.754 [main] INFO  - Test Suite Started: Products

Scenario: GET All Product                     &amp#27;[90m# src/test/resources/api/Produk.feature:2&amp#27;[0m
12:04:04.865 [main] INFO io.cucumber.core.plugin.SerenityReporter - Running feature from file:///E:/mini%20peoject/RestAPi/src/test/resources/api/Produk.feature
12:04:04.865 [main] WARN io.cucumber.core.plugin.SerenityReporter - Feature from file:///E:/mini%20peoject/RestAPi/src/test/resources/api/Produk.feature is not under the 'features' directory. Requirements report will not be correctly generated!
12:04:04.877 [main] INFO  - 
  _____   ___   ___   _____     ___   _____     _     ___   _____   ___   ___  
 |_   _| | __| / __| |_   _|   / __| |_   _|   /_\   | _ \ |_   _| | __| |   \ 
   | |   | _|  \__ \   | |     \__ \   | |    / _ \  |   /   | |   | _|  | |) |
   |_|   |___| |___/   |_|     |___/   |_|   /_/ \_\ |_|_\   |_|   |___| |___/ 

GET All Product(products;get-all-product)
--------------------------------------------------------------------------------
12:04:05.262 [main] DEBUG net.thucydides.core.steps.StepInterceptor - STARTING STEP: ProductSteps.iSetGETEndpointsProduct - I set GET endpoints product
12:04:05.267 [main] DEBUG net.thucydides.core.steps.StepInterceptor - STEP DONE: I set GET endpoints product
  &amp#27;[32mGiven &amp#27;[0m&amp#27;[32mI set GET endpoints product&amp#27;[0m           &amp#27;[90m# starter.stepdefinitions.ProductSteps.iSetGETEndpointsProduct()&amp#27;[0m
12:04:05.306 [main] DEBUG net.thucydides.core.steps.StepInterceptor - STARTING STEP: ProductSteps.iSendGETHTTPRequestProduct - I send GET HTTP request product
12:04:05.311 [main] DEBUG net.thucydides.core.steps.StepInterceptor - STARTING STEP: GetALLProduct.GETHTTPRequestProduct - I set GET endpoints product
12:04:05.312 [main] DEBUG net.thucydides.core.steps.StepInterceptor - STEP DONE: I set GET endpoints product
12:04:05.347 [main] DEBUG org.apache.http.impl.conn.BasicClientConnectionManager - Get connection for route {s}->https://altashop-api.fly.dev:443
12:04:05.347 [main] DEBUG org.apache.http.impl.conn.DefaultClientConnectionOperator - Connecting to altashop-api.fly.dev:443
12:04:05.444 [main] DEBUG org.apache.http.client.protocol.RequestAddCookies - CookieSpec selected: ignoreCookies
12:04:05.444 [main] DEBUG org.apache.http.client.protocol.RequestAuthCache - Auth cache not set in the context
12:04:05.445 [main] DEBUG org.apache.http.client.protocol.RequestTargetAuthentication - Target auth state: UNCHALLENGED
12:04:05.445 [main] DEBUG org.apache.http.client.protocol.RequestProxyAuthentication - Proxy auth state: UNCHALLENGED
12:04:05.445 [main] DEBUG org.apache.http.impl.client.DefaultHttpClient - Attempt 1 to execute request
12:04:05.445 [main] DEBUG org.apache.http.impl.conn.DefaultClientConnection - Sending request: GET /api/products HTTP/1.1
12:04:05.446 [main] DEBUG org.apache.http.wire -  >> "GET /api/products HTTP/1.1[\r][\n]"
12:04:05.446 [main] DEBUG org.apache.http.wire -  >> "Accept: */*[\r][\n]"
12:04:05.446 [main] DEBUG org.apache.http.wire -  >> "Host: altashop-api.fly.dev[\r][\n]"
12:04:05.446 [main] DEBUG org.apache.http.wire -  >> "Connection: Keep-Alive[\r][\n]"
12:04:05.446 [main] DEBUG org.apache.http.wire -  >> "User-Agent: Apache-HttpClient/4.5.13 (Java/19.0.2)[\r][\n]"
12:04:05.446 [main] DEBUG org.apache.http.wire -  >> "Accept-Encoding: gzip,deflate[\r][\n]"
12:04:05.447 [main] DEBUG org.apache.http.wire -  >> "[\r][\n]"
12:04:05.447 [main] DEBUG org.apache.http.headers - >> GET /api/products HTTP/1.1
12:04:05.447 [main] DEBUG org.apache.http.headers - >> Accept: */*
12:04:05.447 [main] DEBUG org.apache.http.headers - >> Host: altashop-api.fly.dev
12:04:05.447 [main] DEBUG org.apache.http.headers - >> Connection: Keep-Alive
12:04:05.447 [main] DEBUG org.apache.http.headers - >> User-Agent: Apache-HttpClient/4.5.13 (Java/19.0.2)
12:04:05.447 [main] DEBUG org.apache.http.headers - >> Accept-Encoding: gzip,deflate
12:04:05.601 [main] DEBUG org.apache.http.wire -  << "HTTP/1.1 200 OK[\r][\n]"
12:04:05.602 [main] DEBUG org.apache.http.wire -  << "content-type: application/json[\r][\n]"
12:04:05.602 [main] DEBUG org.apache.http.wire -  << "date: Sun, 07 May 2023 05:04:06 GMT[\r][\n]"
12:04:05.602 [main] DEBUG org.apache.http.wire -  << "transfer-encoding: chunked[\r][\n]"
12:04:05.602 [main] DEBUG org.apache.http.wire -  << "content-encoding: gzip[\r][\n]"
12:04:05.602 [main] DEBUG org.apache.http.wire -  << "server: Fly/3f2597ca (2023-05-03)[\r][\n]"
12:04:05.602 [main] DEBUG org.apache.http.wire -  << "via: 1.1 fly.io[\r][\n]"
12:04:05.603 [main] DEBUG org.apache.http.wire -  << "fly-request-id: 01GZT9GZ28DEXVJRBQDCD45RC6-sin[\r][\n]"
12:04:05.603 [main] DEBUG org.apache.http.wire -  << "[\r][\n]"
12:04:05.603 [main] DEBUG org.apache.http.impl.conn.DefaultClientConnection - Receiving response: HTTP/1.1 200 OK
12:04:05.603 [main] DEBUG org.apache.http.headers - << HTTP/1.1 200 OK
12:04:05.603 [main] DEBUG org.apache.http.headers - << content-type: application/json
12:04:05.603 [main] DEBUG org.apache.http.headers - << date: Sun, 07 May 2023 05:04:06 GMT
12:04:05.603 [main] DEBUG org.apache.http.headers - << transfer-encoding: chunked
12:04:05.603 [main] DEBUG org.apache.http.headers - << content-encoding: gzip
12:04:05.603 [main] DEBUG org.apache.http.headers - << server: Fly/3f2597ca (2023-05-03)
12:04:05.604 [main] DEBUG org.apache.http.headers - << via: 1.1 fly.io
12:04:05.604 [main] DEBUG org.apache.http.headers - << fly-request-id: 01GZT9GZ28DEXVJRBQDCD45RC6-sin
12:04:05.604 [main] DEBUG org.apache.http.impl.client.DefaultHttpClient - Connection can be kept alive indefinitely
12:04:05.604 [main] DEBUG io.restassured.internal.RestAssuredHttpBuilder - Parsing response as: application/json
12:04:05.605 [main] DEBUG org.apache.http.wire -  << "18D[\r][\n]"
12:04:05.605 [main] DEBUG org.apache.http.wire -  << "[0x1f][0x8b][0x8][0x0][0x0][0x0][0x0][0x0][0x4][0xff][0xaa]VJI,IT[0xb2][0x8a][0xae]V[0xf2]tQ[0xb2]24661[0xd7]Q[0xf2]K[0xcc]MU[0xb2]R[0x8a]p[0xca][0xaf]P0T[0xd2]QrI-N.[0xca],([0xc9][0xcc][0xcf]S[0xb2]RR[0xd2]Q[\n]"
12:04:05.605 [main] DEBUG org.apache.http.wire -  << "([0xca]LNU[0xb2]2[0xb1][0xb4][0xd4]Q[\n]"
12:04:05.605 [main] DEBUG org.apache.http.wire -  << "J,[0xc9][0xcc]K/V[0xb2]2[0xd2]QrN,IM[0xcf]/[0xca]L-F[0x18]idjb[0x8]7[0xd2]=173/[0x1d][0xc3]H[0xb7][0xfc]"[0x85]t[0xb0][0x94]BAiQA~qj[0xb1]Rml[0xad][0xe][0xc2]U[0x96]p#"[0x9c][0xfc]#[0x88]w[0x94][0x9][\r][0x1d]e[0x8a][0xf0][0xd7] r[0x94]1[0x99]!eH[0xcb][0x90]2[0x85];*8?[0xaf]R! [0xd8][0x14]#[\r][0x14][0xe4]$V*d$[0x16]+[0xe4][0xe5]+[0xe4]d[0xe6]f[0x96][0x14]#[0x12][0x9a][0x11]JB3Es)rB1[0xb5][0xa0][0xa6]M[0xc6]xl2C[0xc4]>[0x15][0xfc][0x84][0xd7]&[0x13]j[0xfa][0x9]_[0xe8][0x99]!B[0xaf]$[0xb5][0x18][0x94][0xaf][0x15][\n]"
12:04:05.606 [main] DEBUG org.apache.http.wire -  << "[0x8a][0xf2]SJ[0x93]K0[0xa2][0xab]$#[0xb3]X![0xb3]X[0xa1]$#[0x15][0xa6]F![0x5][0xa9][0x9c][0x80][0x17][0x12][0x86][0x6][0x6][0x6][0x6]H[0xc5][0x4]^[0xfb][0x11][0xd9][0x9c]j[0xf6]#[0xdb][0x8d]/[0x94][0xcd][\r][0xe0][0xa1]L[0xc8]nD[0xc2][0x4]y[0x8e]H[0xbf][0x99]#[0xd2][0xb]![0xf3]i[0x12][0xb6][0xe6]FD[0xfb][0x8f]$[0xfb][0x89][0xf5]>"[0x11][0xf][0x8c][0xf7][0xcd]h[0xe3]}[0xe4][0xe4][0x85]^[0xd9] [0x17]L[0xe6][0x88]z[0x95]f[0xfe]7[0xc0]S\[0x99][0xd3]!k[0xe3][0xb5][0x9f][0x6]Y[0x1b][0x94][0xfb][0x90][0xc3][0x1f][0x9f][0xfd][0x16][0xc4]go[0x92][0x92]?[0xb2][0xfd][0xf8][0xe2][0xdf][0x82][0xe][0xd9][0x1f][0xaf][0xff][0xa9][0x98][0xfd][0x1][0x0][0x0][0x0][0xff][0xff]"
12:04:05.606 [main] DEBUG org.apache.http.wire -  << "[\r][\n]"
12:04:05.607 [main] DEBUG org.apache.http.wire -  << "4B8[\r][\n]"
12:04:05.607 [main] DEBUG org.apache.http.wire -  << "[0x82][0xb5][0xff]H[\n]"
12:04:05.607 [main] DEBUG org.apache.http.wire -  << "D[0xbb]d@[0xd2][0xbf][0x5][0xa2][0xfc][0xf1][0x8]P[0xc8][0xcd],[0xc9][0xc7][0xa8][0xd2][0xc0]-[0x90][0x92][0xd4][0xa2][0xa4][0xc4][0xcc]l[0x84]'M[0xcd][0xcc][0x91][0x8a]8[0xbc]A[0x8c][0xc8][0xe2][0xa4][0xb5][0x7][0xd1][\r][0x85]6{[0xa9][0xd2]r[0xb6]@[0xe4];[0x1a]7S,[0x11]9l[0xf0]x[0xdf][0x12][0x91][0xec][0x3] -[0x19][0x5][0xd7][0x9c]D,][0x90][0xe4][0xfc][0xa4]D[0x85]"p_[0x6][0x11][0xf7]([0xcd]N|[0x8d][0x7]KD[0xea][0xe][0x8]V[0xc0]l[0xdc][0xa6]'[0xe6][0xa6]*[0x98]*[0x14][0x97]$[0x16]!LG[0xed]>[0xa1]'[0x2][0xe4][0xca][0xc3][0x12][0x91]x[0xdd]J[0x8b][0xf2]2KJ[0x8b]R[0x15]B[0xf2][0xb]0[0x92]0B6%[0xb1](S[0xc1]+[0xb5] [0xb1]([0x11]a[0xa3][0xa1][0x9]r[0x87][\r][0x8f][0x8d]&[0xa0]&[0x1b][0xb4][0x1b]H[0x85]d[0x83][0xd7]&D[0xc1][0x88]p=m[0xfd][0x86][0x88],Z[0xfb][\r][0x11]o[0x1]E[0x89][0xc9]%[0x99][0xc9][0x89]9[\n]"
12:04:05.608 [main] DEBUG org.apache.http.wire -  << "[0xe1][0xf9][0xf9])[0xa9]y[\n]"
12:04:05.608 [main] DEBUG org.apache.http.wire -  << "[0xde]y[0x99]i[0xa9][0x18][0x11][0xe8][0x98][0x93][0x99]X[0xac][0x90]V[0x9a][0x9e][0xa8]PZ[0xa2][0x87][0x14]s[0xa0][0x8][0x81]w[0xb5][0xf1][0x86]'[0xa2][0x14][0xf2],[0xc8][0xc8][0xcf]KU04T03QHO[0xc2][0xb0][0xc]\[0xe0][0x11][0xd5][0xe5][0xc2]k![0xa2][0x84][0x81]YhDS[0xb][\r][0x11][0x5][\r][0xcc]B[0xda][0xfa][0xd0][0x10][0x91]D[0xe9]d![0xdd]R[0xa8]!F[0xcf][0xdc][0x9c]F[0xc9][0xc4][0x10][0x91].[0x3][0x12]s[0x12]}[0xf2]}@[0x5][0x13][0xea][0xd0][0x12]<Ab[0x19][0x0]06F[0xaa][0x86][0xf1][0xb4][0xb4]L[0xc][0x11]-][0x1a][0x94][0xc5]&[0x86][0x88][0xe4]N[0xb][0xe3][0x8d][0x10][0x89][0xdb][0xa9](195'[0x15][0xb3][0xef][0xed][0x9b][0x98][0x92][0xaa][0x90][0x9f][0xa6][0x90][0x91][0x99][0x9e][0xa1]PX[0x9a][0x98][0x93]YR[0xa9]P[0x90][0x9a]X[0x94][0x83]<f[0x2]2[0x89][0xa8][0x12][0xc3][0x8][0x91][0xbc]i[0xe2]#[0xa4]*[0x98][0xfa]u[0xa3][0x89][0x11]"[0xaf][0xd0]-[0xc0][0x10][0xc5]:[0xdd][0xac]D[0xe4]SjZ[0x89]/[0x1f][0x19]!z[0xcc][0xd4][0xb4][0x12]_Ub[0x84](#h\3[0x1b]!r1[0x8d][0xba][0x3]&[0xc6][0xf4][0xc9][0xc9][0xb0][0xce][0x82][0x5]RQ[0xee][0x98][0x9c][0x9c]Z\[0xc][0x19][0x88]G[0x1f][0xbe]/[0xc9]WH[0xcd][0xcb]H[0xcc]KNUH,[0x0][0x15][0x1a] &[0xca]h[0xbb][0x89]1[0xa2]@(N-HM[0xc1],[0xa8][0x13]3+A[0x82][0xd0]y[0x0]#S[0xe4]^0[0xbe][0x8]6F[0x94][0x5][0xf4]JS[0xa0]z[0x3][0xda][0x92][0xa5][0xb6]g[0xe8]_[0xc][0x18]#[0x8a][0x81]`p[0xcc]([0xf8]d[0x16][0x97][0x14][0x81][0xfb][0xab][0xa8]U)T:[0x7]"[0xad][0x90][0x97][0x9e][0x9a]T[\n]"
12:04:05.609 [main] DEBUG org.apache.http.wire -  << "[0xaa]IH[0x8f]2D1[0x0]5[0x13]j[0xa5][0x82]SbN"f[0x17][0x4][0xaa][0x8][0xd5]b[0x85][0xa4][0xc4][0xbc]tpM[0x6][0xb5][0xdf][0x94][0xf8]$[0x83]([0x13][0xe8][0x96]d[0x10]-[0x8][0xba]Y[0x89]([0x8f][0xe8]e[0xa5][0x9][0xa2]|[\n]"
12:04:05.609 [main] DEBUG org.apache.http.wire -  << "*-.[0xc9]L[0x86][0xf5]L[0x9c][0x12]1g[0xe8]BK[0x14]R[0x8b][0x8a][0xf2][0x8b][0x14][0x8a]R[0x93]K[0x8b][0x13][0xf3]R[0x12]S[0x15][\n]"
12:04:05.609 [main] DEBUG org.apache.http.wire -  << "[0xf2][0x8b][0x8b]3sK[0x8b][0x15]r[0xf3]s@[0xb3][0x5][0x89][0xa9][\n]"
12:04:05.609 [main] DEBUG org.apache.http.wire -  << "[0xc5][0xa9])[\n]"
12:04:05.609 [main] DEBUG org.apache.http.wire -  << "[0x99][0xb9][0x5][0xa9])[0x99][0xe4]u^[0x90][0xa6][\n]"
12:04:05.609 [main] DEBUG org.apache.http.wire -  << "[0x11][0x1d]&[0x9f][0xcc][0xbc][0xd4]<[0x5][0xa7][0xfc][0x92][0x92][0x1c],[0x1d][0xa6][0xd2][0x12][0x85][0x82][0xd4][0xa2][0xe2][0x82][0xcc][0xe4][0xcc][0xc4][0x92][0xcc]b[0x85][0x94][0xfc][0x9c][0xfc][0xa2]T[0x85][0x94][0xcc][0xe4][0x92]D[0x85][0x82][0xfc][0xa2][0xa2]|[0x85][0xcc][0x82][0xe2][0xd2]\[0x85][0xd4]D[0xb2][0xfa]S&[0xf4]/[0xb2]L[0x10]M[0x9a][0xe0][0x9c][0xd4][0xd4]l[0x5]H[0x8][0xb8][0xe7][0xe4][0x97][0xa5][0x82]Zx[0xa8]9[0xdd]?--393[0xb3]X!9?[0xaf]8[0xb5][0xb0]4[0xb1][0xa4][0xb4]H!1/37[0x13][0x1e]1[0xc5][\n]"
12:04:05.609 [main] DEBUG org.apache.http.wire -  << "e[0xf9]9[0xa5][0x5]%[0x89]%[0xa9][\n]"
12:04:05.610 [main] DEBUG org.apache.http.wire -  << ")[0xa9]9[0xa9]y[0x99]%[0x99][0xe4][0x5][0x6][0xfd][0x8b]<[0x13]D[0x91][0xe7][0x9e]_[0x94][0x9e][0x9a]_Z[0xac][0x10]T[0x9a][0x94][0x94]Z[0xa4][0xe0][0xc][0x1e]MA[0xb][0x8d][0x94][0xcc][0x12]H[0x1a]([0xcd]UH[0x4]%[0xe]p[0x12][0xc8]IL[0xca]/[0xca][0xcc]/N[0xcc]U(,[0xcd]TH[0xcc][0xc9],,[0xcd]LQ(&7[0x9d]"[\n]"
12:04:05.610 [main] DEBUG org.apache.http.wire -  << "ED:u/J[0xcc][0xcb],IUp[0xce]O[0x4][0x95][0xb4][0xa8][0xee]r-[0x1][0xf5][0xea]3[0x13]K[0x14][0xf2]s[0xf3]2[0x8b][0x15]r3[0xf3]2s[0x13][0x15][0xf2]Js[0xb]K[0x13]s[0x15][0x8a]K[0x8b][0x93]3[0xb][0xc8]u[\r][0xa2][0x88][0xc][0xae][0xcc]K-J[0xcf][0x84]e[0xe7][0x1c][0x85][0xe0][0x8c][0xcc]"[0xac][0xae]I-.[0x81][0xa7][0x8a][0xcc][0xa4][0xd2]b[0x85][0x82][0x9c][0xc4][0xe4][0xd4][0xc4][0x12][0x85]T2[0xb3].[0xa2][0xd0][0xa4]q[0xdb][\r]Tu@kt[0x5][0x1a]uVM[0x11][0x99][0x9e],[0xcf][0x10][0xdb][0x1e]2E[0xca][0xe9][0x94]O[0x8c][0xe3]ky[0x99][0xd2]?[0xe7][0x9a]"r.[0xbd][0xea]4SD[0xbe][0xa4][0x9b][0x95][0x88][0xcc]G7+[0xe9][0x97][0xd5][0x10][0xcd][0x12][0xb2][0xf2][0x1][0xea][0xc2][\r]|[0xe9][0xd3][0xc][0xd1][0x1a][0x81][0xda][0x84][0xb9][0xc8][0x7]><[0x84]e[0x89][0x8][0xfe][0xc1]tX'[0x89][\n]"
12:04:05.610 [main] DEBUG org.apache.http.wire -  << "k[0x91]L[0xa8][0xbb][0xf0][0x3]o[0x98]PX[\n]"
12:04:05.610 [main] DEBUG org.apache.http.wire -  << "[0x91][0x10][0xfa]t+[0x87][0xcc][0x10][0xe5][0x10]4[0x9e]1gK[0xf0][0xc5]3[0x9]~B[0x14]?[0xb4][0xb6][0x9]Q[0xea]@m[0x1a][0xb4]i[0x17]QX[0xe1]t)b[0xd2][0x1]_-F[0xd5][0x1c][0x85]Q[0x9e]Q[0x12]~[0xe8][0xb][0x8c][0xa8][0xea]R[0x8c][0xf2][0x10][0xd3][0xa5][0xf4][0xf]?[0xa4][0xa5]K[0xd0]X[0xa5]U[0x9e][0x82],b[0x2][0x0][0x0][0x0][0xff][0xff]"
12:04:05.610 [main] DEBUG org.apache.http.wire -  << "[\r][\n]"
12:04:05.612 [main] DEBUG org.apache.http.wire -  << "59F[\r][\n]"
12:04:05.612 [main] DEBUG org.apache.http.wire -  << "[0x2][0xaf][0xe][0xf5]K,[0xce]TpI,[0xcd]S[0xf0]J-*[0x5]M[0x98][0xa3]6x[0xc1][0xf2][0xe5][0xa9]y[0x89][0xd9][0xd9][\n]"
12:04:05.612 [main] DEBUG org.apache.http.wire -  << "%[0xa9]y[0x89]y[\n]"
12:04:05.613 [main] DEBUG org.apache.http.wire -  << "[0xb9][0xa5]E[0xb9][0xa9]H[0xf3][0x9f][0x86][0x96][0xa8]+[0xc3][0xd0][0x8b]BX[0xc4]YX"Rmr~^I~[0x86]n2b[0xa1])[0xfa][0xf8][0x96][bqFf~^bRN*[0xea][0xa8][0x16][0xd2][0x2]([0xb0][0xdb][0x10]nWH[0xac]L[0xcc]UH[0xcf]/J[0xc5]21[0xc]VK% [0xd2]9a`[0xaa]@^[0x11]kbN[0xb7][0x12][0xdb][0x9c]n[0xe5]([0xd2][0x1a])Z[0xa7]c[0x8c]|L[0xab][0x1c][0x83][0xb4][0xee][0x87][0xc6]~[0xb2]@[0xa4][0x8][0x82]+[0xb7][0xe9]U[0xb2]#[0xad][0xba][0xc1][0xe1]&[0xc4][0xd2]oD[0xb9]I[0xbf][0xb6][0x9c][0x5]"G[0xe]N[0xf7][0xd1]-[0x9d]Z"[0xc6][0xfc]q[0x84][0xc4]@[0xc4][0xf][0xd2][0xf2][0x9d][0xc1][0xe4]*DN[0xa3]q[0x9e]FZ[0xf8][0x83]}M[0xd5][0xc0]f[0x1f]KD[0xc3][0x17][0xbb][0xf3][0x6]$[0xcd] [0xe7]il{E[0x6]4[0xcc]LA[0xb]y[0xa0]M([0xd2][0xc2][0x8c][0x86][0xed]ZS[0x3]D[0xee][0xa7]m[0x8a]65@[0xe4][0x1d][0xec][0xde][0x1f][0xe0][0xd8]A4v[0xb0];o[0x0]R[0xb4][0xa9][0x1]"[0x9b][0xd1]:v([0xcf];[0xb4]L[0xa6]H+[0xbf][0x6]O[0xec] [0xad][0xe][0xc3][0xee][0xa8][0x81]M[0xd1][0x86][0x84]2[0xdc]@[0xa4]hCz[0x8d][0x2][0x99]"[0xad][0x8a][0xa0]q[0xde]1[0xa4][.EZJGk?![0xca][0x3][0x1a][0xdb][0x4]Z[0xad][0x6][0xad][0x16]im[0x13][0xbd]FUM[0x8d][0xe8][0x96][0xca][0x8d][0x10][0xd5][0x16][0xad]C[0x8f]n[0xa9][0x9c]n[0x8b][0xc1]L[0x8d][0xe8][0x97][0xca][0xe9][0xd5][0x9f]3EZ}F[0xe3][0x14][0x81][0xb4]Z[0x8c][0xd6]6!r[0xee]`[0xac]i[0x8d][0x11][0xd9][0x1d][0xbb][0xf3][0x6][0xa2][0xa6]E^1F[0xd3][0x19]fSc[0xba][0x95][0xc][0xc6][0x88][0xf1]`[0x8f][0x0][0x5]g[0xd0]r[0x9f]L,[0x9b]nrR[0xb]J[0xf2][0xb][0x14]0vtY[0x82][0x0][0xd2]br[0xf4]qg[0xa4][0x9d]7[0xa6][0xc6]t+[0x1a][0x90][0x96]c[0xd1]m[0x83][0x1c]l[0x84][0xdd][0xd4][0x0]Q[0xc0]7[0xe1]`,[0xad]H#pJ[0x3][0xf2][0xe4]*[0xd5][0xbc]@[0xd4]H%[0x95][0x9c][0x8f](^[0x8]9[0x1f][0x91][0x93]A{ [0xf1][0xa4]%j[0x87]0[0xa2]1O[0xc8][0x89]d[0xef]b[0xc5][0x97][0x1d]L[0x10]E[0x1c]U[0xed][0xc7][0x13][0x82][0xc8][0xb9][0xd1][0x4]Q[0xc4]P[0xd5]zz&2D[0x81]B3/[0xe0][0xec][0x82]S)[0x9f] [0x1a]14[0xf3][0x2]z"[0xa4]r>BZB6d[0xbd][0x80][0x18][0xb2][0x1b][0xb2]^ [0xbe][0xc0][0xa5]ZiF[0xed][0x84]4[0x0][0x5]2[0xb5][0xbd]@[0xa3]2[0x9d][0x8e][0x85]*[0xd2]J[0xc3]![0x9b][0x17][0x10]U[0x1b][0xac][0x17]ejJ[0xa3]IiSSD[0x3][0x9a][0xba]{bL[0x91][0xce]_[0xf2][0xcc]+I[0xcd][0xc9][0xc9]LO[0xcd]+Q[0x8].IM[0x5][0xad]E[0xce][0xc7][0xb2]~[0xdd]3[0x5][0xb4][0x87][0xb1]8S!/[0xb1][0xa4][0xb4][0x18][0xb4]<[0x1b]D$[0x16][0x93][0xb5]B[0xdd][0xd4][0x14]Q9[0xc1][0xc2][0x11][0xa3]!K[0x95][0xf5]e[0xa6][0x98]+[0x16]i[0x15]]t[qhj[0x86]([0x91]i[0x1d]z[0x88]R[0x87][0xd6]6![0x12];[0xad]mB[0xb4][0xed]\[0xf3][0xf2][0x8b]rA[[0x15][0x2]r[0x12][0xc1][0x8b][0xf1][0x9d]3[0x12]3Ak[0x9f]P[0x17]I[0x85]A[0xb6]e[0x80]N[0xd2]*IU[0xc8][0xcb][0xcf][0x3][0x9d][0xa5]U[0x96][0x99][0x2][0xca]3[0xa9][0xc5]d-[0xc4]75C[0xe4][0x0][0x97][0xd2]"[0xd0]:([0xd0][0xc6][0x9e][0x1c][0x5][0xec].[0x8][0x86]n<P(,[0xcd]W@[0xda]%[0x91][0x99]G[0xce][0x6][0x11]S[0xba]-E3EZ[0x8a]F[0xe3]h[0xa5][0xdb]R+S[0xba]-[0xb5]2[0xa5][0xdb]R+SsDr[0xa4]q<![0x1d][0xf1][0x14][0x10]l[0x82]Y[0xea][0x17][0x9b]($%[0x16][0x95]"[0xfa][0xee][0xc6][0xf8][0xd7][0x1f]"[0xf7]<[0xe9][0xb6][0x8c][0xcb][0xd4][0x82]nE0[0xd2][0x82]1Z[0xc7][0xc][0xdd][\n]"
12:04:05.613 [main] DEBUG org.apache.http.wire -  << "{[0xb][0xc4]@[0x16][0xad][0xfd][0x84][0xd9]`[0xc3]LrD[0x9f]i[0x89][0xde][0xdf]EI{t[0xab][0xc0][0x90][0x96][0xc3][0xd1]:[0xf4][0xe8]V* [0x1d]KEc?!-[0xa1][0xa3][0xb5]Mt+#[0x90][0xe][0xb6][0xa2][0xb5][0x9f][0x10]e[0x4][0xd5]KoK[0xba][0x95][\n]"
12:04:05.613 [main] DEBUG org.apache.http.wire -  << "H+[0xe2]h[0x1d]^[0x88][0xc6]&mm2CZ[0x1c][0xe6]Z[0x94][0x9e][0x9f][0x97][0x9f][0x9b][0x99][0xac][0xe0][0x98]S[0x9a][0x9b][0x99]W[0x9a][0x8b]u[0x13][0xae]ci[0x89]BRjbIb*|[0x8b]ij[0xae]BnbEfn[0xaa]B^jn[0xbe]BfNNi.h[0xfb]-[0xb8][0xef]GNS[0xd3][0xcc][0x80]^[0xc5][0xa2][0x99][0x1][0xbd][\n]"
12:04:05.613 [main] DEBUG org.apache.http.wire -  << "+[0xb3][0xc1][0xbd][0x96][0xc8]l0[0xae]%2[0xa3][0xdf]Z"[0xa4]}([0xb4][0xcd]r[0xa6][0xa0][0x83][0x7][0xe9][0xb2][0x1a][0xc6][0xcc][0x80]^U[0x89][0x99][0x1][0xa2][0x80][0xa7]m[0xe8][0x99]!Ms[0xd0][0xd8]&[0xba][0xad][0xf9]2C:[0xd5][0xc][0xfb][0xe2][0x82][0x1]]eh[0x86][0xb4]|[0xb][0xbb][0xf3][0x10][0xbd].[0xba][0xed][0xee]0C:[0xd8][0x8c][0xc6][0xe9][0x0][0xe9][0x10][0xb2][0x80]`C[0x3][\n]"
12:04:05.614 [main] DEBUG org.apache.http.wire -  << ":[0x2][0xe8]'r[0xc1][0x7][0xfb][0x91][0xaa][0x6][0xc8]U[0x9][0x18][0x96][0x10][0x9a][0x9f]7[0xa3][0xdb]z43[0xa4][0xb3][0xc3][0xb2]3[0xb][0x12][0x8b][0x15][0x12][0xf3][0xd2]3A'[0x7][0xa3][0xe][0xe5][0xa6][0xe6][0xa5][0xa7][0xe6][0x94]&[0x16]e'[0xe6]A[0x94]([0x14]'[0xe6][0xa5]'[0x96](d[0xa7][0xe6]%C[0x8e]i[0x85][0x1e][0x18]d[0x8]Z7[0x8f][0xf3]8;x(![0x1d] C[0xe6]][0x13]fH[0xeb][0xce][0xe0][0x7][0x8e]8[0x15][0xe5][0xe7]U[0xa5][0xe2][0x18]B[0x83][0x9c][0xd9]Y[0x94]Z[0x90][0x9a][0x93][0x93][0x9a][0x97]RZ[0xac][0x90][0x98][0xc]:$[0x7]t4Na)Y[0xc3][0xd8]fHK[0xd2]|SS2[0xf3][0x93][0x8b]RA[0xa3]x[0xa0][0x83]Cq[0x1c][0x3][0xe3][0x8][0xb6]3[0xaf]$[0x13]t[0xd4]M[0x89]B>[0xf8]T[0x98]D[0x85][0xb2][0xd4][0x9c][0xcc][0x12][0x85][0xbc][0xfc][0xa4][0xcc]b[0xb2]ZYH[0x7][0xa5][\r][0xb9][0x98]DZ[0x3]7[0xf4][0xdc][0x8e][0x98][0xde][0x1d]znG[0xb4])[0x86][0x9e][0xdb][0x11][0x13][0xba]4[0xae]3[0x90][0x96][0xb]z[0xe6]%[0x17][0xa5][0xa6]d&[0xe5][0xa4]*[0xc0]J[0x9a][0x9c][0xfc]d[0xcc]=[0xd5][0xae][0x89][0xf0][0x83][0x82][0x14]R[0xf3]2![0x1d][0xa8]bP[0xfe]N-N[0xce],[0xcd]+QH)M[0x6][0x1f][0xc9][0x5]9[0x5]+[0x97][0xac],O[0xb7]%[0x83]fH[0xb][0xf9]h[0x1d][0xd8]t[0xeb][0xc2]![0x1f][0xde]E[0xd3][0x5][0x97]f&[0xf4][0x1a][0xd5]0CZw[0x5][0xca][0xd0][0x0][0x0][0x0][0x0][0xff][0xff]"
12:04:05.614 [main] DEBUG org.apache.http.wire -  << "[\r][\n]"
12:04:05.615 [main] DEBUG org.apache.http.wire -  << "410[\r][\n]"
12:04:05.616 [main] DEBUG org.apache.http.wire -  << "[0x1a]R[0xd5]9[0xd2][0x85]V[0xe4][0xa6]1"[0xf]M73[0xa1][0xdb][0x90][0xc][0xd2][0xfa]%r=E[0xdc][0x92];3[0xa4]K[0xae]hm[0x13][0xdd]J^[0xa4][0xe5]"[0xb4][0xf6][0x13][0xdd][0xc6][0xa8][0xe8][0xb6][0xee][0xc1][0x8c]n[0xab][0x11][0xcc][0xcc][0xe8][0x96]"[0xcc][0xe8]V[0x94][0x82]n[0x13][0xa1][0xcf][0xc8][0xe][0xd2]:[0x0][0x1a][0xa7]r[0xba]M[0xc5][0x9b]!M[0xc5]{[0x14]([0x84]e[0x96][0xe5]+D[0x1a][0x19]a[0xf4][0x84]sSs3s2[0xb3]3[0x15][0x8a][0xb]R[0x8b]3[0xd3]2[0xb3]Ag[0xd5]T&[0xe6][0xa5]+$[0x16][0x80][0xcf][0xca][0x85]v*A[0x13][0xc0][0xa8]s[0xc0][0xe8][0xdd]o[0xa4]y83sR[0x6][0xb0][0xb0][0x9c]`[0x8f][0xa7][0xc4][0xa5]f[0xff][0x15]i[0x11][0x1][0xec][0xca][0x13][0xc7][0xd2][0x9c][0xcc]D[0x5]c[0x8c]p[0xca][0xcc][0xcb][0x4]-8[0x1]][0xf0][0xa6][0x90][0x8]W[0x3][\r][0x1c]|[0xeb][0xf7]P[0x82][0x85]^[0x13][0xa1]fHwXa[0x1f]d[0x1a][0xd8]10[0xa4][0xf5][0x7][0xd8][0x9d][0x87]k[0xc][0xc][0xe7]zm*[0x8c]f -\[0xc0][0xee][0xa8][0x1][0xe]3D[0x11][0x8f][0xdd]y[0xb8][0xc2][0xc]}[0xc2][0x9c][0x9a]9[0x8][0xe9][0xd4][0x1a]p[0xe][0xca]Vp[0xcf]L[0xcd][0xc1][0xc8]=![0xa0]C[0x8f][0xf3][0xd2]A[0xd7][0x1e]f[0x17]e[0x16][0x14]g"[0xdc]J[0xfc][0xe]#3[0xa4][0x15][0xb]H[0x96])d[0xa7][0xea]b[0x96]kT[0xb2][0x11][0x91]a[0xd1]l[0xc4],![0xa8]d#[0xa2][0x19][0x4][0xdf]^D[0xd3][0xfb][0x8b][0xcc][0x90][0xae][0xbd][0x2][0xfb]1[0xb9]D[0x81][0xa6][0x85] [0xd2]*[0x3]:[0xf9][0x10][0xe9]h[0x1c][0x1a]W[0xef][0x96][0xa4][0xd4]{X[0x8e][0xe6]$[0xfa][0xc8]F3[0xba][0xcd][0x9e][0x9b]Y[0xd2][0xab][0xab]f[0xe][0x1a][0xb7][0xa6]K[0x83][0xcf][0x1c][0xe9]h[0x15][0xda][0xa6][0x8]s[0xba][0x1d]Hbn@[0xb7]xB:[[0x84][0xc6][0xa1]g[0x88][0x18][0x1e][0xf5][0xc][0xf0][0xf0][0xf7]sU04U[0x8][0x8][0xf2][0xc7][0xa8]`<\[0xfd][0xdc][0x3][0xfc][0xfd][0x10][0xd5][0x8a][0x9][0xa8][0xdf][0x8f]s[0x12][0x4][0xa9]Qf[0x8e]4SOk[0xdf] [0xba]N[0xb4][0xf3][\r][0xa2][0xc6][0xa2][0xb5]o[0xe8][0x96][0xde][0x90]fLi[0xec]'#Dz[0xa3][0xb5]M[0xf4][0xaa])[0xcc][0x91]&[0xe9][0xdc][0x12][0xf3]J k[0xec]}[0x13][0x8b]@C[0xe8]>[0x89][0xb9][0x98][0xd7][0x92][0xb8][0x96](dd&[0x83][0xd6][0x1d][0xe5]#[\r][0x8a][0x83][0xc6]2[0x88][0xca]OH[0xf3]qI[0x89][0xc5][0xa9])Ei[0x99][0x15][0x18][0xf9][0x15],[0x93][0x9a][0x96]X[0x9a]S[0x92][0x2]Z[0xeb][0xf][0xed]H[0x99]Y[0x82][0xba][0xe2][0xc4]YC[0xaf]ajs[0xa4][0x9b]xh[0xd3][0x93]Fo[0xa0]#[0x97]NHw[0xf2][0xd0]8E[0xd2][0xed]P[0x2]s[0xba][0xcd]e[0x98][0xd3][0xed]L[0x2]s[0xa4][0xfe]'[0x8d][0xe3][0x9]ic9[0xad]mB[0xf4]Ehm[0x13]"3[0xd3][0xac]f[0x4]5[0x8][0xa0][0xad]K[0xfa]gc[0xa4][0xb9][0x81][0x1][0xb0][0x9c]n[0xb5][0x1a][0xd2][0xd5][0x19]4N1H[0xd7]W[0xc]@[0x80]"2[0xc6][0x0]X[0x8e]hw[\r][0x80][0xe5][0x88][0x8c]J[0xcb][0x91][0xb6][0x91][0xe][0x80][0xe5][0x88]U&[0x3]`9"[0x7][0xd3]c[0x8c][0xc6][0x9c]n[0xd3]I[0xe6]t[0xbb][0xe4][0xc2][0x1c]i:[0x9][0xfb][0xf8][0xe9][0x80][0xe][0xef][0x9a][0x83][0x1a][0xbe][0xd0][0xea][0x9][0xbb][0xf3][0x90][0xfa][0xb6][0xa0]5[0xcf]8[0x1b][0xc9]T[0x1c][0xde]5[0xa7][0xdb][0x1e]Us[0xa4][0x89]1[0xec][0xde][0x1f][0xd8][0xd8]A[0x9a]M[0xc3][0xee][0xbc][0x1][0x89][0x1d]D[0x1f]r[0x10]9[\n]"
12:04:05.616 [main] DEBUG org.apache.http.wire -  << "1[0x0][0x81][0xdd]Q[0x3][0x1c][0x91][0x88][0xda][0x13][0xbb][0xf3][0x6]$"[0x11][0xb5][0xea][0xe0]q[0xd4][0xe0][0x9e][0xe]3G[0xda][0x92];[0x88][0xc2][0xc][0x91]#]J[0xb3]K1[0x97]q#R[0x97][0x19][0xea]l:[0xbe]1[0x0][0x8b][0xc1][0x9d][0xa5][0x90][0xb6][0xc2][0xe][0xa2][0x98] [0x94][0xa5][0x6][0xb6][0x18]B[0xda][0x0];x[0xc2][0xc]i[0x7]+vG[\r]p[0x98]![0x86][0xcf][0xb1];[0xf][0x91][0xb9][0xe8][0xb6]q[0xc6][0x1c]i[0x1e][0xe][0xbb][0xa3][0x6]8[0xcc][0x6]cu[0x7]j[0xbe][0xe2]m[0xea][0xe]h[0x98]Y m[0xe2][0xc5][0x1e][0xa5][0x3][0x90][0xce],[0x90]6[0x1f][0xe][0xb5]u[0xc5][0x16]H[0xb3][0xad]C[0xcf][0xed][0x88][0x1a][0x1d]{b[0x18][0xe0][0xb4]J[0xa8]i0 i[0x15]1<F[0xdb]Q@[0xb][0xa4][0xed][0xe6]t[0x1f][0x94][0xb1]@[0x9a][0x6][0x1f][0x8c]I[0x3]i[0xee][0x1c][0xbb][0xf3][0x6]"i M[0xb6][0xf][0xb9][0xa2][0x0]i[0xf7]<[0xf6][0x0][0x1d][0xd8][0xa2][0x0]i[0x83]5v[0xe7][\r]H|[0xd3][0xad](@[0xda][0xf5]=[0xf4]R[0x16][0xa2][0xb3][0x2].0[0x1d][0x8b]2[0xd3][0x13][0xf3]K@[0xe7]o[0xa1][0xee][0x2][0xa6][0xca]q[0x8c][0x16]H[0xeb])[0x86]\P!mT[0xa7][0xcf][0xea]A[0xb][0xa4][\r][0xeb][0xe0][0xc8][0x9][0x8][0xa6][0xd1][0xe1][0x95][0x16]H[0x9b][0xce][0xe9][0xe5]7D[0xf3][0x81][0xd6]~[0xa3][A[0x80][0xb4][\r][0x9b][0xc6]~B[0xda]4M[0x13][0x9b]bk[0xb9][0x0][0x0][0x0][0x0][0xff][0xff]"
12:04:05.617 [main] DEBUG org.apache.http.wire -  << "[\r][\n]"
12:04:05.617 [main] DEBUG org.apache.http.wire -  << "A[\r][\n]"
12:04:05.617 [main] DEBUG org.apache.http.wire -  << "[0x3][0x0][0xa6]bRuv[0xa2][0x0][0x0]"
12:04:05.617 [main] DEBUG org.apache.http.wire -  << "[\r][\n]"
12:04:05.618 [main] DEBUG org.apache.http.wire -  << "0[\r][\n]"
12:04:05.618 [main] DEBUG org.apache.http.wire -  << "[\r][\n]"
12:04:05.618 [main] DEBUG io.restassured.internal.RestAssuredHttpBuilder - Parsed data to instance of: class org.apache.http.conn.EofSensorInputStream
12:04:05.622 [main] DEBUG org.apache.http.impl.conn.BasicClientConnectionManager - Releasing connection org.apache.http.impl.conn.ManagedClientConnectionImpl@5ac0bf84
12:04:05.622 [main] DEBUG org.apache.http.impl.conn.BasicClientConnectionManager - Connection can be kept alive indefinitely
12:04:05.815 [main] DEBUG net.thucydides.core.steps.StepInterceptor - STEP DONE: I send GET HTTP request product
  &amp#27;[32mWhen &amp#27;[0m&amp#27;[32mI send GET HTTP request product&amp#27;[0m        &amp#27;[90m# starter.stepdefinitions.ProductSteps.iSendGETHTTPRequestProduct()&amp#27;[0m
12:04:05.828 [main] DEBUG net.thucydides.core.steps.StepInterceptor - STARTING STEP: ProductSteps.iReceiveValidHTTPResponseCode - I receive valid HTTP response code 200
12:04:05.831 [main] DEBUG net.thucydides.core.steps.StepInterceptor - STEP DONE: I receive valid HTTP response code 200
  &amp#27;[32mThen &amp#27;[0m&amp#27;[32mI receive valid HTTP response code &amp#27;[0m&amp#27;[32m&amp#27;[1m200&amp#27;[0m &amp#27;[90m# starter.stepdefinitions.ProductSteps.iReceiveValidHTTPResponseCode(int)&amp#27;[0m
12:04:05.842 [main] DEBUG net.thucydides.core.steps.StepInterceptor - STARTING STEP: ProductSteps.iReceivedValidDataForAllProducts - I received valid data for all products
12:04:05.847 [main] DEBUG net.thucydides.core.steps.StepInterceptor - STEP DONE: I received valid data for all products
  &amp#27;[32mAnd &amp#27;[0m&amp#27;[32mI received valid data for all products&amp#27;[0m  &amp#27;[90m# starter.stepdefinitions.ProductSteps.iReceivedValidDataForAllProducts()&amp#27;[0m
12:04:05.853 [main] INFO  - 
  _____   ___   ___   _____     ___     _     ___   ___   ___   ___  
 |_   _| | __| / __| |_   _|   | _ \   /_\   / __| / __| | __| |   \ 
   | |   | _|  \__ \   | |     |  _/  / _ \  \__ \ \__ \ | _|  | |) |
   |_|   |___| |___/   |_|     |_|   /_/ \_\ |___/ |___/ |___| |___/ 

GET All Product
----------------------------------------------------------------------
]]></system-out>
  </testcase>
  <testcase name="GET Product by id" classname="Products" time="0.607">
    <system-out><![CDATA[
Scenario: GET Product by id                                              &amp#27;[90m# src/test/resources/api/Produk.feature:8&amp#27;[0m
12:04:05.973 [main] INFO io.cucumber.core.plugin.SerenityReporter - Running feature from file:///E:/mini%20peoject/RestAPi/src/test/resources/api/Produk.feature
12:04:05.973 [main] WARN io.cucumber.core.plugin.SerenityReporter - Feature from file:///E:/mini%20peoject/RestAPi/src/test/resources/api/Produk.feature is not under the 'features' directory. Requirements report will not be correctly generated!
12:04:05.981 [main] INFO  - 
  _____   ___   ___   _____     ___   _____     _     ___   _____   ___   ___  
 |_   _| | __| / __| |_   _|   / __| |_   _|   /_\   | _ \ |_   _| | __| |   \ 
   | |   | _|  \__ \   | |     \__ \   | |    / _ \  |   /   | |   | _|  | |) |
   |_|   |___| |___/   |_|     |___/   |_|   /_/ \_\ |_|_\   |_|   |___| |___/ 

GET Product by id(products;get-product-by-id)
--------------------------------------------------------------------------------
12:04:06.099 [main] DEBUG net.thucydides.core.steps.StepInterceptor - STARTING STEP: ProductSteps.iSetGETEndpointsById - I set GET endpoints by id
12:04:06.101 [main] DEBUG net.thucydides.core.steps.StepInterceptor - STEP DONE: I set GET endpoints by id
  &amp#27;[32mGiven &amp#27;[0m&amp#27;[32mI set GET endpoints by id&amp#27;[0m                                        &amp#27;[90m# starter.stepdefinitions.ProductSteps.iSetGETEndpointsById()&amp#27;[0m
12:04:06.113 [main] DEBUG net.thucydides.core.steps.StepInterceptor - STARTING STEP: ProductSteps.iSendGETHTTPRequestById - I send GET HTTP request by id
12:04:06.118 [main] DEBUG net.thucydides.core.steps.StepInterceptor - STARTING STEP: GetIdProduct.GETHTTPRequestById - I set GET endpoints by id
12:04:06.120 [main] DEBUG net.thucydides.core.steps.StepInterceptor - STEP DONE: I set GET endpoints by id
12:04:06.202 [main] DEBUG org.apache.http.impl.conn.BasicClientConnectionManager - Get connection for route {s}->https://altashop-api.fly.dev:443
12:04:06.203 [main] DEBUG org.apache.http.impl.conn.DefaultClientConnectionOperator - Connecting to altashop-api.fly.dev:443
12:04:06.343 [main] DEBUG org.apache.http.client.protocol.RequestAddCookies - CookieSpec selected: ignoreCookies
12:04:06.344 [main] DEBUG org.apache.http.client.protocol.RequestAuthCache - Auth cache not set in the context
12:04:06.344 [main] DEBUG org.apache.http.client.protocol.RequestProxyAuthentication - Proxy auth state: UNCHALLENGED
12:04:06.344 [main] DEBUG org.apache.http.impl.client.DefaultHttpClient - Attempt 1 to execute request
12:04:06.344 [main] DEBUG org.apache.http.impl.conn.DefaultClientConnection - Sending request: GET /api/products/13347 HTTP/1.1
12:04:06.344 [main] DEBUG org.apache.http.wire -  >> "GET /api/products/13347 HTTP/1.1[\r][\n]"
12:04:06.344 [main] DEBUG org.apache.http.wire -  >> "Authorization: Bearer eyJhbGciOiJIUzI1NiIsInR5cCI6IkpXVCJ9.eyJGdWxsbmFtZSI6IkdpdGEgTGVvbmkgZHdpIGZyaXAiLCJFbWFpbCI6ImdpdGFsZWUyMUBnbWFpbC5jb20ifQ.TGsRtCS1_W5fQoxLxVSMhDknX_uoRVw_0tYCGs1StVE[\r][\n]"
12:04:06.344 [main] DEBUG org.apache.http.wire -  >> "Accept: */*[\r][\n]"
12:04:06.345 [main] DEBUG org.apache.http.wire -  >> "Host: altashop-api.fly.dev[\r][\n]"
12:04:06.345 [main] DEBUG org.apache.http.wire -  >> "Connection: Keep-Alive[\r][\n]"
12:04:06.345 [main] DEBUG org.apache.http.wire -  >> "User-Agent: Apache-HttpClient/4.5.13 (Java/19.0.2)[\r][\n]"
12:04:06.345 [main] DEBUG org.apache.http.wire -  >> "Accept-Encoding: gzip,deflate[\r][\n]"
12:04:06.345 [main] DEBUG org.apache.http.wire -  >> "[\r][\n]"
12:04:06.345 [main] DEBUG org.apache.http.headers - >> GET /api/products/13347 HTTP/1.1
12:04:06.345 [main] DEBUG org.apache.http.headers - >> Authorization: Bearer eyJhbGciOiJIUzI1NiIsInR5cCI6IkpXVCJ9.eyJGdWxsbmFtZSI6IkdpdGEgTGVvbmkgZHdpIGZyaXAiLCJFbWFpbCI6ImdpdGFsZWUyMUBnbWFpbC5jb20ifQ.TGsRtCS1_W5fQoxLxVSMhDknX_uoRVw_0tYCGs1StVE
12:04:06.346 [main] DEBUG org.apache.http.headers - >> Accept: */*
12:04:06.346 [main] DEBUG org.apache.http.headers - >> Host: altashop-api.fly.dev
12:04:06.346 [main] DEBUG org.apache.http.headers - >> Connection: Keep-Alive
12:04:06.346 [main] DEBUG org.apache.http.headers - >> User-Agent: Apache-HttpClient/4.5.13 (Java/19.0.2)
12:04:06.346 [main] DEBUG org.apache.http.headers - >> Accept-Encoding: gzip,deflate
12:04:06.416 [main] DEBUG org.apache.http.wire -  << "HTTP/1.1 200 OK[\r][\n]"
12:04:06.417 [main] DEBUG org.apache.http.wire -  << "content-type: application/json[\r][\n]"
12:04:06.417 [main] DEBUG org.apache.http.wire -  << "date: Sun, 07 May 2023 05:04:07 GMT[\r][\n]"
12:04:06.417 [main] DEBUG org.apache.http.wire -  << "content-encoding: gzip[\r][\n]"
12:04:06.418 [main] DEBUG org.apache.http.wire -  << "transfer-encoding: chunked[\r][\n]"
12:04:06.418 [main] DEBUG org.apache.http.wire -  << "server: Fly/3f2597ca (2023-05-03)[\r][\n]"
12:04:06.418 [main] DEBUG org.apache.http.wire -  << "via: 1.1 fly.io[\r][\n]"
12:04:06.419 [main] DEBUG org.apache.http.wire -  << "fly-request-id: 01GZT9GZYPD21E7XQQXKWXQJJP-sin[\r][\n]"
12:04:06.419 [main] DEBUG org.apache.http.wire -  << "[\r][\n]"
12:04:06.420 [main] DEBUG org.apache.http.impl.conn.DefaultClientConnection - Receiving response: HTTP/1.1 200 OK
12:04:06.420 [main] DEBUG org.apache.http.headers - << HTTP/1.1 200 OK
12:04:06.420 [main] DEBUG org.apache.http.headers - << content-type: application/json
12:04:06.420 [main] DEBUG org.apache.http.headers - << date: Sun, 07 May 2023 05:04:07 GMT
12:04:06.420 [main] DEBUG org.apache.http.headers - << content-encoding: gzip
12:04:06.420 [main] DEBUG org.apache.http.headers - << transfer-encoding: chunked
12:04:06.420 [main] DEBUG org.apache.http.headers - << server: Fly/3f2597ca (2023-05-03)
12:04:06.420 [main] DEBUG org.apache.http.headers - << via: 1.1 fly.io
12:04:06.421 [main] DEBUG org.apache.http.headers - << fly-request-id: 01GZT9GZYPD21E7XQQXKWXQJJP-sin
12:04:06.421 [main] DEBUG org.apache.http.impl.client.DefaultHttpClient - Connection can be kept alive indefinitely
12:04:06.422 [main] DEBUG io.restassured.internal.RestAssuredHttpBuilder - Parsing response as: application/json
12:04:06.423 [main] DEBUG org.apache.http.wire -  << "95[\r][\n]"
12:04:06.424 [main] DEBUG org.apache.http.wire -  << "[0x1f][0x8b][0x8][0x0][0x0][0x0][0x0][0x0][0x4][0xff][0xab]VJI,IT[0xb2][0xaa]V[0xf2]tQ[0xb2]24661[0xd7]Q[0xf2]K[0xcc]MU[0xb2]R[0x8a]p[0xca][0xaf]P0T[0xd2]QrI-N.[0xca],([0xc9][0xcc][0xcf]S[0xb2]RR[0xd2]Q[\n]"
12:04:06.424 [main] DEBUG org.apache.http.wire -  << "([0xca]LNU[0xb2]2[0xb1][0xb4][0xd4]Q[\n]"
12:04:06.425 [main] DEBUG org.apache.http.wire -  << "J,[0xc9][0xcc]K/V[0xb2]2[0xd2]QrN,IM[0xcf]/[0xca]L-V[0xb2][0x8a][0x86][0x1a]idjb[0x8]7[0xd2]=173/[0x1d][0xc3]H[0xb7][0xfc]"[0x85]t[0xb0][0x94]BAiQA~qj[0xb1]Rmlm-[0x17][0x0]U`[0xb6][0xac][0x9f][0x0][0x0][0x0]"
12:04:06.425 [main] DEBUG org.apache.http.wire -  << "[\r][\n]"
12:04:06.426 [main] DEBUG org.apache.http.wire -  << "0[\r][\n]"
12:04:06.426 [main] DEBUG org.apache.http.wire -  << "[\r][\n]"
12:04:06.426 [main] DEBUG io.restassured.internal.RestAssuredHttpBuilder - Parsed data to instance of: class org.apache.http.conn.EofSensorInputStream
12:04:06.432 [main] DEBUG org.apache.http.impl.conn.BasicClientConnectionManager - Releasing connection org.apache.http.impl.conn.ManagedClientConnectionImpl@1397b141
12:04:06.432 [main] DEBUG org.apache.http.impl.conn.BasicClientConnectionManager - Connection can be kept alive indefinitely
12:04:06.435 [main] DEBUG net.thucydides.core.steps.StepInterceptor - STEP DONE: I send GET HTTP request by id
  &amp#27;[32mWhen &amp#27;[0m&amp#27;[32mI send GET HTTP request by id&amp#27;[0m                                     &amp#27;[90m# starter.stepdefinitions.ProductSteps.iSendGETHTTPRequestById()&amp#27;[0m
12:04:06.449 [main] DEBUG net.thucydides.core.steps.StepInterceptor - STARTING STEP: ProductSteps.iReceiveAValidHTTPResponseCodeForGetIdDataProducts - I receive a valid HTTP response code 200 for Get id data products
12:04:06.452 [main] DEBUG net.thucydides.core.steps.StepInterceptor - STEP DONE: I receive a valid HTTP response code 200 for Get id data products
  &amp#27;[32mThen &amp#27;[0m&amp#27;[32mI receive a valid HTTP response code &amp#27;[0m&amp#27;[32m&amp#27;[1m200&amp#27;[0m&amp#27;[32m for Get id data products&amp#27;[0m &amp#27;[90m# starter.stepdefinitions.ProductSteps.iReceiveAValidHTTPResponseCodeForGetIdDataProducts(int)&amp#27;[0m
12:04:06.476 [main] DEBUG net.thucydides.core.steps.StepInterceptor - STARTING STEP: ProductSteps.iReceiveValidDataForIdProducts - I receive valid data for id products
12:04:06.477 [main] DEBUG net.thucydides.core.steps.StepInterceptor - STEP DONE: I receive valid data for id products
  &amp#27;[32mAnd &amp#27;[0m&amp#27;[32mI receive valid data for id products&amp#27;[0m                               &amp#27;[90m# starter.stepdefinitions.ProductSteps.iReceiveValidDataForIdProducts()&amp#27;[0m
12:04:06.482 [main] INFO  - 
  _____   ___   ___   _____     ___     _     ___   ___   ___   ___  
 |_   _| | __| / __| |_   _|   | _ \   /_\   / __| / __| | __| |   \ 
   | |   | _|  \__ \   | |     |  _/  / _ \  \__ \ \__ \ | _|  | |) |
   |_|   |___| |___/   |_|     |_|   /_/ \_\ |___/ |___/ |___| |___/ 

GET Product by id
----------------------------------------------------------------------
]]></system-out>
  </testcase>
  <testcase name="Add new product" classname="Products" time="0.846">
    <system-out><![CDATA[
Scenario: Add new product                                        &amp#27;[90m# src/test/resources/api/Produk.feature:14&amp#27;[0m
12:04:06.808 [main] INFO io.cucumber.core.plugin.SerenityReporter - Running feature from file:///E:/mini%20peoject/RestAPi/src/test/resources/api/Produk.feature
12:04:06.808 [main] WARN io.cucumber.core.plugin.SerenityReporter - Feature from file:///E:/mini%20peoject/RestAPi/src/test/resources/api/Produk.feature is not under the 'features' directory. Requirements report will not be correctly generated!
12:04:06.817 [main] INFO  - 
  _____   ___   ___   _____     ___   _____     _     ___   _____   ___   ___  
 |_   _| | __| / __| |_   _|   / __| |_   _|   /_\   | _ \ |_   _| | __| |   \ 
   | |   | _|  \__ \   | |     \__ \   | |    / _ \  |   /   | |   | _|  | |) |
   |_|   |___| |___/   |_|     |___/   |_|   /_/ \_\ |_|_\   |_|   |___| |___/ 

Add new product(products;add-new-product)
--------------------------------------------------------------------------------
12:04:06.952 [main] DEBUG net.thucydides.core.steps.StepInterceptor - STARTING STEP: ProductSteps.iSetPOSTEndpointsProduct - I set POST endpoints product
12:04:06.953 [main] DEBUG net.thucydides.core.steps.StepInterceptor - STEP DONE: I set POST endpoints product
  &amp#27;[32mGiven &amp#27;[0m&amp#27;[32mI set POST endpoints product&amp#27;[0m                             &amp#27;[90m# starter.stepdefinitions.ProductSteps.iSetPOSTEndpointsProduct()&amp#27;[0m
12:04:06.970 [main] DEBUG net.thucydides.core.steps.StepInterceptor - STARTING STEP: ProductSteps.iSubmitAPOSTRequestToWithNameDescriptionPriceAndCategories - I submit a POST request product
12:04:07.008 [main] DEBUG net.thucydides.core.steps.StepInterceptor - STARTING STEP: PostProduct.POSTRequestToWithNameDescriptionPriceAndCategories - I set POST endpoints product
12:04:07.009 [main] DEBUG net.thucydides.core.steps.StepInterceptor - STEP DONE: I set POST endpoints product
12:04:07.126 [main] DEBUG org.apache.http.impl.conn.BasicClientConnectionManager - Get connection for route {s}->https://altashop-api.fly.dev:443
12:04:07.126 [main] DEBUG org.apache.http.impl.conn.DefaultClientConnectionOperator - Connecting to altashop-api.fly.dev:443
12:04:07.259 [main] DEBUG org.apache.http.client.protocol.RequestAddCookies - CookieSpec selected: ignoreCookies
12:04:07.259 [main] DEBUG org.apache.http.client.protocol.RequestAuthCache - Auth cache not set in the context
12:04:07.259 [main] DEBUG org.apache.http.client.protocol.RequestProxyAuthentication - Proxy auth state: UNCHALLENGED
12:04:07.260 [main] DEBUG org.apache.http.impl.client.DefaultHttpClient - Attempt 1 to execute request
12:04:07.261 [main] DEBUG org.apache.http.impl.conn.DefaultClientConnection - Sending request: POST /api/products HTTP/1.1
12:04:07.261 [main] DEBUG org.apache.http.wire -  >> "POST /api/products HTTP/1.1[\r][\n]"
12:04:07.261 [main] DEBUG org.apache.http.wire -  >> "Authorization: Bearer eyJhbGciOiJIUzI1NiIsInR5cCI6IkpXVCJ9.eyJGdWxsbmFtZSI6IkdpdGEgTGVvbmkgZHdpIGZyaXAiLCJFbWFpbCI6ImdpdGFsZWUyMUBnbWFpbC5jb20ifQ.TGsRtCS1_W5fQoxLxVSMhDknX_uoRVw_0tYCGs1StVE[\r][\n]"
12:04:07.261 [main] DEBUG org.apache.http.wire -  >> "Accept: */*[\r][\n]"
12:04:07.262 [main] DEBUG org.apache.http.wire -  >> "Content-Type: application/json[\r][\n]"
12:04:07.262 [main] DEBUG org.apache.http.wire -  >> "Content-Length: 105[\r][\n]"
12:04:07.262 [main] DEBUG org.apache.http.wire -  >> "Host: altashop-api.fly.dev[\r][\n]"
12:04:07.262 [main] DEBUG org.apache.http.wire -  >> "Connection: Keep-Alive[\r][\n]"
12:04:07.262 [main] DEBUG org.apache.http.wire -  >> "User-Agent: Apache-HttpClient/4.5.13 (Java/19.0.2)[\r][\n]"
12:04:07.262 [main] DEBUG org.apache.http.wire -  >> "Accept-Encoding: gzip,deflate[\r][\n]"
12:04:07.262 [main] DEBUG org.apache.http.wire -  >> "[\r][\n]"
12:04:07.262 [main] DEBUG org.apache.http.headers - >> POST /api/products HTTP/1.1
12:04:07.262 [main] DEBUG org.apache.http.headers - >> Authorization: Bearer eyJhbGciOiJIUzI1NiIsInR5cCI6IkpXVCJ9.eyJGdWxsbmFtZSI6IkdpdGEgTGVvbmkgZHdpIGZyaXAiLCJFbWFpbCI6ImdpdGFsZWUyMUBnbWFpbC5jb20ifQ.TGsRtCS1_W5fQoxLxVSMhDknX_uoRVw_0tYCGs1StVE
12:04:07.262 [main] DEBUG org.apache.http.headers - >> Accept: */*
12:04:07.262 [main] DEBUG org.apache.http.headers - >> Content-Type: application/json
12:04:07.262 [main] DEBUG org.apache.http.headers - >> Content-Length: 105
12:04:07.262 [main] DEBUG org.apache.http.headers - >> Host: altashop-api.fly.dev
12:04:07.263 [main] DEBUG org.apache.http.headers - >> Connection: Keep-Alive
12:04:07.263 [main] DEBUG org.apache.http.headers - >> User-Agent: Apache-HttpClient/4.5.13 (Java/19.0.2)
12:04:07.263 [main] DEBUG org.apache.http.headers - >> Accept-Encoding: gzip,deflate
12:04:07.263 [main] DEBUG org.apache.http.wire -  >> "{"price":100,"name":"kipas angin","description":"mengeluarkan angin sangat kencang","categories":[12541]}"
12:04:07.302 [main] DEBUG org.apache.http.wire -  << "HTTP/1.1 200 OK[\r][\n]"
12:04:07.305 [main] DEBUG org.apache.http.wire -  << "content-type: application/json[\r][\n]"
12:04:07.306 [main] DEBUG org.apache.http.wire -  << "date: Sun, 07 May 2023 05:04:08 GMT[\r][\n]"
12:04:07.306 [main] DEBUG org.apache.http.wire -  << "content-encoding: gzip[\r][\n]"
12:04:07.308 [main] DEBUG org.apache.http.wire -  << "transfer-encoding: chunked[\r][\n]"
12:04:07.308 [main] DEBUG org.apache.http.wire -  << "server: Fly/3f2597ca (2023-05-03)[\r][\n]"
12:04:07.308 [main] DEBUG org.apache.http.wire -  << "via: 1.1 fly.io[\r][\n]"
12:04:07.308 [main] DEBUG org.apache.http.wire -  << "fly-request-id: 01GZT9H0V0FHFT5YYXTJ6Z4WXQ-sin[\r][\n]"
12:04:07.308 [main] DEBUG org.apache.http.wire -  << "[\r][\n]"
12:04:07.308 [main] DEBUG org.apache.http.impl.conn.DefaultClientConnection - Receiving response: HTTP/1.1 200 OK
12:04:07.308 [main] DEBUG org.apache.http.headers - << HTTP/1.1 200 OK
12:04:07.308 [main] DEBUG org.apache.http.headers - << content-type: application/json
12:04:07.308 [main] DEBUG org.apache.http.headers - << date: Sun, 07 May 2023 05:04:08 GMT
12:04:07.308 [main] DEBUG org.apache.http.headers - << content-encoding: gzip
12:04:07.309 [main] DEBUG org.apache.http.headers - << transfer-encoding: chunked
12:04:07.309 [main] DEBUG org.apache.http.headers - << server: Fly/3f2597ca (2023-05-03)
12:04:07.309 [main] DEBUG org.apache.http.headers - << via: 1.1 fly.io
12:04:07.309 [main] DEBUG org.apache.http.headers - << fly-request-id: 01GZT9H0V0FHFT5YYXTJ6Z4WXQ-sin
12:04:07.310 [main] DEBUG org.apache.http.impl.client.DefaultHttpClient - Connection can be kept alive indefinitely
12:04:07.310 [main] DEBUG io.restassured.internal.RestAssuredHttpBuilder - Parsing response as: application/json
12:04:07.311 [main] DEBUG org.apache.http.wire -  << "B6[\r][\n]"
12:04:07.311 [main] DEBUG org.apache.http.wire -  << "[0x1f][0x8b][0x8][0x0][0x0][0x0][0x0][0x0][0x4][0xff][0xab]VJI,IT[0xb2][0xaa]V[0xf2]tQ[0xb2]24[0xb6]06[0xd4]Q[0xf2]K[0xcc]MU[0xb2]R[0xca][0xce],H,VH[0xcc]K[0xcf][0xcc]S[0xd2]QrI-N.[0xca],([0xc9][0xcc][0xcf]S[0xb2]R[0xca]M[0xcd]KO[0xcd])M,[0xca]N[0xcc][0x83](Q(N[0xcc]KO,Q[0xc8]N[0xcd]KN[0xcc]KW[0xd2]Q[\n]"
12:04:07.311 [main] DEBUG org.apache.http.wire -  << "([0xca]LNU[0xb2]240[0xd0]Q[\n]"
12:04:07.311 [main] DEBUG org.apache.http.wire -  << "J,[0xc9][0xcc]K/V[0xb2]2[0xd0]QrN,IM[0xcf]/[0xca]L-V[0xb2][0x8a][0x86]Zldj[0x82][0xb0][0xd8]=17[0x13]l[0x2][0xaa][0x9d]n[0xf9]E[\n]"
12:04:07.311 [main] DEBUG org.apache.http.wire -  << "[0xe9]`)[0x85][0x82][0xd2][0xa2][0x82][0xfc][0xe2][0xd4]b[0xa5][0xda][0xd8][0xda]Z.[0x0][0xdc]J[0xe0]z[0xc5][0x0][0x0][0x0]"
12:04:07.311 [main] DEBUG org.apache.http.wire -  << "[\r][\n]"
12:04:07.312 [main] DEBUG org.apache.http.wire -  << "0[\r][\n]"
12:04:07.312 [main] DEBUG org.apache.http.wire -  << "[\r][\n]"
12:04:07.312 [main] DEBUG io.restassured.internal.RestAssuredHttpBuilder - Parsed data to instance of: class org.apache.http.conn.EofSensorInputStream
12:04:07.315 [main] DEBUG org.apache.http.impl.conn.BasicClientConnectionManager - Releasing connection org.apache.http.impl.conn.ManagedClientConnectionImpl@38fc34fd
12:04:07.315 [main] DEBUG org.apache.http.impl.conn.BasicClientConnectionManager - Connection can be kept alive indefinitely
12:04:07.317 [main] DEBUG net.thucydides.core.steps.StepInterceptor - STEP DONE: I submit a POST request product
  &amp#27;[32mWhen &amp#27;[0m&amp#27;[32mI submit a POST request product&amp#27;[0m                           &amp#27;[90m# starter.stepdefinitions.ProductSteps.iSubmitAPOSTRequestToWithNameDescriptionPriceAndCategories()&amp#27;[0m
12:04:07.329 [main] DEBUG net.thucydides.core.steps.StepInterceptor - STARTING STEP: ProductSteps.iReceiveAValidHTTPResponseCodeInProductsPOST - I receive a valid HTTP response code 200 in products POST
12:04:07.331 [main] DEBUG net.thucydides.core.steps.StepInterceptor - STEP DONE: I receive a valid HTTP response code 200 in products POST
  &amp#27;[32mThen &amp#27;[0m&amp#27;[32mI receive a valid HTTP response code &amp#27;[0m&amp#27;[32m&amp#27;[1m200&amp#27;[0m&amp#27;[32m in products POST&amp#27;[0m &amp#27;[90m# starter.stepdefinitions.ProductSteps.iReceiveAValidHTTPResponseCodeInProductsPOST(int)&amp#27;[0m
12:04:07.347 [main] DEBUG net.thucydides.core.steps.StepInterceptor - STARTING STEP: ProductSteps.iReceiveValidDataForNewProduct - I receive valid data for new product
12:04:07.353 [main] DEBUG net.thucydides.core.steps.StepInterceptor - STEP DONE: I receive valid data for new product
  &amp#27;[32mAnd &amp#27;[0m&amp#27;[32mI receive valid data for new product&amp#27;[0m                       &amp#27;[90m# starter.stepdefinitions.ProductSteps.iReceiveValidDataForNewProduct()&amp#27;[0m
12:04:07.358 [main] INFO  - 
  _____   ___   ___   _____     ___     _     ___   ___   ___   ___  
 |_   _| | __| / __| |_   _|   | _ \   /_\   / __| / __| | __| |   \ 
   | |   | _|  \__ \   | |     |  _/  / _ \  \__ \ \__ \ | _|  | |) |
   |_|   |___| |___/   |_|     |_|   /_/ \_\ |___/ |___/ |___| |___/ 

Add new product
----------------------------------------------------------------------
]]></system-out>
  </testcase>
  <testcase name="DELETE Product" classname="Products" time="0.452">
    <system-out><![CDATA[
Scenario: DELETE Product                                           &amp#27;[90m# src/test/resources/api/Produk.feature:20&amp#27;[0m
12:04:07.410 [main] INFO io.cucumber.core.plugin.SerenityReporter - Running feature from file:///E:/mini%20peoject/RestAPi/src/test/resources/api/Produk.feature
12:04:07.410 [main] WARN io.cucumber.core.plugin.SerenityReporter - Feature from file:///E:/mini%20peoject/RestAPi/src/test/resources/api/Produk.feature is not under the 'features' directory. Requirements report will not be correctly generated!
12:04:07.428 [main] INFO  - 
  _____   ___   ___   _____     ___   _____     _     ___   _____   ___   ___  
 |_   _| | __| / __| |_   _|   / __| |_   _|   /_\   | _ \ |_   _| | __| |   \ 
   | |   | _|  \__ \   | |     \__ \   | |    / _ \  |   /   | |   | _|  | |) |
   |_|   |___| |___/   |_|     |___/   |_|   /_/ \_\ |_|_\   |_|   |___| |___/ 

DELETE Product(products;delete-product)
--------------------------------------------------------------------------------
12:04:07.565 [main] DEBUG net.thucydides.core.steps.StepInterceptor - STARTING STEP: ProductSteps.iSetDELETEEndpoints - I set DELETE endpoints
12:04:07.566 [main] DEBUG net.thucydides.core.steps.StepInterceptor - STEP DONE: I set DELETE endpoints
  &amp#27;[32mGiven &amp#27;[0m&amp#27;[32mI set DELETE endpoints&amp#27;[0m                                     &amp#27;[90m# starter.stepdefinitions.ProductSteps.iSetDELETEEndpoints()&amp#27;[0m
12:04:07.594 [main] DEBUG net.thucydides.core.steps.StepInterceptor - STARTING STEP: ProductSteps.iSendDELETEHTTPRequest - I send DELETE HTTP request
12:04:07.605 [main] DEBUG net.thucydides.core.steps.StepInterceptor - STARTING STEP: DeleteProduct.DELETEHTTPRequest - I set DELETE endpoints
12:04:07.606 [main] DEBUG net.thucydides.core.steps.StepInterceptor - STEP DONE: I set DELETE endpoints
12:04:07.649 [main] DEBUG org.apache.http.impl.conn.BasicClientConnectionManager - Get connection for route {s}->https://altashop-api.fly.dev:443
12:04:07.649 [main] DEBUG org.apache.http.impl.conn.DefaultClientConnectionOperator - Connecting to altashop-api.fly.dev:443
12:04:07.738 [main] DEBUG org.apache.http.client.protocol.RequestAddCookies - CookieSpec selected: ignoreCookies
12:04:07.739 [main] DEBUG org.apache.http.client.protocol.RequestAuthCache - Auth cache not set in the context
12:04:07.739 [main] DEBUG org.apache.http.client.protocol.RequestTargetAuthentication - Target auth state: UNCHALLENGED
12:04:07.739 [main] DEBUG org.apache.http.client.protocol.RequestProxyAuthentication - Proxy auth state: UNCHALLENGED
12:04:07.739 [main] DEBUG org.apache.http.impl.client.DefaultHttpClient - Attempt 1 to execute request
12:04:07.739 [main] DEBUG org.apache.http.impl.conn.DefaultClientConnection - Sending request: DELETE /api/products/11365 HTTP/1.1
12:04:07.739 [main] DEBUG org.apache.http.wire -  >> "DELETE /api/products/11365 HTTP/1.1[\r][\n]"
12:04:07.739 [main] DEBUG org.apache.http.wire -  >> "Accept: */*[\r][\n]"
12:04:07.739 [main] DEBUG org.apache.http.wire -  >> "Host: altashop-api.fly.dev[\r][\n]"
12:04:07.739 [main] DEBUG org.apache.http.wire -  >> "Connection: Keep-Alive[\r][\n]"
12:04:07.739 [main] DEBUG org.apache.http.wire -  >> "User-Agent: Apache-HttpClient/4.5.13 (Java/19.0.2)[\r][\n]"
12:04:07.739 [main] DEBUG org.apache.http.wire -  >> "Accept-Encoding: gzip,deflate[\r][\n]"
12:04:07.739 [main] DEBUG org.apache.http.wire -  >> "[\r][\n]"
12:04:07.739 [main] DEBUG org.apache.http.headers - >> DELETE /api/products/11365 HTTP/1.1
12:04:07.739 [main] DEBUG org.apache.http.headers - >> Accept: */*
12:04:07.740 [main] DEBUG org.apache.http.headers - >> Host: altashop-api.fly.dev
12:04:07.740 [main] DEBUG org.apache.http.headers - >> Connection: Keep-Alive
12:04:07.740 [main] DEBUG org.apache.http.headers - >> User-Agent: Apache-HttpClient/4.5.13 (Java/19.0.2)
12:04:07.740 [main] DEBUG org.apache.http.headers - >> Accept-Encoding: gzip,deflate
12:04:07.784 [main] DEBUG org.apache.http.wire -  << "HTTP/1.1 200 OK[\r][\n]"
12:04:07.788 [main] DEBUG org.apache.http.wire -  << "content-type: application/json[\r][\n]"
12:04:07.788 [main] DEBUG org.apache.http.wire -  << "date: Sun, 07 May 2023 05:04:09 GMT[\r][\n]"
12:04:07.788 [main] DEBUG org.apache.http.wire -  << "content-encoding: gzip[\r][\n]"
12:04:07.788 [main] DEBUG org.apache.http.wire -  << "transfer-encoding: chunked[\r][\n]"
12:04:07.788 [main] DEBUG org.apache.http.wire -  << "server: Fly/3f2597ca (2023-05-03)[\r][\n]"
12:04:07.788 [main] DEBUG org.apache.http.wire -  << "via: 1.1 fly.io[\r][\n]"
12:04:07.790 [main] DEBUG org.apache.http.wire -  << "fly-request-id: 01GZT9H19YBV97DJNCNC9ZKV2R-sin[\r][\n]"
12:04:07.791 [main] DEBUG org.apache.http.wire -  << "[\r][\n]"
12:04:07.791 [main] DEBUG org.apache.http.impl.conn.DefaultClientConnection - Receiving response: HTTP/1.1 200 OK
12:04:07.791 [main] DEBUG org.apache.http.headers - << HTTP/1.1 200 OK
12:04:07.791 [main] DEBUG org.apache.http.headers - << content-type: application/json
12:04:07.791 [main] DEBUG org.apache.http.headers - << date: Sun, 07 May 2023 05:04:09 GMT
12:04:07.791 [main] DEBUG org.apache.http.headers - << content-encoding: gzip
12:04:07.791 [main] DEBUG org.apache.http.headers - << transfer-encoding: chunked
12:04:07.791 [main] DEBUG org.apache.http.headers - << server: Fly/3f2597ca (2023-05-03)
12:04:07.791 [main] DEBUG org.apache.http.headers - << via: 1.1 fly.io
12:04:07.791 [main] DEBUG org.apache.http.headers - << fly-request-id: 01GZT9H19YBV97DJNCNC9ZKV2R-sin
12:04:07.792 [main] DEBUG org.apache.http.impl.client.DefaultHttpClient - Connection can be kept alive indefinitely
12:04:07.792 [main] DEBUG io.restassured.internal.RestAssuredHttpBuilder - Parsing response as: application/json
12:04:07.792 [main] DEBUG org.apache.http.wire -  << "22[\r][\n]"
12:04:07.793 [main] DEBUG org.apache.http.wire -  << "[0x1f][0x8b][0x8][0x0][0x0][0x0][0x0][0x0][0x4][0xff][0xab]VJI,IT[0xb2][0xca]+[0xcd][0xc9][0xa9][0xe5][0x2][0x0][0xa3][0xab][0x8f]W[0xe][0x0][0x0][0x0]"
12:04:07.793 [main] DEBUG org.apache.http.wire -  << "[\r][\n]"
12:04:07.793 [main] DEBUG org.apache.http.wire -  << "0[\r][\n]"
12:04:07.793 [main] DEBUG org.apache.http.wire -  << "[\r][\n]"
12:04:07.793 [main] DEBUG io.restassured.internal.RestAssuredHttpBuilder - Parsed data to instance of: class org.apache.http.conn.EofSensorInputStream
12:04:07.796 [main] DEBUG org.apache.http.impl.conn.BasicClientConnectionManager - Releasing connection org.apache.http.impl.conn.ManagedClientConnectionImpl@6b33892a
12:04:07.797 [main] DEBUG org.apache.http.impl.conn.BasicClientConnectionManager - Connection can be kept alive indefinitely
12:04:07.798 [main] DEBUG net.thucydides.core.steps.StepInterceptor - STEP DONE: I send DELETE HTTP request
  &amp#27;[32mWhen &amp#27;[0m&amp#27;[32mI send DELETE HTTP request&amp#27;[0m                                  &amp#27;[90m# starter.stepdefinitions.ProductSteps.iSendDELETEHTTPRequest()&amp#27;[0m
12:04:07.808 [main] DEBUG net.thucydides.core.steps.StepInterceptor - STARTING STEP: ProductSteps.iReceiveAValidHTTPResponseCodeInProductsDELETE - I receive a valid HTTP response code 200 in products DELETE
12:04:07.810 [main] DEBUG net.thucydides.core.steps.StepInterceptor - STEP DONE: I receive a valid HTTP response code 200 in products DELETE
  &amp#27;[32mThen &amp#27;[0m&amp#27;[32mI receive a valid HTTP response code &amp#27;[0m&amp#27;[32m&amp#27;[1m200&amp#27;[0m&amp#27;[32m in products DELETE&amp#27;[0m &amp#27;[90m# starter.stepdefinitions.ProductSteps.iReceiveAValidHTTPResponseCodeInProductsDELETE(int)&amp#27;[0m
12:04:07.815 [main] INFO  - 
  _____   ___   ___   _____     ___     _     ___   ___   ___   ___  
 |_   _| | __| / __| |_   _|   | _ \   /_\   / __| / __| | __| |   \ 
   | |   | _|  \__ \   | |     |  _/  / _ \  \__ \ \__ \ | _|  | |) |
   |_|   |___| |___/   |_|     |_|   /_/ \_\ |___/ |___/ |___| |___/ 

DELETE Product
----------------------------------------------------------------------
]]></system-out>
  </testcase>
  <testcase name="GET products rating" classname="Products" time="0.379">
    <system-out><![CDATA[
Scenario: GET products rating                                              &amp#27;[90m# src/test/resources/api/Produk.feature:25&amp#27;[0m
12:04:07.844 [main] INFO io.cucumber.core.plugin.SerenityReporter - Running feature from file:///E:/mini%20peoject/RestAPi/src/test/resources/api/Produk.feature
12:04:07.844 [main] WARN io.cucumber.core.plugin.SerenityReporter - Feature from file:///E:/mini%20peoject/RestAPi/src/test/resources/api/Produk.feature is not under the 'features' directory. Requirements report will not be correctly generated!
12:04:07.849 [main] INFO  - 
  _____   ___   ___   _____     ___   _____     _     ___   _____   ___   ___  
 |_   _| | __| / __| |_   _|   / __| |_   _|   /_\   | _ \ |_   _| | __| |   \ 
   | |   | _|  \__ \   | |     \__ \   | |    / _ \  |   /   | |   | _|  | |) |
   |_|   |___| |___/   |_|     |___/   |_|   /_/ \_\ |_|_\   |_|   |___| |___/ 

GET products rating(products;get-products-rating)
--------------------------------------------------------------------------------
12:04:07.940 [main] DEBUG net.thucydides.core.steps.StepInterceptor - STARTING STEP: ProductSteps.iSetGETEndpointsByRating - I set GET endpoints by rating
12:04:07.943 [main] DEBUG net.thucydides.core.steps.StepInterceptor - STEP DONE: I set GET endpoints by rating
  &amp#27;[32mGiven &amp#27;[0m&amp#27;[32mI set GET endpoints by rating&amp#27;[0m                                      &amp#27;[90m# starter.stepdefinitions.ProductSteps.iSetGETEndpointsByRating()&amp#27;[0m
12:04:07.952 [main] DEBUG net.thucydides.core.steps.StepInterceptor - STARTING STEP: ProductSteps.iSendGETHTTPRequestByRating - I send GET HTTP request by rating
12:04:07.959 [main] DEBUG net.thucydides.core.steps.StepInterceptor - STARTING STEP: GetProductRating.GETHTTPRequestByRating - I set GET endpoints by rating
12:04:07.961 [main] DEBUG net.thucydides.core.steps.StepInterceptor - STEP DONE: I set GET endpoints by rating
12:04:08.027 [main] DEBUG org.apache.http.impl.conn.BasicClientConnectionManager - Get connection for route {s}->https://altashop-api.fly.dev:443
12:04:08.027 [main] DEBUG org.apache.http.impl.conn.DefaultClientConnectionOperator - Connecting to altashop-api.fly.dev:443
12:04:08.126 [main] DEBUG org.apache.http.client.protocol.RequestAddCookies - CookieSpec selected: ignoreCookies
12:04:08.126 [main] DEBUG org.apache.http.client.protocol.RequestAuthCache - Auth cache not set in the context
12:04:08.126 [main] DEBUG org.apache.http.client.protocol.RequestTargetAuthentication - Target auth state: UNCHALLENGED
12:04:08.126 [main] DEBUG org.apache.http.client.protocol.RequestProxyAuthentication - Proxy auth state: UNCHALLENGED
12:04:08.126 [main] DEBUG org.apache.http.impl.client.DefaultHttpClient - Attempt 1 to execute request
12:04:08.126 [main] DEBUG org.apache.http.impl.conn.DefaultClientConnection - Sending request: GET /api/products/2/ratings HTTP/1.1
12:04:08.126 [main] DEBUG org.apache.http.wire -  >> "GET /api/products/2/ratings HTTP/1.1[\r][\n]"
12:04:08.126 [main] DEBUG org.apache.http.wire -  >> "Accept: */*[\r][\n]"
12:04:08.126 [main] DEBUG org.apache.http.wire -  >> "Host: altashop-api.fly.dev[\r][\n]"
12:04:08.127 [main] DEBUG org.apache.http.wire -  >> "Connection: Keep-Alive[\r][\n]"
12:04:08.127 [main] DEBUG org.apache.http.wire -  >> "User-Agent: Apache-HttpClient/4.5.13 (Java/19.0.2)[\r][\n]"
12:04:08.127 [main] DEBUG org.apache.http.wire -  >> "Accept-Encoding: gzip,deflate[\r][\n]"
12:04:08.127 [main] DEBUG org.apache.http.wire -  >> "[\r][\n]"
12:04:08.127 [main] DEBUG org.apache.http.headers - >> GET /api/products/2/ratings HTTP/1.1
12:04:08.127 [main] DEBUG org.apache.http.headers - >> Accept: */*
12:04:08.127 [main] DEBUG org.apache.http.headers - >> Host: altashop-api.fly.dev
12:04:08.127 [main] DEBUG org.apache.http.headers - >> Connection: Keep-Alive
12:04:08.127 [main] DEBUG org.apache.http.headers - >> User-Agent: Apache-HttpClient/4.5.13 (Java/19.0.2)
12:04:08.127 [main] DEBUG org.apache.http.headers - >> Accept-Encoding: gzip,deflate
12:04:08.160 [main] DEBUG org.apache.http.wire -  << "HTTP/1.1 200 OK[\r][\n]"
12:04:08.161 [main] DEBUG org.apache.http.wire -  << "content-type: application/json[\r][\n]"
12:04:08.161 [main] DEBUG org.apache.http.wire -  << "date: Sun, 07 May 2023 05:04:09 GMT[\r][\n]"
12:04:08.161 [main] DEBUG org.apache.http.wire -  << "content-encoding: gzip[\r][\n]"
12:04:08.161 [main] DEBUG org.apache.http.wire -  << "transfer-encoding: chunked[\r][\n]"
12:04:08.161 [main] DEBUG org.apache.http.wire -  << "server: Fly/3f2597ca (2023-05-03)[\r][\n]"
12:04:08.161 [main] DEBUG org.apache.http.wire -  << "via: 1.1 fly.io[\r][\n]"
12:04:08.161 [main] DEBUG org.apache.http.wire -  << "fly-request-id: 01GZT9H1NYBYFJXP1S0H00VFYA-sin[\r][\n]"
12:04:08.161 [main] DEBUG org.apache.http.wire -  << "[\r][\n]"
12:04:08.161 [main] DEBUG org.apache.http.impl.conn.DefaultClientConnection - Receiving response: HTTP/1.1 200 OK
12:04:08.161 [main] DEBUG org.apache.http.headers - << HTTP/1.1 200 OK
12:04:08.161 [main] DEBUG org.apache.http.headers - << content-type: application/json
12:04:08.161 [main] DEBUG org.apache.http.headers - << date: Sun, 07 May 2023 05:04:09 GMT
12:04:08.161 [main] DEBUG org.apache.http.headers - << content-encoding: gzip
12:04:08.161 [main] DEBUG org.apache.http.headers - << transfer-encoding: chunked
12:04:08.161 [main] DEBUG org.apache.http.headers - << server: Fly/3f2597ca (2023-05-03)
12:04:08.161 [main] DEBUG org.apache.http.headers - << via: 1.1 fly.io
12:04:08.162 [main] DEBUG org.apache.http.headers - << fly-request-id: 01GZT9H1NYBYFJXP1S0H00VFYA-sin
12:04:08.162 [main] DEBUG org.apache.http.impl.client.DefaultHttpClient - Connection can be kept alive indefinitely
12:04:08.162 [main] DEBUG io.restassured.internal.RestAssuredHttpBuilder - Parsing response as: application/json
12:04:08.162 [main] DEBUG org.apache.http.wire -  << "1F[\r][\n]"
12:04:08.162 [main] DEBUG org.apache.http.wire -  << "[0x1f][0x8b][0x8][0x0][0x0][0x0][0x0][0x0][0x4][0xff][0xab]VJI,IT[0xb2]2[0xaa][0xe5][0x2][0x0][0x6]TQB[0xb][0x0][0x0][0x0]"
12:04:08.162 [main] DEBUG org.apache.http.wire -  << "[\r][\n]"
12:04:08.163 [main] DEBUG org.apache.http.wire -  << "0[\r][\n]"
12:04:08.163 [main] DEBUG org.apache.http.wire -  << "[\r][\n]"
12:04:08.163 [main] DEBUG io.restassured.internal.RestAssuredHttpBuilder - Parsed data to instance of: class org.apache.http.conn.EofSensorInputStream
12:04:08.166 [main] DEBUG org.apache.http.impl.conn.BasicClientConnectionManager - Releasing connection org.apache.http.impl.conn.ManagedClientConnectionImpl@19ce19b7
12:04:08.167 [main] DEBUG org.apache.http.impl.conn.BasicClientConnectionManager - Connection can be kept alive indefinitely
12:04:08.168 [main] DEBUG net.thucydides.core.steps.StepInterceptor - STEP DONE: I send GET HTTP request by rating
  &amp#27;[32mWhen &amp#27;[0m&amp#27;[32mI send GET HTTP request by rating&amp#27;[0m                                   &amp#27;[90m# starter.stepdefinitions.ProductSteps.iSendGETHTTPRequestByRating()&amp#27;[0m
12:04:08.177 [main] DEBUG net.thucydides.core.steps.StepInterceptor - STARTING STEP: ProductSteps.iReceiveValidHTTPResponseCodeForGetRatingDataProducts - I receive valid HTTP response code 200 for Get rating data products
12:04:08.179 [main] DEBUG net.thucydides.core.steps.StepInterceptor - STEP DONE: I receive valid HTTP response code 200 for Get rating data products
  &amp#27;[32mThen &amp#27;[0m&amp#27;[32mI receive valid HTTP response code &amp#27;[0m&amp#27;[32m&amp#27;[1m200&amp#27;[0m&amp#27;[32m for Get rating data products&amp#27;[0m &amp#27;[90m# starter.stepdefinitions.ProductSteps.iReceiveValidHTTPResponseCodeForGetRatingDataProducts(int)&amp#27;[0m
12:04:08.187 [main] DEBUG net.thucydides.core.steps.StepInterceptor - STARTING STEP: ProductSteps.iReceiveValidDataForRatingProducts - I receive valid data for rating products
12:04:08.188 [main] DEBUG net.thucydides.core.steps.StepInterceptor - STEP DONE: I receive valid data for rating products
  &amp#27;[32mAnd &amp#27;[0m&amp#27;[32mI receive valid data for rating products&amp#27;[0m                             &amp#27;[90m# starter.stepdefinitions.ProductSteps.iReceiveValidDataForRatingProducts()&amp#27;[0m
12:04:08.194 [main] INFO  - 
  _____   ___   ___   _____     ___     _     ___   ___   ___   ___  
 |_   _| | __| / __| |_   _|   | _ \   /_\   / __| / __| | __| |   \ 
   | |   | _|  \__ \   | |     |  _/  / _ \  \__ \ \__ \ | _|  | |) |
   |_|   |___| |___/   |_|     |_|   /_/ \_\ |___/ |___/ |___| |___/ 

GET products rating
----------------------------------------------------------------------
]]></system-out>
  </testcase>
  <testcase name="POST As admin I have be able to create new products rating" classname="Products" time="0.342">
    <error type="io.cucumber.junit.UndefinedStepException"><![CDATA[io.cucumber.junit.UndefinedStepException: 
The step 'I set POST endpoints by rating' and 3 other step(s) are undefined.
You can implement these steps using the snippet(s) below:

@Given("I set POST endpoints by rating")
public void i_set_post_endpoints_by_rating() {
    // Write code here that turns the phrase above into concrete actions
    throw new io.cucumber.java.PendingException();
}
@When("I send POST HTTP request by rating")
public void i_send_post_http_request_by_rating() {
    // Write code here that turns the phrase above into concrete actions
    throw new io.cucumber.java.PendingException();
}
@Then("I receive valid HTTP response code {int} in products rating POST")
public void i_receive_valid_http_response_code_in_products_rating_post(Integer int1) {
    // Write code here that turns the phrase above into concrete actions
    throw new io.cucumber.java.PendingException();
}
@Then("I receive valid data for assign product rating")
public void i_receive_valid_data_for_assign_product_rating() {
    // Write code here that turns the phrase above into concrete actions
    throw new io.cucumber.java.PendingException();
}

]]></error>
    <system-out><![CDATA[
Scenario: POST As admin I have be able to create new products rating  &amp#27;[90m# src/test/resources/api/Produk.feature:31&amp#27;[0m
12:04:08.386 [main] INFO io.cucumber.core.plugin.SerenityReporter - Running feature from file:///E:/mini%20peoject/RestAPi/src/test/resources/api/Produk.feature
12:04:08.412 [main] WARN io.cucumber.core.plugin.SerenityReporter - Feature from file:///E:/mini%20peoject/RestAPi/src/test/resources/api/Produk.feature is not under the 'features' directory. Requirements report will not be correctly generated!
12:04:08.417 [main] INFO  - 
  _____   ___   ___   _____     ___   _____     _     ___   _____   ___   ___  
 |_   _| | __| / __| |_   _|   / __| |_   _|   /_\   | _ \ |_   _| | __| |   \ 
   | |   | _|  \__ \   | |     \__ \   | |    / _ \  |   /   | |   | _|  | |) |
   |_|   |___| |___/   |_|     |___/   |_|   /_/ \_\ |_|_\   |_|   |___| |___/ 

POST As admin I have be able to create new products rating(products;post-as-admin-i-have-be-able-to-create-new-products-rating)
--------------------------------------------------------------------------------
  &amp#27;[33mGiven &amp#27;[0m&amp#27;[33mI set POST endpoints by rating&amp#27;[0m
  &amp#27;[36mWhen &amp#27;[0m&amp#27;[36mI send POST HTTP request by rating&amp#27;[0m
  &amp#27;[36mThen &amp#27;[0m&amp#27;[36mI receive valid HTTP response code 200 in products rating POST&amp#27;[0m
  &amp#27;[36mAnd &amp#27;[0m&amp#27;[36mI receive valid data for assign product rating&amp#27;[0m
12:04:08.533 [main] INFO  - 
  _____   ___   ___   _____     ___   ___   _  _   ___    ___   _  _    ___ 
 |_   _| | __| / __| |_   _|   | _ \ | __| | \| | |   \  |_ _| | \| |  / __|
   | |   | _|  \__ \   | |     |  _/ | _|  | .` | | |) |  | |  | .` | | (_ |
   |_|   |___| |___/   |_|     |_|   |___| |_|\_| |___/  |___| |_|\_|  \___|

POST As admin I have be able to create new products rating
-----------------------------------------------------------------------------
]]></system-out>
  </testcase>
  <testcase name="GET products comment" classname="Products" time="0.482">
    <system-out><![CDATA[
Scenario: GET products comment                                              &amp#27;[90m# src/test/resources/api/Produk.feature:37&amp#27;[0m
12:04:08.665 [main] INFO io.cucumber.core.plugin.SerenityReporter - Running feature from file:///E:/mini%20peoject/RestAPi/src/test/resources/api/Produk.feature
12:04:08.666 [main] WARN io.cucumber.core.plugin.SerenityReporter - Feature from file:///E:/mini%20peoject/RestAPi/src/test/resources/api/Produk.feature is not under the 'features' directory. Requirements report will not be correctly generated!
12:04:08.689 [main] INFO  - 
  _____   ___   ___   _____     ___   _____     _     ___   _____   ___   ___  
 |_   _| | __| / __| |_   _|   / __| |_   _|   /_\   | _ \ |_   _| | __| |   \ 
   | |   | _|  \__ \   | |     \__ \   | |    / _ \  |   /   | |   | _|  | |) |
   |_|   |___| |___/   |_|     |___/   |_|   /_/ \_\ |_|_\   |_|   |___| |___/ 

GET products comment(products;get-products-comment)
--------------------------------------------------------------------------------
12:04:08.779 [main] DEBUG net.thucydides.core.steps.StepInterceptor - STARTING STEP: ProductSteps.iSetGETEndpointsByComment - I set GET endpoints by comment
12:04:08.780 [main] DEBUG net.thucydides.core.steps.StepInterceptor - STEP DONE: I set GET endpoints by comment
  &amp#27;[32mGiven &amp#27;[0m&amp#27;[32mI set GET endpoints by comment&amp#27;[0m                                      &amp#27;[90m# starter.stepdefinitions.ProductSteps.iSetGETEndpointsByComment()&amp#27;[0m
12:04:08.798 [main] DEBUG net.thucydides.core.steps.StepInterceptor - STARTING STEP: ProductSteps.iSendGETHTTPRequestByComment - I send GET HTTP request by comment
12:04:08.802 [main] DEBUG net.thucydides.core.steps.StepInterceptor - STARTING STEP: GetProductComment.GETHTTPRequestByComment - I set GET endpoints by comment
12:04:08.805 [main] DEBUG net.thucydides.core.steps.StepInterceptor - STEP DONE: I set GET endpoints by comment
12:04:08.862 [main] DEBUG org.apache.http.impl.conn.BasicClientConnectionManager - Get connection for route {s}->https://altashop-api.fly.dev:443
12:04:08.862 [main] DEBUG org.apache.http.impl.conn.DefaultClientConnectionOperator - Connecting to altashop-api.fly.dev:443
12:04:08.959 [main] DEBUG org.apache.http.client.protocol.RequestAddCookies - CookieSpec selected: ignoreCookies
12:04:08.960 [main] DEBUG org.apache.http.client.protocol.RequestAuthCache - Auth cache not set in the context
12:04:08.960 [main] DEBUG org.apache.http.client.protocol.RequestTargetAuthentication - Target auth state: UNCHALLENGED
12:04:08.960 [main] DEBUG org.apache.http.client.protocol.RequestProxyAuthentication - Proxy auth state: UNCHALLENGED
12:04:08.960 [main] DEBUG org.apache.http.impl.client.DefaultHttpClient - Attempt 1 to execute request
12:04:08.960 [main] DEBUG org.apache.http.impl.conn.DefaultClientConnection - Sending request: GET /api/products/2/comments/ HTTP/1.1
12:04:08.960 [main] DEBUG org.apache.http.wire -  >> "GET /api/products/2/comments/ HTTP/1.1[\r][\n]"
12:04:08.960 [main] DEBUG org.apache.http.wire -  >> "Accept: */*[\r][\n]"
12:04:08.961 [main] DEBUG org.apache.http.wire -  >> "Host: altashop-api.fly.dev[\r][\n]"
12:04:08.961 [main] DEBUG org.apache.http.wire -  >> "Connection: Keep-Alive[\r][\n]"
12:04:08.961 [main] DEBUG org.apache.http.wire -  >> "User-Agent: Apache-HttpClient/4.5.13 (Java/19.0.2)[\r][\n]"
12:04:08.961 [main] DEBUG org.apache.http.wire -  >> "Accept-Encoding: gzip,deflate[\r][\n]"
12:04:08.961 [main] DEBUG org.apache.http.wire -  >> "[\r][\n]"
12:04:08.961 [main] DEBUG org.apache.http.headers - >> GET /api/products/2/comments/ HTTP/1.1
12:04:08.961 [main] DEBUG org.apache.http.headers - >> Accept: */*
12:04:08.961 [main] DEBUG org.apache.http.headers - >> Host: altashop-api.fly.dev
12:04:08.961 [main] DEBUG org.apache.http.headers - >> Connection: Keep-Alive
12:04:08.961 [main] DEBUG org.apache.http.headers - >> User-Agent: Apache-HttpClient/4.5.13 (Java/19.0.2)
12:04:08.961 [main] DEBUG org.apache.http.headers - >> Accept-Encoding: gzip,deflate
12:04:08.995 [main] DEBUG org.apache.http.wire -  << "HTTP/1.1 200 OK[\r][\n]"
12:04:08.995 [main] DEBUG org.apache.http.wire -  << "content-type: application/json[\r][\n]"
12:04:08.995 [main] DEBUG org.apache.http.wire -  << "date: Sun, 07 May 2023 05:04:10 GMT[\r][\n]"
12:04:08.995 [main] DEBUG org.apache.http.wire -  << "transfer-encoding: chunked[\r][\n]"
12:04:08.995 [main] DEBUG org.apache.http.wire -  << "content-encoding: gzip[\r][\n]"
12:04:08.995 [main] DEBUG org.apache.http.wire -  << "server: Fly/3f2597ca (2023-05-03)[\r][\n]"
12:04:08.995 [main] DEBUG org.apache.http.wire -  << "via: 1.1 fly.io[\r][\n]"
12:04:08.996 [main] DEBUG org.apache.http.wire -  << "fly-request-id: 01GZT9H2G0MBVRYE6EWTMEFAN6-sin[\r][\n]"
12:04:08.996 [main] DEBUG org.apache.http.wire -  << "[\r][\n]"
12:04:08.996 [main] DEBUG org.apache.http.impl.conn.DefaultClientConnection - Receiving response: HTTP/1.1 200 OK
12:04:08.996 [main] DEBUG org.apache.http.headers - << HTTP/1.1 200 OK
12:04:08.996 [main] DEBUG org.apache.http.headers - << content-type: application/json
12:04:08.996 [main] DEBUG org.apache.http.headers - << date: Sun, 07 May 2023 05:04:10 GMT
12:04:08.996 [main] DEBUG org.apache.http.headers - << transfer-encoding: chunked
12:04:08.996 [main] DEBUG org.apache.http.headers - << content-encoding: gzip
12:04:08.996 [main] DEBUG org.apache.http.headers - << server: Fly/3f2597ca (2023-05-03)
12:04:08.996 [main] DEBUG org.apache.http.headers - << via: 1.1 fly.io
12:04:08.996 [main] DEBUG org.apache.http.headers - << fly-request-id: 01GZT9H2G0MBVRYE6EWTMEFAN6-sin
12:04:08.997 [main] DEBUG org.apache.http.impl.client.DefaultHttpClient - Connection can be kept alive indefinitely
12:04:08.997 [main] DEBUG io.restassured.internal.RestAssuredHttpBuilder - Parsing response as: application/json
12:04:08.997 [main] DEBUG org.apache.http.wire -  << "11E[\r][\n]"
12:04:08.998 [main] DEBUG org.apache.http.wire -  << "[0x1f][0x8b][0x8][0x0][0x0][0x0][0x0][0x0][0x4][0xff][0xaa]VJI,IT[0xb2][0x8a][0xae]V[0xf2]tQ[0xb2]24056[0xd6]Qr[0xce][0xcf]+I[0xcd]+Q[0xb2]Rr[0xcc][0xc9]L,V[0xc8]LQH[0xc9],.[0xc9][0xcc]K.[0xc9][0xcc]W(N-,[0xcd]T(K-[0xca],I,[0xc9],[0xd6]S[0xd2]Q[\n]"
12:04:08.998 [main] DEBUG org.apache.http.wire -  << "-N-R[0xb2][0xca]+[0xcd][0xc9][0xd1]Q[\n]"
12:04:08.998 [main] DEBUG org.apache.http.wire -  << "([0xca]O)M.[0x81]q[0x9d][0xf3]ss[0xc1]f[0x81]dku[0x10][0xf6][0x98] [0xdb][0xe3][0x9c][0x9f][0x7]26[0xb1][0xa4][0xb4]H!'[0xb1]4%1[0xaf]$[0xb3]4W!7?'[0xb5][0xb8]$31U!1E![0xb5][0x84]\[0xab]L[0x91][0xad]*[0xc9]HUHO[0xcc]M-VH,JUH/JM,Q[0xc8][0xcc]K[0xce])M[0xc9][0xcc]KWp/J[0xcc]S[0x8])-[0xca],[0xce][0xcd]W0WH*-Q(NL[0xc9][0xa9]Tp[0xf]1Q[0xc8],V[0xc8]-M[0xce]PHJ-)I-"[0xd3][0xdf][0xe6][0x83][0xc9]1[0x16][0x83][0xc8]1&[0x6][0x83][0xc9]1[0x86][0x83][0xc9]1F[0xc8][0x8e][0xc9]T/)Vp+[0xca]LI[0xac]$/[0x9][0x9a][0xa0]d[0xf1][0x1][0xce][0xf]&4[0xcc][0x9c][0x0][0x0][0x0][0x0][0xff][0xff]"
12:04:08.998 [main] DEBUG org.apache.http.wire -  << "[\r][\n]"
12:04:08.998 [main] DEBUG org.apache.http.wire -  << "2EF[\r][\n]"
12:04:08.999 [main] DEBUG org.apache.http.wire -  << ""[0xb9]P2C)[0x94]([0xe]h[0xb3][0xc1][0xe4]7[0xf3][0xc1][0x94][0xbd][0xcc][0x7]S[0x12]4[0x1f]L[0xd1]da[0x89][0x9c][0xd7][0x7]8sZ[0xe][0xa2]R[0xd0][0xcc]`[0x10]%`3[0x83]A[0x14]Mf[0xc6]([0xf5][0xc3][0xc0][0xa6][0x19]3[0xb3][0xc1][0x14]Mf[0x83])[0x1][0x1b][0xf][0xa2]r[0xc6][0xcc][0x14][0xc5]1[0x94]Vuf[0xa6]f[0xc8][0xc5][0x16][0xe5][0xc6][0xa1][0xb4][0x92]]K[0x14]RK[0x14]R+[0x92]S[0xb]JJ[0x8b]2[0x15][\n]"
12:04:08.999 [main] DEBUG org.apache.http.wire -  << "K[0x13]S[0x8b][0x12]K[0x14][0xf2]232s[0x14][0xf2]S2K[0xe0]B[0xa0]^D&y[0xfd][0x4]3[0xd3]A[0xd4][0x1a]63[0x1d]L[0x5][0xc]j=[0xa0][0xa7][0xa7][0xa7][0x90][0xa8][0x90][0x9b][0x99][0x97][0xa2][0x90][0x97][0x9a][0x9a]R[0xac][0x90][0x94][0x9f][0x9f]][0xac][0x90]X[0xac][0x90][0xa8]P\[0x9e]_[0x4][0x13]NT([0xcf]H-).[0xc9][0xcf]K[0xd5]Q[0xc8]LS[0xc8],[0x1][0xf5][0xa0]J[0xf2][0x15][0xb2]SS[0xb][0x14]2K[0x8a][0x15]RS[0xd2]S[0xc9][0x8c],K[0x94]2/<3[0xaf]$[0xb5][0x8]d|r~nf^:[0xb9][0x86]R7[0x15][[0xa2][0xa4]b[0xc7][0xbc][0x14][0x85][0xe2]|[0x85][0x8c]T[0x85][0xe2][0x82][0xfc][0xec]T[0x1d][0x85]Dt[0x81][0x92][0x8c][0xc4][0x12][0x5][0x1f]P[0x0][0xe6][0xa7])8'[0x16][0x97]$[0xe6][0xa6][0x16][0xa5][0xea][0x80]{[0xa1]y[0xf9][0xe5][\n]"
12:04:08.999 [main] DEBUG org.apache.http.wire -  << "[0xa0][0x92][0xbd](13[0xaf]X[0xa1][0x1c][0x14][0x82][0xf9][0xea][0xa9]E[\n]"
12:04:08.999 [main] DEBUG org.apache.http.wire -  << "[0x19][0x99][0xc5][\n]"
12:04:08.999 [main] DEBUG org.apache.http.wire -  << "[0x19][0x89]99:[\n]"
12:04:08.999 [main] DEBUG org.apache.http.wire -  << "[0xe5][0x99]%[0x19][\n]"
12:04:08.999 [main] DEBUG org.apache.http.wire -  << "y[0xf9][\n]"
12:04:08.999 [main] DEBUG org.apache.http.wire -  << "[0xf9]y[0xa9] [0x95]E[0xa9][\n]"
12:04:08.999 [main] DEBUG org.apache.http.wire -  << "% [0xdb][0x12][0x8b][0xf4][0x14]"S[0x8b]u[0x14][0x8][0x9b][0x0]rP^~[0x9]([0x1a][0xf3]Ks[0xe0][0xda][0xc9][0xea]e[0x98]Y[0xa2]$`[0xea]D[0x90]9j[0x1b][0x0][0x14][0xa2][0x9e][\n]"
12:04:08.999 [main] DEBUG org.apache.http.wire -  << "[0x19][0x89]e[0xa9][\n]"
12:04:08.999 [main] DEBUG org.apache.http.wire -  << "[0x89][\n]"
12:04:08.999 [main] DEBUG org.apache.http.wire -  << "%[0xa9]y)[0xa9]E[0xa0][0xb0][0x5][0xf5][0xe7][0x15]r+[0x15]2R[0x13][0x8b]J[0x14][0xd2][0xf2][0x8b][0x14][0x92][0x8b]2[0xb][\n]"
12:04:09.000 [main] DEBUG org.apache.http.wire -  << "r@][0xfe][0xbc][0x14][0x85]$P[0xc0][0x16][0xa5][0x14][0x83][0xc3]?[0xa9](?;5O[0xa1]$#3/[0x9d][0xcc][0xa1][0xc]s[0x3][0x94]J&$#U[0xc1]/[0xbf][0xa8]$C[0xa1](5757)[0xb5][0x88]\s[\r]Q[0x8a]hP[0xe4][0xf][0xdc][0xb8][0x85][0xb9]!Jt[0xe][0xb0]cLP2[0xff]@;[0x6][0xa5][0xd3]8[0xd0][0x8e]A)[0xc1][0x6][0xda]1[0x83][0xa8]B57[0x1d]D[0xed]Rs[0xd3][0xc1][0x94][0x80]M[0x7]Qg[0xdc][0xdc]t0[0xe5]&[0xd4]F[0xf2][0x0][0xe7]&[0xd4]&[0xf6]@;[0x6][0xa5]i3[0xd0][0x8e][0x19]Lu[0xd3]`[0xea][0xff][0x9a][0x9b][\r][0xa6]r[0xc6]l0[0x95]3[0xa8]C[0xbd][0x3][0x9c][0x80][0xcd][0x6]S[0xad]m6[0x98]j[0xed][0xc1]4jm[0x8e]:j[0xed][0x93]X[0x9a][0x9e][0x1][0xed]u[0x16][0xe4]g[0x16][0xe7][0xe7][0x81]zLi[0xa9][0x89]E[0xe4][0xf5]>[0xcd][0x7][0xd3]8[0xb4][0xb9]9J[0x92]LLL$[0xab][0x17]hn>[0x98][0xea][0x9][0xb][0x94]&`pIiAj[0x1a]ysh[0xe6][0x16]h}[0xbe]RP[0xe7]3)[0xb3]([0x85][0xbc]`[0xb2]@)[0xa7][0x83][0x12][0xcb]R[0xf3][0x92]s[0x12][0xcb][0xc9]4[0xc][0xa5][0x9c]u/[0xaa]LK[0xcb][0xcc]K[0xc9]'o[0xc2][0xda][0xdc]b05[0xc8],PR[0xe5][0x0][0x97][0xda][0x16][0x83][0xa9][0xa0][0xb4]DI[0xdb][0x3][0x1c]2[0xa8][0xe3][0x85][0x3][0xed][0x98]A[0xd4]:[0xb4]0@[0xc9][0xe8][0x3][0x1b]2[0x16][0x6][0x83](k[[0x18]P[0xb4][0xb][0x0][0x0][0x0][0xff][0xff]"
12:04:09.000 [main] DEBUG org.apache.http.wire -  << "[\r][\n]"
12:04:09.000 [main] DEBUG org.apache.http.wire -  << "17C[\r][\n]"
12:04:09.000 [main] DEBUG org.apache.http.wire -  << ""{[0x95][0x8e][0x85][0xc1] [0xaa][0xb6],[0xc][0x7]Q[0xd6][0xb6]0D[0xa9][0xf8][0x6]8[0x1][0x1b][0xe][0xa6][0xdc]d8[0x98]r[0xd3]`[0x1a];[0xb6]0[0x1c]T[0xb9]i0U[0x7]F[0x83])7[0x19][0xa1]DS@ivyiJzf*Y[0x8d]P[0xb][0xa3]A[0xd4]8[0xb2]0[0x1e]L%[0xe8]`Z[0xad]aa<[0x98][\n]"
12:04:09.001 [main] DEBUG org.apache.http.wire -  << "-[0xe3]A[0xd4][0xba][0xb7]0[0x1e]L[0x9]x0[0xad][0x8d][0xb5][0x18]L[0xb3]o[0x16]&[0x83])[0x1][0x9b][0xc][0xa6][0x4]l2[0x98][0x12][0xf0]`[0x9a]}[0xb3][0x18]L[0xb3]o[0x16][0x83]i[0xc2][0xcb]b0[0xcd]1Y[0xc][0xa6][0xf5]X[0x16][0x83]i=[0x96][0xc5]`[0x9a]I[0xb1]0Ci6[0xe]p[0x8f][0xd0]l0[0xb5][0xee][0xcd][0x7]S[0xeb][0x1e]u[0xf2]b[0x80][0xa3][0xc9]|0[0xd5][0xda][0x83]i[0xde][0xc5]b0M[0x98]X[0x98][0xf][0xa6][0xdc][0x84]:[0xe5]2[0xc0][0x9][0xd8][0x2]e[0x8e]e[0xa0][0x1d]3[0x98][0x86]N-[0x6]Su0[0x98]v[0xd3]X[0xc][0xa6]Y[0x11][0xb][0xd4][0xf5][0xd3][0xfe][0xc9][0xc9][0x89][0xa9][0xc9][0x89]%[0x99][\n]"
12:04:09.001 [main] DEBUG org.apache.http.wire -  << "[0xa9][0x89]E([0x1b]o[0xb]K3[0x13][0x15][0xca][0xf2]sJ[0xb]J[0x12][0x8b][0x15][0xc0]<[0xd0][0xf6][0xdf][0xbc][0xd4][0xdc]|[0xf2][0xa6][0xb9]-,[0x7]S[0xd9]o9[0x98]:I[0xa8]K[0xa6][0x7][0xb6]P[0xb1]D]j=[0xd0][0x8e][0x19]D-)K[0x83]AT[0xf6][[0x1a][0xc][0xa2][0x4]l9[0x98]f[0xaa],[0x7][0xd3][0x8a]uK[0xa3]A4[0x2]m9[0x98]f[0x1d],[0x8d][0x6][0xd1][0x1c][0x9e][0xa5][0xd1]`[0xca][0xda]F[0x83][0xa8][0xa2][0xb4]4[0x1a]DmLK[0xa3]A4[0xce]j[0x89]:m6[0xc0][0x15][0xe5]`[0x9a]v[0xb3]4[0x1e]L[0xb5][0xf6]`[0x9a]v[0xb3][0x1c][0x4][[0x81]ck[0xb9][0x0][0x0][0x0][0x0][0xff][0xff]"
12:04:09.001 [main] DEBUG org.apache.http.wire -  << "[\r][\n]"
12:04:09.001 [main] DEBUG org.apache.http.wire -  << "A[\r][\n]"
12:04:09.002 [main] DEBUG org.apache.http.wire -  << "[0x3][0x0][0xb9][0xc7]8[0xb4][0xfe]G[0x0][0x0]"
12:04:09.002 [main] DEBUG org.apache.http.wire -  << "[\r][\n]"
12:04:09.002 [main] DEBUG org.apache.http.wire -  << "0[\r][\n]"
12:04:09.004 [main] DEBUG org.apache.http.wire -  << "[\r][\n]"
12:04:09.005 [main] DEBUG io.restassured.internal.RestAssuredHttpBuilder - Parsed data to instance of: class org.apache.http.conn.EofSensorInputStream
12:04:09.008 [main] DEBUG org.apache.http.impl.conn.BasicClientConnectionManager - Releasing connection org.apache.http.impl.conn.ManagedClientConnectionImpl@7d483ebe
12:04:09.009 [main] DEBUG org.apache.http.impl.conn.BasicClientConnectionManager - Connection can be kept alive indefinitely
12:04:09.037 [main] DEBUG net.thucydides.core.steps.StepInterceptor - STEP DONE: I send GET HTTP request by comment
  &amp#27;[32mWhen &amp#27;[0m&amp#27;[32mI send GET HTTP request by comment&amp#27;[0m                                   &amp#27;[90m# starter.stepdefinitions.ProductSteps.iSendGETHTTPRequestByComment()&amp#27;[0m
12:04:09.047 [main] DEBUG net.thucydides.core.steps.StepInterceptor - STARTING STEP: ProductSteps.iReceiveValidHTTPResponseCodeForGetCommentDataProducts - I receive valid HTTP response code 200 for Get comment data products
12:04:09.049 [main] DEBUG net.thucydides.core.steps.StepInterceptor - STEP DONE: I receive valid HTTP response code 200 for Get comment data products
  &amp#27;[32mThen &amp#27;[0m&amp#27;[32mI receive valid HTTP response code &amp#27;[0m&amp#27;[32m&amp#27;[1m200&amp#27;[0m&amp#27;[32m for Get comment data products&amp#27;[0m &amp#27;[90m# starter.stepdefinitions.ProductSteps.iReceiveValidHTTPResponseCodeForGetCommentDataProducts(int)&amp#27;[0m
12:04:09.058 [main] DEBUG net.thucydides.core.steps.StepInterceptor - STARTING STEP: ProductSteps.iReceiveValidDataForCommentProducts - I receive valid data for comment products
12:04:09.059 [main] DEBUG net.thucydides.core.steps.StepInterceptor - STEP DONE: I receive valid data for comment products
  &amp#27;[32mAnd &amp#27;[0m&amp#27;[32mI receive valid data for comment products&amp#27;[0m                             &amp#27;[90m# starter.stepdefinitions.ProductSteps.iReceiveValidDataForCommentProducts()&amp#27;[0m
12:04:09.064 [main] INFO  - 
  _____   ___   ___   _____     ___     _     ___   ___   ___   ___  
 |_   _| | __| / __| |_   _|   | _ \   /_\   / __| / __| | __| |   \ 
   | |   | _|  \__ \   | |     |  _/  / _ \  \__ \ \__ \ | _|  | |) |
   |_|   |___| |___/   |_|     |_|   /_/ \_\ |___/ |___/ |___| |___/ 

GET products comment
----------------------------------------------------------------------
]]></system-out>
  </testcase>
  <testcase name="POST As admin I have be able to create new products comment" classname="Products" time="0.151">
    <error type="io.cucumber.junit.UndefinedStepException"><![CDATA[io.cucumber.junit.UndefinedStepException: 
The step 'I set POST endpoints by comment' and 3 other step(s) are undefined.
You can implement these steps using the snippet(s) below:

@Given("I set POST endpoints by comment")
public void i_set_post_endpoints_by_comment() {
    // Write code here that turns the phrase above into concrete actions
    throw new io.cucumber.java.PendingException();
}
@When("I send POST HTTP request by comment")
public void i_send_post_http_request_by_comment() {
    // Write code here that turns the phrase above into concrete actions
    throw new io.cucumber.java.PendingException();
}
@Then("I receive valid HTTP response code {int} in products comment POST")
public void i_receive_valid_http_response_code_in_products_comment_post(Integer int1) {
    // Write code here that turns the phrase above into concrete actions
    throw new io.cucumber.java.PendingException();
}
@Then("I receive valid data for new comment")
public void i_receive_valid_data_for_new_comment() {
    // Write code here that turns the phrase above into concrete actions
    throw new io.cucumber.java.PendingException();
}

]]></error>
    <system-out><![CDATA[
Scenario: POST As admin I have be able to create new products comment  &amp#27;[90m# src/test/resources/api/Produk.feature:43&amp#27;[0m
12:04:09.159 [main] INFO io.cucumber.core.plugin.SerenityReporter - Running feature from file:///E:/mini%20peoject/RestAPi/src/test/resources/api/Produk.feature
12:04:09.159 [main] WARN io.cucumber.core.plugin.SerenityReporter - Feature from file:///E:/mini%20peoject/RestAPi/src/test/resources/api/Produk.feature is not under the 'features' directory. Requirements report will not be correctly generated!
12:04:09.164 [main] INFO  - 
  _____   ___   ___   _____     ___   _____     _     ___   _____   ___   ___  
 |_   _| | __| / __| |_   _|   / __| |_   _|   /_\   | _ \ |_   _| | __| |   \ 
   | |   | _|  \__ \   | |     \__ \   | |    / _ \  |   /   | |   | _|  | |) |
   |_|   |___| |___/   |_|     |___/   |_|   /_/ \_\ |_|_\   |_|   |___| |___/ 

POST As admin I have be able to create new products comment(products;post-as-admin-i-have-be-able-to-create-new-products-comment)
--------------------------------------------------------------------------------
  &amp#27;[33mGiven &amp#27;[0m&amp#27;[33mI set POST endpoints by comment&amp#27;[0m
  &amp#27;[36mWhen &amp#27;[0m&amp#27;[36mI send POST HTTP request by comment&amp#27;[0m
  &amp#27;[36mThen &amp#27;[0m&amp#27;[36mI receive valid HTTP response code 200 in products comment POST&amp#27;[0m
  &amp#27;[36mAnd &amp#27;[0m&amp#27;[36mI receive valid data for new comment&amp#27;[0m
12:04:09.216 [main] INFO  - 
  _____   ___   ___   _____     ___   ___   _  _   ___    ___   _  _    ___ 
 |_   _| | __| / __| |_   _|   | _ \ | __| | \| | |   \  |_ _| | \| |  / __|
   | |   | _|  \__ \   | |     |  _/ | _|  | .` | | |) |  | |  | .` | | (_ |
   |_|   |___| |___/   |_|     |_|   |___| |_|\_| |___/  |___| |_|\_|  \___|

POST As admin I have be able to create new products comment
-----------------------------------------------------------------------------
]]></system-out>
  </testcase>
  <testcase name="GET All Order" classname="order" time="0.511">
    <system-out><![CDATA[12:04:09.224 [main] INFO io.cucumber.core.plugin.SerenityReporter - Running feature from file:///E:/mini%20peoject/RestAPi/src/test/resources/api/order.feature
12:04:09.224 [main] WARN io.cucumber.core.plugin.SerenityReporter - Feature from file:///E:/mini%20peoject/RestAPi/src/test/resources/api/order.feature is not under the 'features' directory. Requirements report will not be correctly generated!
12:04:09.239 [main] DEBUG net.thucydides.core.steps.StepEventBus - Test suite started for story net.thucydides.core.model.Story@f12b04ac
12:04:09.242 [main] INFO  - Test Suite Started: Order

Scenario: GET All Order                                              &amp#27;[90m# src/test/resources/api/order.feature:2&amp#27;[0m
12:04:09.291 [main] INFO io.cucumber.core.plugin.SerenityReporter - Running feature from file:///E:/mini%20peoject/RestAPi/src/test/resources/api/order.feature
12:04:09.291 [main] WARN io.cucumber.core.plugin.SerenityReporter - Feature from file:///E:/mini%20peoject/RestAPi/src/test/resources/api/order.feature is not under the 'features' directory. Requirements report will not be correctly generated!
12:04:09.297 [main] INFO  - 
  _____   ___   ___   _____     ___   _____     _     ___   _____   ___   ___  
 |_   _| | __| / __| |_   _|   / __| |_   _|   /_\   | _ \ |_   _| | __| |   \ 
   | |   | _|  \__ \   | |     \__ \   | |    / _ \  |   /   | |   | _|  | |) |
   |_|   |___| |___/   |_|     |___/   |_|   /_/ \_\ |_|_\   |_|   |___| |___/ 

GET All Order(order;get-all-order)
--------------------------------------------------------------------------------
12:04:09.484 [main] DEBUG net.thucydides.core.steps.StepInterceptor - STARTING STEP: OrderSteps.iSetTheGETApiEndpointForOrder - I set the GET api endpoint for order
12:04:09.484 [main] DEBUG net.thucydides.core.steps.StepInterceptor - STEP DONE: I set the GET api endpoint for order
  &amp#27;[32mGiven &amp#27;[0m&amp#27;[32mI set the GET api endpoint for order&amp#27;[0m                         &amp#27;[90m# starter.stepdefinitions.OrderSteps.iSetTheGETApiEndpointForOrder()&amp#27;[0m
12:04:09.510 [main] DEBUG net.thucydides.core.steps.StepInterceptor - STARTING STEP: OrderSteps.iSendHTTPApiGETRequestForOrder - I send HTTP api GET request for order
12:04:09.515 [main] DEBUG net.thucydides.core.steps.StepInterceptor - STARTING STEP: GetAllOrder.HTTPApiGETRequestForOrder - I set the GET api endpoint for order
12:04:09.515 [main] DEBUG net.thucydides.core.steps.StepInterceptor - STEP DONE: I set the GET api endpoint for order
12:04:09.584 [main] DEBUG org.apache.http.impl.conn.BasicClientConnectionManager - Get connection for route {s}->https://altashop-api.fly.dev:443
12:04:09.584 [main] DEBUG org.apache.http.impl.conn.DefaultClientConnectionOperator - Connecting to altashop-api.fly.dev:443
12:04:09.682 [main] DEBUG org.apache.http.client.protocol.RequestAddCookies - CookieSpec selected: ignoreCookies
12:04:09.683 [main] DEBUG org.apache.http.client.protocol.RequestAuthCache - Auth cache not set in the context
12:04:09.683 [main] DEBUG org.apache.http.client.protocol.RequestProxyAuthentication - Proxy auth state: UNCHALLENGED
12:04:09.683 [main] DEBUG org.apache.http.impl.client.DefaultHttpClient - Attempt 1 to execute request
12:04:09.683 [main] DEBUG org.apache.http.impl.conn.DefaultClientConnection - Sending request: GET /api/orders HTTP/1.1
12:04:09.683 [main] DEBUG org.apache.http.wire -  >> "GET /api/orders HTTP/1.1[\r][\n]"
12:04:09.683 [main] DEBUG org.apache.http.wire -  >> "Authorization: Bearer eyJhbGciOiJIUzI1NiIsInR5cCI6IkpXVCJ9.eyJGdWxsbmFtZSI6IkdpdGEgTGVvbmkgZHdpIGZyaXAiLCJFbWFpbCI6ImdpdGFsZWUyMUBnbWFpbC5jb20ifQ.TGsRtCS1_W5fQoxLxVSMhDknX_uoRVw_0tYCGs1StVE[\r][\n]"
12:04:09.683 [main] DEBUG org.apache.http.wire -  >> "Accept: */*[\r][\n]"
12:04:09.683 [main] DEBUG org.apache.http.wire -  >> "Content-Type: application/json[\r][\n]"
12:04:09.684 [main] DEBUG org.apache.http.wire -  >> "Content-Length: 33[\r][\n]"
12:04:09.684 [main] DEBUG org.apache.http.wire -  >> "Host: altashop-api.fly.dev[\r][\n]"
12:04:09.684 [main] DEBUG org.apache.http.wire -  >> "Connection: Keep-Alive[\r][\n]"
12:04:09.684 [main] DEBUG org.apache.http.wire -  >> "User-Agent: Apache-HttpClient/4.5.13 (Java/19.0.2)[\r][\n]"
12:04:09.684 [main] DEBUG org.apache.http.wire -  >> "Accept-Encoding: gzip,deflate[\r][\n]"
12:04:09.684 [main] DEBUG org.apache.http.wire -  >> "[\r][\n]"
12:04:09.684 [main] DEBUG org.apache.http.headers - >> GET /api/orders HTTP/1.1
12:04:09.684 [main] DEBUG org.apache.http.headers - >> Authorization: Bearer eyJhbGciOiJIUzI1NiIsInR5cCI6IkpXVCJ9.eyJGdWxsbmFtZSI6IkdpdGEgTGVvbmkgZHdpIGZyaXAiLCJFbWFpbCI6ImdpdGFsZWUyMUBnbWFpbC5jb20ifQ.TGsRtCS1_W5fQoxLxVSMhDknX_uoRVw_0tYCGs1StVE
12:04:09.684 [main] DEBUG org.apache.http.headers - >> Accept: */*
12:04:09.684 [main] DEBUG org.apache.http.headers - >> Content-Type: application/json
12:04:09.684 [main] DEBUG org.apache.http.headers - >> Content-Length: 33
12:04:09.684 [main] DEBUG org.apache.http.headers - >> Host: altashop-api.fly.dev
12:04:09.684 [main] DEBUG org.apache.http.headers - >> Connection: Keep-Alive
12:04:09.684 [main] DEBUG org.apache.http.headers - >> User-Agent: Apache-HttpClient/4.5.13 (Java/19.0.2)
12:04:09.684 [main] DEBUG org.apache.http.headers - >> Accept-Encoding: gzip,deflate
12:04:09.684 [main] DEBUG org.apache.http.wire -  >> "{"quantity":1,"product_id":12889}"
12:04:09.723 [main] DEBUG org.apache.http.wire -  << "HTTP/1.1 200 OK[\r][\n]"
12:04:09.723 [main] DEBUG org.apache.http.wire -  << "content-type: application/json[\r][\n]"
12:04:09.723 [main] DEBUG org.apache.http.wire -  << "date: Sun, 07 May 2023 05:04:10 GMT[\r][\n]"
12:04:09.723 [main] DEBUG org.apache.http.wire -  << "content-encoding: gzip[\r][\n]"
12:04:09.723 [main] DEBUG org.apache.http.wire -  << "transfer-encoding: chunked[\r][\n]"
12:04:09.723 [main] DEBUG org.apache.http.wire -  << "server: Fly/3f2597ca (2023-05-03)[\r][\n]"
12:04:09.723 [main] DEBUG org.apache.http.wire -  << "via: 1.1 fly.io[\r][\n]"
12:04:09.724 [main] DEBUG org.apache.http.wire -  << "fly-request-id: 01GZT9H36NFBV1P87YPA0NJW17-sin[\r][\n]"
12:04:09.724 [main] DEBUG org.apache.http.wire -  << "[\r][\n]"
12:04:09.724 [main] DEBUG org.apache.http.impl.conn.DefaultClientConnection - Receiving response: HTTP/1.1 200 OK
12:04:09.724 [main] DEBUG org.apache.http.headers - << HTTP/1.1 200 OK
12:04:09.724 [main] DEBUG org.apache.http.headers - << content-type: application/json
12:04:09.724 [main] DEBUG org.apache.http.headers - << date: Sun, 07 May 2023 05:04:10 GMT
12:04:09.724 [main] DEBUG org.apache.http.headers - << content-encoding: gzip
12:04:09.724 [main] DEBUG org.apache.http.headers - << transfer-encoding: chunked
12:04:09.724 [main] DEBUG org.apache.http.headers - << server: Fly/3f2597ca (2023-05-03)
12:04:09.724 [main] DEBUG org.apache.http.headers - << via: 1.1 fly.io
12:04:09.724 [main] DEBUG org.apache.http.headers - << fly-request-id: 01GZT9H36NFBV1P87YPA0NJW17-sin
12:04:09.724 [main] DEBUG org.apache.http.impl.client.DefaultHttpClient - Connection can be kept alive indefinitely
12:04:09.725 [main] DEBUG io.restassured.internal.RestAssuredHttpBuilder - Parsing response as: application/json
12:04:09.725 [main] DEBUG org.apache.http.wire -  << "59[\r][\n]"
12:04:09.725 [main] DEBUG org.apache.http.wire -  << "[0x1f][0x8b][0x8][0x0][0x0][0x0][0x0][0x0][0x4][0xff][0xab]VJI,IT[0xb2][0x8a][0xae]V[\n]"
12:04:09.725 [main] DEBUG org.apache.http.wire -  << "([0xca]O)M.Q[0xb2]R[0x8a]p[0xca][0xaf]P0T[0xd2]Q[\n]"
12:04:09.725 [main] DEBUG org.apache.http.wire -  << "([0xca]LNU[0xb2]2[0xb1][0xb4][0xd4]Q[\n]"
12:04:09.725 [main] DEBUG org.apache.http.wire -  << ",M[0xcc]+[0xc9],[0xa9]T[0xb2]2[0xd4]Q[\n]"
12:04:09.725 [main] DEBUG org.apache.http.wire -  << ".M*[0xc9]/I[0xcc][0x1][0xcb][0xd5][0xc6][0xd6]r[0x1][0x0][0xac][0xed][0x1c][0xf5]H[0x0][0x0][0x0]"
12:04:09.725 [main] DEBUG org.apache.http.wire -  << "[\r][\n]"
12:04:09.725 [main] DEBUG org.apache.http.wire -  << "0[\r][\n]"
12:04:09.726 [main] DEBUG org.apache.http.wire -  << "[\r][\n]"
12:04:09.727 [main] DEBUG io.restassured.internal.RestAssuredHttpBuilder - Parsed data to instance of: class org.apache.http.conn.EofSensorInputStream
12:04:09.731 [main] DEBUG org.apache.http.impl.conn.BasicClientConnectionManager - Releasing connection org.apache.http.impl.conn.ManagedClientConnectionImpl@2699b656
12:04:09.731 [main] DEBUG org.apache.http.impl.conn.BasicClientConnectionManager - Connection can be kept alive indefinitely
12:04:09.732 [main] DEBUG net.thucydides.core.steps.StepInterceptor - STEP DONE: I send HTTP api GET request for order
  &amp#27;[32mWhen &amp#27;[0m&amp#27;[32mI send HTTP api GET request for order&amp#27;[0m                         &amp#27;[90m# starter.stepdefinitions.OrderSteps.iSendHTTPApiGETRequestForOrder()&amp#27;[0m
12:04:09.742 [main] DEBUG net.thucydides.core.steps.StepInterceptor - STARTING STEP: OrderSteps.iReceiveValidHTTPResponseCodeForGetAllDataOrder - I receive valid HTTP response code 200 for get all data order
12:04:09.745 [main] DEBUG net.thucydides.core.steps.StepInterceptor - STEP DONE: I receive valid HTTP response code 200 for get all data order
  &amp#27;[32mThen &amp#27;[0m&amp#27;[32mI receive valid HTTP response code &amp#27;[0m&amp#27;[32m&amp#27;[1m200&amp#27;[0m&amp#27;[32m for get all data order&amp#27;[0m &amp#27;[90m# starter.stepdefinitions.OrderSteps.iReceiveValidHTTPResponseCodeForGetAllDataOrder(int)&amp#27;[0m
12:04:09.755 [main] DEBUG net.thucydides.core.steps.StepInterceptor - STARTING STEP: OrderSteps.iReceivedValidDataForAllOrder - I received valid data for all order
12:04:09.759 [main] DEBUG net.thucydides.core.steps.StepInterceptor - STEP DONE: I received valid data for all order
  &amp#27;[32mAnd &amp#27;[0m&amp#27;[32mI received valid data for all order&amp#27;[0m                            &amp#27;[90m# starter.stepdefinitions.OrderSteps.iReceivedValidDataForAllOrder()&amp#27;[0m
12:04:09.764 [main] INFO  - 
  _____   ___   ___   _____     ___     _     ___   ___   ___   ___  
 |_   _| | __| / __| |_   _|   | _ \   /_\   / __| / __| | __| |   \ 
   | |   | _|  \__ \   | |     |  _/  / _ \  \__ \ \__ \ | _|  | |) |
   |_|   |___| |___/   |_|     |_|   /_/ \_\ |___/ |___/ |___| |___/ 

GET All Order
----------------------------------------------------------------------
]]></system-out>
  </testcase>
  <testcase name="POST As admin I have be able to create new order" classname="order" time="0.565">
    <failure type="java.lang.AssertionError"><![CDATA[java.lang.AssertionError: 
1 expectation failed.
Expected status code <200> but was <400>.

]]></failure>
    <system-out><![CDATA[
Scenario: POST As admin I have be able to create new order        &amp#27;[90m# src/test/resources/api/order.feature:8&amp#27;[0m
12:04:09.796 [main] INFO io.cucumber.core.plugin.SerenityReporter - Running feature from file:///E:/mini%20peoject/RestAPi/src/test/resources/api/order.feature
12:04:09.796 [main] WARN io.cucumber.core.plugin.SerenityReporter - Feature from file:///E:/mini%20peoject/RestAPi/src/test/resources/api/order.feature is not under the 'features' directory. Requirements report will not be correctly generated!
12:04:09.808 [main] INFO  - 
  _____   ___   ___   _____     ___   _____     _     ___   _____   ___   ___  
 |_   _| | __| / __| |_   _|   / __| |_   _|   /_\   | _ \ |_   _| | __| |   \ 
   | |   | _|  \__ \   | |     \__ \   | |    / _ \  |   /   | |   | _|  | |) |
   |_|   |___| |___/   |_|     |___/   |_|   /_/ \_\ |_|_\   |_|   |___| |___/ 

POST As admin I have be able to create new order(order;post-as-admin-i-have-be-able-to-create-new-order)
--------------------------------------------------------------------------------
12:04:09.855 [main] DEBUG net.thucydides.core.steps.StepInterceptor - STARTING STEP: OrderSteps.iSetThePOSTApiEndpointsInOrder - I set the POST api endpoints in order
12:04:09.856 [main] DEBUG net.thucydides.core.steps.StepInterceptor - STEP DONE: I set the POST api endpoints in order
  &amp#27;[32mGiven &amp#27;[0m&amp#27;[32mI set the POST api endpoints in order&amp#27;[0m                     &amp#27;[90m# starter.stepdefinitions.OrderSteps.iSetThePOSTApiEndpointsInOrder()&amp#27;[0m
12:04:09.874 [main] DEBUG net.thucydides.core.steps.StepInterceptor - STARTING STEP: OrderSteps.iSendHTTPApiPOSTRequestForOrder - I send HTTP api POST request for order
12:04:09.880 [main] DEBUG net.thucydides.core.steps.StepInterceptor - STARTING STEP: PostOrder.piPOSTRequestForOrder - I set the POST api endpoints in order
12:04:09.881 [main] DEBUG net.thucydides.core.steps.StepInterceptor - STEP DONE: I set the POST api endpoints in order
12:04:09.922 [main] DEBUG org.apache.http.impl.conn.BasicClientConnectionManager - Get connection for route {s}->https://altashop-api.fly.dev:443
12:04:09.922 [main] DEBUG org.apache.http.impl.conn.DefaultClientConnectionOperator - Connecting to altashop-api.fly.dev:443
12:04:10.011 [main] DEBUG org.apache.http.client.protocol.RequestAddCookies - CookieSpec selected: ignoreCookies
12:04:10.011 [main] DEBUG org.apache.http.client.protocol.RequestAuthCache - Auth cache not set in the context
12:04:10.011 [main] DEBUG org.apache.http.client.protocol.RequestProxyAuthentication - Proxy auth state: UNCHALLENGED
12:04:10.011 [main] DEBUG org.apache.http.impl.client.DefaultHttpClient - Attempt 1 to execute request
12:04:10.011 [main] DEBUG org.apache.http.impl.conn.DefaultClientConnection - Sending request: POST /api/orders HTTP/1.1
12:04:10.012 [main] DEBUG org.apache.http.wire -  >> "POST /api/orders HTTP/1.1[\r][\n]"
12:04:10.012 [main] DEBUG org.apache.http.wire -  >> "Authorization: Bearer eyJhbGciOiJIUzI1NiIsInR5cCI6IkpXVCJ9.eyJGdWxsbmFtZSI6IkdpdGEgTGVvbmkgZHdpIGZyaXAiLCJFbWFpbCI6ImdpdGFsZWUyMUBnbWFpbC5jb20ifQ.TGsRtCS1_W5fQoxLxVSMhDknX_uoRVw_0tYCGs1StVE[\r][\n]"
12:04:10.012 [main] DEBUG org.apache.http.wire -  >> "Accept: */*[\r][\n]"
12:04:10.012 [main] DEBUG org.apache.http.wire -  >> "Content-Type: application/json[\r][\n]"
12:04:10.012 [main] DEBUG org.apache.http.wire -  >> "Content-Length: 33[\r][\n]"
12:04:10.012 [main] DEBUG org.apache.http.wire -  >> "Host: altashop-api.fly.dev[\r][\n]"
12:04:10.012 [main] DEBUG org.apache.http.wire -  >> "Connection: Keep-Alive[\r][\n]"
12:04:10.012 [main] DEBUG org.apache.http.wire -  >> "User-Agent: Apache-HttpClient/4.5.13 (Java/19.0.2)[\r][\n]"
12:04:10.012 [main] DEBUG org.apache.http.wire -  >> "Accept-Encoding: gzip,deflate[\r][\n]"
12:04:10.012 [main] DEBUG org.apache.http.wire -  >> "[\r][\n]"
12:04:10.012 [main] DEBUG org.apache.http.headers - >> POST /api/orders HTTP/1.1
12:04:10.012 [main] DEBUG org.apache.http.headers - >> Authorization: Bearer eyJhbGciOiJIUzI1NiIsInR5cCI6IkpXVCJ9.eyJGdWxsbmFtZSI6IkdpdGEgTGVvbmkgZHdpIGZyaXAiLCJFbWFpbCI6ImdpdGFsZWUyMUBnbWFpbC5jb20ifQ.TGsRtCS1_W5fQoxLxVSMhDknX_uoRVw_0tYCGs1StVE
12:04:10.013 [main] DEBUG org.apache.http.headers - >> Accept: */*
12:04:10.013 [main] DEBUG org.apache.http.headers - >> Content-Type: application/json
12:04:10.013 [main] DEBUG org.apache.http.headers - >> Content-Length: 33
12:04:10.013 [main] DEBUG org.apache.http.headers - >> Host: altashop-api.fly.dev
12:04:10.013 [main] DEBUG org.apache.http.headers - >> Connection: Keep-Alive
12:04:10.013 [main] DEBUG org.apache.http.headers - >> User-Agent: Apache-HttpClient/4.5.13 (Java/19.0.2)
12:04:10.013 [main] DEBUG org.apache.http.headers - >> Accept-Encoding: gzip,deflate
12:04:10.013 [main] DEBUG org.apache.http.wire -  >> "{"quantity":1,"product_id":13347}"
12:04:10.046 [main] DEBUG org.apache.http.wire -  << "HTTP/1.1 400 Bad Request[\r][\n]"
12:04:10.046 [main] DEBUG org.apache.http.wire -  << "content-type: application/json[\r][\n]"
12:04:10.047 [main] DEBUG org.apache.http.wire -  << "date: Sun, 07 May 2023 05:04:11 GMT[\r][\n]"
12:04:10.047 [main] DEBUG org.apache.http.wire -  << "content-encoding: gzip[\r][\n]"
12:04:10.047 [main] DEBUG org.apache.http.wire -  << "transfer-encoding: chunked[\r][\n]"
12:04:10.047 [main] DEBUG org.apache.http.wire -  << "server: Fly/3f2597ca (2023-05-03)[\r][\n]"
12:04:10.047 [main] DEBUG org.apache.http.wire -  << "via: 1.1 fly.io[\r][\n]"
12:04:10.047 [main] DEBUG org.apache.http.wire -  << "fly-request-id: 01GZT9H3GWHM9FV8A7R5AHFZ1T-sin[\r][\n]"
12:04:10.047 [main] DEBUG org.apache.http.wire -  << "[\r][\n]"
12:04:10.047 [main] DEBUG org.apache.http.impl.conn.DefaultClientConnection - Receiving response: HTTP/1.1 400 Bad Request
12:04:10.047 [main] DEBUG org.apache.http.headers - << HTTP/1.1 400 Bad Request
12:04:10.047 [main] DEBUG org.apache.http.headers - << content-type: application/json
12:04:10.047 [main] DEBUG org.apache.http.headers - << date: Sun, 07 May 2023 05:04:11 GMT
12:04:10.047 [main] DEBUG org.apache.http.headers - << content-encoding: gzip
12:04:10.047 [main] DEBUG org.apache.http.headers - << transfer-encoding: chunked
12:04:10.047 [main] DEBUG org.apache.http.headers - << server: Fly/3f2597ca (2023-05-03)
12:04:10.047 [main] DEBUG org.apache.http.headers - << via: 1.1 fly.io
12:04:10.047 [main] DEBUG org.apache.http.headers - << fly-request-id: 01GZT9H3GWHM9FV8A7R5AHFZ1T-sin
12:04:10.048 [main] DEBUG org.apache.http.impl.client.DefaultHttpClient - Connection can be kept alive indefinitely
12:04:10.048 [main] DEBUG io.restassured.internal.RestAssuredHttpBuilder - Parsing response as: application/json
12:04:10.048 [main] DEBUG org.apache.http.wire -  << "6B[\r][\n]"
12:04:10.048 [main] DEBUG org.apache.http.wire -  << "[0x1f][0x8b][0x8][0x0][0x0][0x0][0x0][0x0][0x4][0xff][0xab]VJ-*[0xca]/R[0xb2]R[0xca]*[0xce][0xcf][0xb3]RHN[0xcc][0xcb][0xcb]/Q([0xcd][0xcb]M,*[0xce]H[0xcc]Q[0xc8]O[0xca]JM.Q[0xc8][0xcc]+[0xc9]Wp[0xcf]W(K[0xcc])MU[0xc8]OS([0xa9],HU[0x88][0x8e][0xd5]*J-,M-.[0xd1][0xf3]/JI-r.JM,IU[0xaa][0xe5][0x2][0x0][0x3][0x8e][0xac][0xe4]W[0x0][0x0][0x0]"
12:04:10.048 [main] DEBUG org.apache.http.wire -  << "[\r][\n]"
12:04:10.048 [main] DEBUG org.apache.http.wire -  << "0[\r][\n]"
12:04:10.048 [main] DEBUG org.apache.http.wire -  << "[\r][\n]"
12:04:10.048 [main] DEBUG io.restassured.internal.RestAssuredHttpBuilder - Parsed data to instance of: class org.apache.http.conn.EofSensorInputStream
12:04:10.050 [main] DEBUG org.apache.http.impl.conn.BasicClientConnectionManager - Releasing connection org.apache.http.impl.conn.ManagedClientConnectionImpl@126d0868
12:04:10.051 [main] DEBUG org.apache.http.impl.conn.BasicClientConnectionManager - Connection can be kept alive indefinitely
12:04:10.051 [main] DEBUG net.thucydides.core.steps.StepInterceptor - STEP DONE: I send HTTP api POST request for order
  &amp#27;[32mWhen &amp#27;[0m&amp#27;[32mI send HTTP api POST request for order&amp#27;[0m                     &amp#27;[90m# starter.stepdefinitions.OrderSteps.iSendHTTPApiPOSTRequestForOrder()&amp#27;[0m
12:04:10.058 [main] DEBUG net.thucydides.core.steps.StepInterceptor - STARTING STEP: OrderSteps.iReceiveAValidHTTPResponseCodeOnTheOrderPOST - I receive a valid HTTP response code 200 on the order POST
  &amp#27;[31mThen &amp#27;[0m&amp#27;[31mI receive a valid HTTP response code &amp#27;[0m&amp#27;[31m&amp#27;[1m200&amp#27;[0m&amp#27;[31m on the order POST&amp#27;[0m &amp#27;[90m# starter.stepdefinitions.OrderSteps.iReceiveAValidHTTPResponseCodeOnTheOrderPOST(int)&amp#27;[0m
      &amp#27;[31mjava.lang.AssertionError: 1 expectation failed.
Expected status code <200> but was <400>.

	at java.base/jdk.internal.reflect.DirectConstructorHandleAccessor.newInstance(DirectConstructorHandleAccessor.java:67)
	at java.base/java.lang.reflect.Constructor.newInstanceWithCaller(Constructor.java:500)
	at java.base/java.lang.reflect.Constructor.newInstance(Constructor.java:484)
	at org.codehaus.groovy.reflection.CachedConstructor.invoke(CachedConstructor.java:73)
	at org.codehaus.groovy.runtime.callsite.ConstructorSite$ConstructorSiteNoUnwrapNoCoerce.callConstructor(ConstructorSite.java:108)
	at org.codehaus.groovy.runtime.callsite.CallSiteArray.defaultCallConstructor(CallSiteArray.java:57)
	at org.codehaus.groovy.runtime.callsite.AbstractCallSite.callConstructor(AbstractCallSite.java:263)
	at org.codehaus.groovy.runtime.callsite.AbstractCallSite.callConstructor(AbstractCallSite.java:277)
	at io.restassured.internal.ResponseSpecificationImpl$HamcrestAssertionClosure.validate(ResponseSpecificationImpl.groovy:512)
	at io.restassured.internal.ResponseSpecificationImpl$HamcrestAssertionClosure$validate$1.call(Unknown Source)
	at io.restassured.internal.ResponseSpecificationImpl.validateResponseIfRequired(ResponseSpecificationImpl.groovy:696)
	at io.restassured.internal.ResponseSpecificationImpl.this$2$validateResponseIfRequired(ResponseSpecificationImpl.groovy)
	at java.base/jdk.internal.reflect.DirectMethodHandleAccessor.invoke(DirectMethodHandleAccessor.java:104)
	at java.base/java.lang.reflect.Method.invoke(Method.java:578)
	at org.codehaus.groovy.runtime.callsite.PlainObjectMetaMethodSite.doInvoke(PlainObjectMetaMethodSite.java:43)
	at org.codehaus.groovy.runtime.callsite.PogoMetaMethodSite$PogoCachedMethodSiteNoUnwrapNoCoerce.invoke(PogoMetaMethodSite.java:198)
	at org.codehaus.groovy.runtime.callsite.PogoMetaMethodSite.callCurrent(PogoMetaMethodSite.java:62)
	at org.codehaus.groovy.runtime.callsite.AbstractCallSite.callCurrent(AbstractCallSite.java:185)
	at io.restassured.internal.ResponseSpecificationImpl.statusCode(ResponseSpecificationImpl.groovy:135)
	at io.restassured.specification.ResponseSpecification$statusCode$0.callCurrent(Unknown Source)
	at io.restassured.internal.ResponseSpecificationImpl.statusCode(ResponseSpecificationImpl.groovy:143)
	at io.restassured.internal.ValidatableResponseOptionsImpl.statusCode(ValidatableResponseOptionsImpl.java:89)
	at RestApi@1.0-SNAPSHOT/starter.altashop.order.PostOrder.lambda$ValidHTTPResponseCodeOnTheOrderPOST$0(PostOrder.java:27)
	at net.serenitybdd.rest.SerenityRest.restAssuredThat(SerenityRest.java:626)
	at RestApi@1.0-SNAPSHOT/starter.altashop.order.PostOrder.ValidHTTPResponseCodeOnTheOrderPOST(PostOrder.java:27)
	at RestApi@1.0-SNAPSHOT/starter.altashop.order.PostOrder$ByteBuddy$FN8eX2xP.ValidHTTPResponseCodeOnTheOrderPOST$accessor$bTZEh2ep(Unknown Source)
	at java.base/jdk.internal.reflect.DirectMethodHandleAccessor.invoke(DirectMethodHandleAccessor.java:104)
	at java.base/java.lang.reflect.Method.invoke(Method.java:578)
	at net.thucydides.core.steps.StepInterceptor.invokeMethod(StepInterceptor.java:503)
	at net.thucydides.core.steps.StepInterceptor.executeTestStepMethod(StepInterceptor.java:483)
	at net.thucydides.core.steps.StepInterceptor.runTestStep(StepInterceptor.java:457)
	at net.thucydides.core.steps.StepInterceptor.runOrSkipMethod(StepInterceptor.java:209)
	at net.thucydides.core.steps.StepInterceptor.testStepResult(StepInterceptor.java:196)
	at net.thucydides.core.steps.StepInterceptor.intercept(StepInterceptor.java:84)
	at net.thucydides.core.steps.ProxyConfiguration$InterceptorDispatcher.intercept(ProxyConfiguration.java:51)
	at RestApi@1.0-SNAPSHOT/starter.altashop.order.PostOrder$ByteBuddy$FN8eX2xP.ValidHTTPResponseCodeOnTheOrderPOST(Unknown Source)
	at RestApi@1.0-SNAPSHOT/starter.stepdefinitions.OrderSteps.iReceiveAValidHTTPResponseCodeOnTheOrderPOST(OrderSteps.java:52)
	at ✽.I receive a valid HTTP response code 200 on the order POST(file:///E:/mini%20peoject/RestAPi/src/test/resources/api/order.feature:11)
&amp#27;[0m
  &amp#27;[36mAnd &amp#27;[0m&amp#27;[36mI receive valid data for create new order&amp#27;[0m                   &amp#27;[90m# starter.stepdefinitions.OrderSteps.iReceiveValidDataForCreateNewOrder()&amp#27;[0m
12:04:10.160 [main] ERROR  - 
  _____   ___   ___   _____     ___     _     ___   _      ___   ___  
 |_   _| | __| / __| |_   _|   | __|   /_\   |_ _| | |    | __| |   \ 
   | |   | _|  \__ \   | |     | _|   / _ \   | |  | |__  | _|  | |) |
   |_|   |___| |___/   |_|     |_|   /_/ \_\ |___| |____| |___| |___/ 

POST As admin I have be able to create new order
-----------------------------------------------------------------------
12:04:10.165 [main] DEBUG  - RELATED ISSUES: 
12:04:10.305 [main] ERROR  -     Test failed at step: I receive a valid HTTP response code 200 on the order POST
12:04:10.305 [main] ERROR  -     1 expectation failed.Expected status code <200> but was <400>.
]]></system-out>
  </testcase>
  <testcase name="GET As an admin I have be able to get id order" classname="order" time="0.462">
    <system-out><![CDATA[
Scenario: GET As an admin I have be able to get id order            &amp#27;[90m# src/test/resources/api/order.feature:14&amp#27;[0m
12:04:10.454 [main] INFO io.cucumber.core.plugin.SerenityReporter - Running feature from file:///E:/mini%20peoject/RestAPi/src/test/resources/api/order.feature
12:04:10.454 [main] WARN io.cucumber.core.plugin.SerenityReporter - Feature from file:///E:/mini%20peoject/RestAPi/src/test/resources/api/order.feature is not under the 'features' directory. Requirements report will not be correctly generated!
12:04:10.479 [Finalizer] DEBUG org.apache.http.impl.conn.DefaultClientConnection - Connection 0.0.0.0:51220<->149.248.193.56:443 closed
12:04:10.481 [Finalizer] DEBUG org.apache.http.impl.conn.DefaultClientConnection - Connection 0.0.0.0:51219<->149.248.193.56:443 closed
12:04:10.482 [Finalizer] DEBUG org.apache.http.impl.conn.DefaultClientConnection - Connection 0.0.0.0:51218<->149.248.193.56:443 closed
12:04:10.483 [Finalizer] DEBUG org.apache.http.impl.conn.DefaultClientConnection - Connection 0.0.0.0:51217<->149.248.193.56:443 closed
12:04:10.484 [Finalizer] DEBUG org.apache.http.impl.conn.DefaultClientConnection - Connection 0.0.0.0:51216<->149.248.193.56:443 closed
12:04:10.489 [Finalizer] DEBUG org.apache.http.impl.conn.DefaultClientConnection - Connection 0.0.0.0:51215<->149.248.193.56:443 closed
12:04:10.491 [Finalizer] DEBUG org.apache.http.impl.conn.DefaultClientConnection - Connection 0.0.0.0:51223<->149.248.193.56:443 closed
12:04:10.492 [Finalizer] DEBUG org.apache.http.impl.conn.DefaultClientConnection - Connection 0.0.0.0:51222<->149.248.193.56:443 closed
12:04:10.493 [Finalizer] DEBUG org.apache.http.impl.conn.DefaultClientConnection - Connection 0.0.0.0:51221<->149.248.193.56:443 closed
12:04:10.510 [main] INFO  - 
  _____   ___   ___   _____     ___   _____     _     ___   _____   ___   ___  
 |_   _| | __| / __| |_   _|   / __| |_   _|   /_\   | _ \ |_   _| | __| |   \ 
   | |   | _|  \__ \   | |     \__ \   | |    / _ \  |   /   | |   | _|  | |) |
   |_|   |___| |___/   |_|     |___/   |_|   /_/ \_\ |_|_\   |_|   |___| |___/ 

GET As an admin I have be able to get id order(order;get-as-an-admin-i-have-be-able-to-get-id-order)
--------------------------------------------------------------------------------
12:04:10.552 [main] DEBUG net.thucydides.core.steps.StepInterceptor - STARTING STEP: OrderSteps.iSetTheGETApiEndpointForOrderById - I set the GET api endpoint for order by id
12:04:10.552 [main] DEBUG net.thucydides.core.steps.StepInterceptor - STEP DONE: I set the GET api endpoint for order by id
  &amp#27;[32mGiven &amp#27;[0m&amp#27;[32mI set the GET api endpoint for order by id&amp#27;[0m                  &amp#27;[90m# starter.stepdefinitions.OrderSteps.iSetTheGETApiEndpointForOrderById()&amp#27;[0m
12:04:10.565 [main] DEBUG net.thucydides.core.steps.StepInterceptor - STARTING STEP: OrderSteps.iSendHTTPApiGETRequestForOrderById - I send HTTP api GET request for order by id
12:04:10.572 [main] DEBUG net.thucydides.core.steps.StepInterceptor - STARTING STEP: GetIdOrder.ApiGETRequestForOrderById - I set the GET api endpoint for order by id
12:04:10.573 [main] DEBUG net.thucydides.core.steps.StepInterceptor - STEP DONE: I set the GET api endpoint for order by id
12:04:10.624 [main] DEBUG org.apache.http.impl.conn.BasicClientConnectionManager - Get connection for route {s}->https://altashop-api.fly.dev:443
12:04:10.624 [main] DEBUG org.apache.http.impl.conn.DefaultClientConnectionOperator - Connecting to altashop-api.fly.dev:443
12:04:10.716 [main] DEBUG org.apache.http.client.protocol.RequestAddCookies - CookieSpec selected: ignoreCookies
12:04:10.716 [main] DEBUG org.apache.http.client.protocol.RequestAuthCache - Auth cache not set in the context
12:04:10.716 [main] DEBUG org.apache.http.client.protocol.RequestProxyAuthentication - Proxy auth state: UNCHALLENGED
12:04:10.716 [main] DEBUG org.apache.http.impl.client.DefaultHttpClient - Attempt 1 to execute request
12:04:10.716 [main] DEBUG org.apache.http.impl.conn.DefaultClientConnection - Sending request: GET /api/orders/10776 HTTP/1.1
12:04:10.716 [main] DEBUG org.apache.http.wire -  >> "GET /api/orders/10776 HTTP/1.1[\r][\n]"
12:04:10.716 [main] DEBUG org.apache.http.wire -  >> "Authorization: Bearer eyJhbGciOiJIUzI1NiIsInR5cCI6IkpXVCJ9.eyJGdWxsbmFtZSI6IkdpdGEgTGVvbmkgZHdpIGZyaXAiLCJFbWFpbCI6ImdpdGFsZWUyMUBnbWFpbC5jb20ifQ.TGsRtCS1_W5fQoxLxVSMhDknX_uoRVw_0tYCGs1StVE[\r][\n]"
12:04:10.716 [main] DEBUG org.apache.http.wire -  >> "Accept: */*[\r][\n]"
12:04:10.716 [main] DEBUG org.apache.http.wire -  >> "Host: altashop-api.fly.dev[\r][\n]"
12:04:10.716 [main] DEBUG org.apache.http.wire -  >> "Connection: Keep-Alive[\r][\n]"
12:04:10.716 [main] DEBUG org.apache.http.wire -  >> "User-Agent: Apache-HttpClient/4.5.13 (Java/19.0.2)[\r][\n]"
12:04:10.717 [main] DEBUG org.apache.http.wire -  >> "Accept-Encoding: gzip,deflate[\r][\n]"
12:04:10.717 [main] DEBUG org.apache.http.wire -  >> "[\r][\n]"
12:04:10.717 [main] DEBUG org.apache.http.headers - >> GET /api/orders/10776 HTTP/1.1
12:04:10.717 [main] DEBUG org.apache.http.headers - >> Authorization: Bearer eyJhbGciOiJIUzI1NiIsInR5cCI6IkpXVCJ9.eyJGdWxsbmFtZSI6IkdpdGEgTGVvbmkgZHdpIGZyaXAiLCJFbWFpbCI6ImdpdGFsZWUyMUBnbWFpbC5jb20ifQ.TGsRtCS1_W5fQoxLxVSMhDknX_uoRVw_0tYCGs1StVE
12:04:10.717 [main] DEBUG org.apache.http.headers - >> Accept: */*
12:04:10.717 [main] DEBUG org.apache.http.headers - >> Host: altashop-api.fly.dev
12:04:10.717 [main] DEBUG org.apache.http.headers - >> Connection: Keep-Alive
12:04:10.717 [main] DEBUG org.apache.http.headers - >> User-Agent: Apache-HttpClient/4.5.13 (Java/19.0.2)
12:04:10.717 [main] DEBUG org.apache.http.headers - >> Accept-Encoding: gzip,deflate
12:04:10.761 [main] DEBUG org.apache.http.wire -  << "HTTP/1.1 200 OK[\r][\n]"
12:04:10.761 [main] DEBUG org.apache.http.wire -  << "content-type: application/json[\r][\n]"
12:04:10.761 [main] DEBUG org.apache.http.wire -  << "date: Sun, 07 May 2023 05:04:12 GMT[\r][\n]"
12:04:10.761 [main] DEBUG org.apache.http.wire -  << "content-encoding: gzip[\r][\n]"
12:04:10.761 [main] DEBUG org.apache.http.wire -  << "transfer-encoding: chunked[\r][\n]"
12:04:10.761 [main] DEBUG org.apache.http.wire -  << "server: Fly/3f2597ca (2023-05-03)[\r][\n]"
12:04:10.761 [main] DEBUG org.apache.http.wire -  << "via: 1.1 fly.io[\r][\n]"
12:04:10.761 [main] DEBUG org.apache.http.wire -  << "fly-request-id: 01GZT9H46YDV40PWSTSZAHVZDY-sin[\r][\n]"
12:04:10.761 [main] DEBUG org.apache.http.wire -  << "[\r][\n]"
12:04:10.761 [main] DEBUG org.apache.http.impl.conn.DefaultClientConnection - Receiving response: HTTP/1.1 200 OK
12:04:10.761 [main] DEBUG org.apache.http.headers - << HTTP/1.1 200 OK
12:04:10.761 [main] DEBUG org.apache.http.headers - << content-type: application/json
12:04:10.761 [main] DEBUG org.apache.http.headers - << date: Sun, 07 May 2023 05:04:12 GMT
12:04:10.761 [main] DEBUG org.apache.http.headers - << content-encoding: gzip
12:04:10.761 [main] DEBUG org.apache.http.headers - << transfer-encoding: chunked
12:04:10.761 [main] DEBUG org.apache.http.headers - << server: Fly/3f2597ca (2023-05-03)
12:04:10.761 [main] DEBUG org.apache.http.headers - << via: 1.1 fly.io
12:04:10.761 [main] DEBUG org.apache.http.headers - << fly-request-id: 01GZT9H46YDV40PWSTSZAHVZDY-sin
12:04:10.762 [main] DEBUG org.apache.http.impl.client.DefaultHttpClient - Connection can be kept alive indefinitely
12:04:10.762 [main] DEBUG io.restassured.internal.RestAssuredHttpBuilder - Parsing response as: application/json
12:04:10.762 [main] DEBUG org.apache.http.wire -  << "107[\r][\n]"
12:04:10.762 [main] DEBUG org.apache.http.wire -  << "[0x1f][0x8b][0x8][0x0][0x0][0x0][0x0][0x0][0x4][0xff][0xaa]VJI,IT[0xb2][0xaa]V[0xf2]tQ[0xb2]24077[0xd3]Q[\n]"
12:04:10.762 [main] DEBUG org.apache.http.wire -  << "-N-[0x82][0xb]Y[0x18][0x9b][[0xe8][0x0][0xa6][0xe4]V[0x9a][0x93][0x93][0x97][0x98][0x9b][0xaa]d[0xa5][0xe4][0x9e]Y[0x92][0xa8][0xe0][0x93][0x9a][0x9f][0x97][0xa9][0x90]R[0x9e][0xa9][0x90]V[0x94]Y[0xa0][0xa4][0xa3][0xe4][0x9a][0x9b][0x98][0x99][0xa3]d[0xa5][0x94][0x9e]Y[0x92][0x98][0x93][0x9a]jd[0xe8][0x90][0xe][0x12][0xd1]K[0xce][0xcf]U[0xd2]Q[\n]"
12:04:10.762 [main] DEBUG org.apache.http.wire -  << "H,..[0xcf]/J[0x81]+[0xb0][0xb0]P[0xaa][0xd5]Q[\n]"
12:04:10.762 [main] DEBUG org.apache.http.wire -  << "([0xca]O)M.[0x81][0xdb]ellb[0xae][0xa3][0xe4][0x7][0xb1]'[0xc2])[0xbf]B[0xc1]PIG[0xc9]%[0xb5]8[0xb9]([0xb3][0xa0]$3?O[0xc9]J[0x9]dZQfr[0xaa][0x92][0x95][0x89][0xa5][0xa5][0x8e]RPbIf^z[0xb1][0x92][0x95][0x81][0x8e][0x92]sbIjz~Qfj[0xb1][0x92]U4[0xd4]GF[0xa6]&[0x86]p#[0xdd][0x13]s3[0xf3][0xd2]1[0x8c]t[0xcb]/RH[0x7]K)[0x14][0x94][0x16][0x15][0xe4][0x17][0xa7][0x16]+[0xd5][0xc6][0xd6][0xea]([0x5][0x96]&[0xe6][0x95]d[0x96]T*Y[0x19][0xd6][0xd6]r[0x1][0x0][0xe3][0xe]'[0x5],[0x1][0x0][0x0]"
12:04:10.762 [main] DEBUG org.apache.http.wire -  << "[\r][\n]"
12:04:10.762 [main] DEBUG org.apache.http.wire -  << "0[\r][\n]"
12:04:10.763 [main] DEBUG org.apache.http.wire -  << "[\r][\n]"
12:04:10.763 [main] DEBUG io.restassured.internal.RestAssuredHttpBuilder - Parsed data to instance of: class org.apache.http.conn.EofSensorInputStream
12:04:10.772 [main] DEBUG org.apache.http.impl.conn.BasicClientConnectionManager - Releasing connection org.apache.http.impl.conn.ManagedClientConnectionImpl@684f7f1c
12:04:10.772 [main] DEBUG org.apache.http.impl.conn.BasicClientConnectionManager - Connection can be kept alive indefinitely
12:04:10.774 [main] DEBUG net.thucydides.core.steps.StepInterceptor - STEP DONE: I send HTTP api GET request for order by id
  &amp#27;[32mWhen &amp#27;[0m&amp#27;[32mI send HTTP api GET request for order by id&amp#27;[0m                  &amp#27;[90m# starter.stepdefinitions.OrderSteps.iSendHTTPApiGETRequestForOrderById()&amp#27;[0m
12:04:10.782 [main] DEBUG net.thucydides.core.steps.StepInterceptor - STARTING STEP: OrderSteps.iReceiveValidHTTPResponseCodeForGetIdDataOrder - I receive valid HTTP response code 200 for get id data order
12:04:10.784 [main] DEBUG net.thucydides.core.steps.StepInterceptor - STEP DONE: I receive valid HTTP response code 200 for get id data order
  &amp#27;[32mThen &amp#27;[0m&amp#27;[32mI receive valid HTTP response code &amp#27;[0m&amp#27;[32m&amp#27;[1m200&amp#27;[0m&amp#27;[32m for get id data order&amp#27;[0m &amp#27;[90m# starter.stepdefinitions.OrderSteps.iReceiveValidHTTPResponseCodeForGetIdDataOrder(int)&amp#27;[0m
12:04:10.793 [main] DEBUG net.thucydides.core.steps.StepInterceptor - STARTING STEP: OrderSteps.iReceiveValidDataForIdOrder - I receive valid data for id order
12:04:10.793 [main] DEBUG net.thucydides.core.steps.StepInterceptor - STEP DONE: I receive valid data for id order
  &amp#27;[32mAnd &amp#27;[0m&amp#27;[32mI receive valid data for id order&amp#27;[0m                             &amp#27;[90m# starter.stepdefinitions.OrderSteps.iReceiveValidDataForIdOrder()&amp#27;[0m
12:04:10.798 [main] INFO  - 
  _____   ___   ___   _____     ___     _     ___   ___   ___   ___  
 |_   _| | __| / __| |_   _|   | _ \   /_\   / __| / __| | __| |   \ 
   | |   | _|  \__ \   | |     |  _/  / _ \  \__ \ \__ \ | _|  | |) |
   |_|   |___| |___/   |_|     |_|   /_/ \_\ |___/ |___/ |___| |___/ 

GET As an admin I have be able to get id order
----------------------------------------------------------------------
]]></system-out>
  </testcase>
  <testcase name="GET  list of category" classname="category" time="0.514">
    <system-out><![CDATA[12:04:10.800 [main] INFO io.cucumber.core.plugin.SerenityReporter - Running feature from file:///E:/mini%20peoject/RestAPi/src/test/resources/api/productcategory.feature
12:04:10.800 [main] WARN io.cucumber.core.plugin.SerenityReporter - Feature from file:///E:/mini%20peoject/RestAPi/src/test/resources/api/productcategory.feature is not under the 'features' directory. Requirements report will not be correctly generated!
12:04:10.806 [main] DEBUG net.thucydides.core.steps.StepEventBus - Test suite started for story net.thucydides.core.model.Story@ad8c0c9b
12:04:10.806 [main] INFO  - Test Suite Started: Category

Scenario: GET  list of category                                            &amp#27;[90m# src/test/resources/api/productcategory.feature:2&amp#27;[0m
12:04:10.843 [main] INFO io.cucumber.core.plugin.SerenityReporter - Running feature from file:///E:/mini%20peoject/RestAPi/src/test/resources/api/productcategory.feature
12:04:10.843 [main] WARN io.cucumber.core.plugin.SerenityReporter - Feature from file:///E:/mini%20peoject/RestAPi/src/test/resources/api/productcategory.feature is not under the 'features' directory. Requirements report will not be correctly generated!
12:04:10.847 [main] INFO  - 
  _____   ___   ___   _____     ___   _____     _     ___   _____   ___   ___  
 |_   _| | __| / __| |_   _|   / __| |_   _|   /_\   | _ \ |_   _| | __| |   \ 
   | |   | _|  \__ \   | |     \__ \   | |    / _ \  |   /   | |   | _|  | |) |
   |_|   |___| |___/   |_|     |___/   |_|   /_/ \_\ |_|_\   |_|   |___| |___/ 

GET  list of category(category;get--list-of-category)
--------------------------------------------------------------------------------
12:04:11.044 [main] DEBUG net.thucydides.core.steps.StepInterceptor - STARTING STEP: ProductCategorySteps.iSetTheGETApiEndpointscategory - I set the GET api endpoints
12:04:11.045 [main] DEBUG net.thucydides.core.steps.StepInterceptor - STEP DONE: I set the GET api endpoints
  &amp#27;[32mGiven &amp#27;[0m&amp#27;[32mI set the GET api endpoints&amp#27;[0m                                        &amp#27;[90m# starter.stepdefinitions.ProductCategorySteps.iSetTheGETApiEndpointscategory()&amp#27;[0m
12:04:11.052 [main] DEBUG net.thucydides.core.steps.StepInterceptor - STARTING STEP: ProductCategorySteps.iSendHTTPApiGETRequestcategory - I send HTTP api GET request
12:04:11.057 [main] DEBUG net.thucydides.core.steps.StepInterceptor - STARTING STEP: GetAllProductCategory.HTTPApiGETRequestcategory - I set the GET api endpoints
12:04:11.057 [main] DEBUG net.thucydides.core.steps.StepInterceptor - STEP DONE: I set the GET api endpoints
12:04:11.100 [main] DEBUG org.apache.http.impl.conn.BasicClientConnectionManager - Get connection for route {s}->https://altashop-api.fly.dev:443
12:04:11.101 [main] DEBUG org.apache.http.impl.conn.DefaultClientConnectionOperator - Connecting to altashop-api.fly.dev:443
12:04:11.194 [main] DEBUG org.apache.http.client.protocol.RequestAddCookies - CookieSpec selected: ignoreCookies
12:04:11.194 [main] DEBUG org.apache.http.client.protocol.RequestAuthCache - Auth cache not set in the context
12:04:11.194 [main] DEBUG org.apache.http.client.protocol.RequestTargetAuthentication - Target auth state: UNCHALLENGED
12:04:11.194 [main] DEBUG org.apache.http.client.protocol.RequestProxyAuthentication - Proxy auth state: UNCHALLENGED
12:04:11.194 [main] DEBUG org.apache.http.impl.client.DefaultHttpClient - Attempt 1 to execute request
12:04:11.194 [main] DEBUG org.apache.http.impl.conn.DefaultClientConnection - Sending request: GET /api/categories HTTP/1.1
12:04:11.194 [main] DEBUG org.apache.http.wire -  >> "GET /api/categories HTTP/1.1[\r][\n]"
12:04:11.194 [main] DEBUG org.apache.http.wire -  >> "Accept: */*[\r][\n]"
12:04:11.194 [main] DEBUG org.apache.http.wire -  >> "Host: altashop-api.fly.dev[\r][\n]"
12:04:11.194 [main] DEBUG org.apache.http.wire -  >> "Connection: Keep-Alive[\r][\n]"
12:04:11.194 [main] DEBUG org.apache.http.wire -  >> "User-Agent: Apache-HttpClient/4.5.13 (Java/19.0.2)[\r][\n]"
12:04:11.194 [main] DEBUG org.apache.http.wire -  >> "Accept-Encoding: gzip,deflate[\r][\n]"
12:04:11.194 [main] DEBUG org.apache.http.wire -  >> "[\r][\n]"
12:04:11.194 [main] DEBUG org.apache.http.headers - >> GET /api/categories HTTP/1.1
12:04:11.194 [main] DEBUG org.apache.http.headers - >> Accept: */*
12:04:11.194 [main] DEBUG org.apache.http.headers - >> Host: altashop-api.fly.dev
12:04:11.194 [main] DEBUG org.apache.http.headers - >> Connection: Keep-Alive
12:04:11.194 [main] DEBUG org.apache.http.headers - >> User-Agent: Apache-HttpClient/4.5.13 (Java/19.0.2)
12:04:11.194 [main] DEBUG org.apache.http.headers - >> Accept-Encoding: gzip,deflate
12:04:11.229 [main] DEBUG org.apache.http.wire -  << "HTTP/1.1 200 OK[\r][\n]"
12:04:11.230 [main] DEBUG org.apache.http.wire -  << "content-type: application/json[\r][\n]"
12:04:11.230 [main] DEBUG org.apache.http.wire -  << "date: Sun, 07 May 2023 05:04:12 GMT[\r][\n]"
12:04:11.230 [main] DEBUG org.apache.http.wire -  << "transfer-encoding: chunked[\r][\n]"
12:04:11.230 [main] DEBUG org.apache.http.wire -  << "content-encoding: gzip[\r][\n]"
12:04:11.230 [main] DEBUG org.apache.http.wire -  << "server: Fly/3f2597ca (2023-05-03)[\r][\n]"
12:04:11.230 [main] DEBUG org.apache.http.wire -  << "via: 1.1 fly.io[\r][\n]"
12:04:11.230 [main] DEBUG org.apache.http.wire -  << "fly-request-id: 01GZT9H4NR475MR49HREQTK41B-sin[\r][\n]"
12:04:11.230 [main] DEBUG org.apache.http.wire -  << "[\r][\n]"
12:04:11.230 [main] DEBUG org.apache.http.impl.conn.DefaultClientConnection - Receiving response: HTTP/1.1 200 OK
12:04:11.230 [main] DEBUG org.apache.http.headers - << HTTP/1.1 200 OK
12:04:11.230 [main] DEBUG org.apache.http.headers - << content-type: application/json
12:04:11.230 [main] DEBUG org.apache.http.headers - << date: Sun, 07 May 2023 05:04:12 GMT
12:04:11.230 [main] DEBUG org.apache.http.headers - << transfer-encoding: chunked
12:04:11.230 [main] DEBUG org.apache.http.headers - << content-encoding: gzip
12:04:11.230 [main] DEBUG org.apache.http.headers - << server: Fly/3f2597ca (2023-05-03)
12:04:11.230 [main] DEBUG org.apache.http.headers - << via: 1.1 fly.io
12:04:11.230 [main] DEBUG org.apache.http.headers - << fly-request-id: 01GZT9H4NR475MR49HREQTK41B-sin
12:04:11.231 [main] DEBUG org.apache.http.impl.client.DefaultHttpClient - Connection can be kept alive indefinitely
12:04:11.231 [main] DEBUG io.restassured.internal.RestAssuredHttpBuilder - Parsing response as: application/json
12:04:11.231 [main] DEBUG org.apache.http.wire -  << "179[\r][\n]"
12:04:11.231 [main] DEBUG org.apache.http.wire -  << "[0x1f][0x8b][0x8][0x0][0x0][0x0][0x0][0x0][0x4][0xff][0xaa]VJI,IT[0xb2][0x8a][0xae]V[0xf2]tQ[0xb2]24250[0xd5]Q[0xf2]K[0xcc]MU[0xb2]Rr+-[0xca][0xcb],)-JU[0xd2]QrI-N.[0xca],([0xc9][0xcc][0xcf]S[0xb2]RJ[0xcb]/RHO[0xcc][0xcd][0xcc]KW((-*[0xc8]/N-V[0xaa][0xd5]A[0x98]aA[0x5]3,[0xe1]f(:([0xab][0xa8][0x92][0xea][0x6]CC[0xb8]~[0x88]KI6[0xc0][0x98]R[0x3]L(5[0xc0][0x8c]R[0x3][0xcc])5[0x0][0x11][0x9][0xe4][0x5][0xa2][0x91][0x1][0x85].02[0xa2][0xd4][0x0]D4[0x86][0xa5][0x96][0xa4][0x16]e[0xe6]%[0x16]Ub[0xa4][0x85][0xd4][0x9c][0xd4][0xe4][0x92][0xa2][0xcc][0xe4][0xcc][0xc4]<[0xe4][0x84]l[0x84][0xc8][0xc][0xbe][0xf9][0xa0][0xb4][0xaf][0x10][0x90][0x99][0xc][0xca][0x11][0xc5][\n]"
12:04:11.231 [main] DEBUG org.apache.http.wire -  << "[0x89]y)[\n]"
12:04:11.231 [main] DEBUG org.apache.http.wire -  << "n[0x99]9[0xb9][0x18]Fe$f[0x16][0xa5][0x14][0xa5][0x16][0x17][0xa7][0x16][0xa1][0x18][0x85][0x88][0xb][0x8f][0xd2][0xdc][0xc4]<[0x85][0xa0][0xd4][0xe2][0xfc][0xd2][0xa2][0xe4][0xd4]b[0xc][0x13][0xca]3[0xf3]R[0xf2][0xcb][0x15][0x92]sR[0x13][0xf3][0xd0][0xc]A[0xc4][0x87]kJir"[0xd8]I[0xbe][0x89]y[0x89][0xe9][0xa9][0xb9][0xa9]y%[0x18]&[0x15][0xe4][0xe7]d&[0xa7]*[0xe4][0xa7][0xa5]e&[0xa3][0x9a]d[0x8c][0xc8][0x1e]A[0x89][0x99]9E[0xf9][0x89])[\n]"
12:04:11.232 [main] DEBUG org.apache.http.wire -  << "[0xbe][0x89]y[0xa5]i[0x89]`[0xff]a[0x98][0x94]XR[0x92]_[0x94][0x97]Z[0xa9][0x90]X[0xa2][0x90][0x93]X[0x8e][0xec]3cD[0x8];%[0x96]$[0xa6][0xe7][0x17])[0x84][0xe7]g[0x97]b[0x18][0xe1][0x9c][0x9a][0x9b][0x99][0x93][0x98][0xa7]P[0x9c][0x9a][0x1]2$[0xb5]*[0xb1]D!)[0xb5](=[0xb3]*[0x13][0xc5]8J[0xb3][0x8d]1<[0xd2][0x0][0x0][0x0][0x0][0xff][0xff]"
12:04:11.232 [main] DEBUG org.apache.http.wire -  << "[\r][\n]"
12:04:11.232 [main] DEBUG org.apache.http.wire -  << "409[\r][\n]"
12:04:11.232 [main] DEBUG org.apache.http.wire -  << "R[0x82]$[0xda]t[0xc][0xa7][0x10]([0xbf][0x8c][0x11][0x19][0xaf]$[0xb5][0xb8][0x4]K[0x14][0xa1]8[0x18]Q[0xda][0x91]k[0x1f]"Z[0x89][0xb0][0xcf][0x4][0x11]u[0xee][0xe0]2[0x18][0xc3]{n[0xf8][0x8b]g[0x13]D[0x9e][0xc2]a[0x0][0xb2][0xf7]L[0x10][0xd1]K[0xa6][0xf7]L[0x10]1J[0x8c][0xf7][0x10][0x19][0x85][0x8][0xd7][0x99]"[0x2][0x3][0xe2]:[0x8c][0xc0] [0x10][0xd7][0xa6][0x88][0xc0] [0xd3][0x0]D[0xf8]P#[0xf9][0x9b]"[0x2][0x8b]*[0xc6]!2[0x3]U[0x8c]C[0xe4][0xc][0xaa][0x18][0x87][0x88]k[0xaa][0x18][0x87][0xc8][0x89]T1[0xe][0x91]-[0xa9]a[0x9c][0x19][0xa5]u[0xa1][0x19]"[0xad];f'%[0x16])[0x4]eVeW*[0xb8]%f[0x14][0x95][0x16][0xe5]Wa[0xd6]j[0xb9][0x99]y[0x99][\n]"
12:04:11.233 [main] DEBUG org.apache.http.wire -  << "[0x5]E[0xf9]Y[0xa9][0xc9]%[0xc8]Y[0xda][0xc][0x91][0xe6][0xa9][0xe2]1D[0xe] /[0xb][0x99]![0xd2]<[0x99][0x6]P7[0x95][0x9b]!R9[0x99][0xee]A[0xa4]k[0xe7][0xc4][0x92][0xd4][0xf4][0xfc][0xa2]J[0x5][0xc7][0xd2][0x9c][0xcc]D[0x8c][0xd2][0x9][0x14]C[0xc9]0%[0x89]`%H[\r]i3D[0x82][0xce]K[0xcc]M[0x4][0xc5]eJi6[0x86]![0xd9][0x10][0x3][0xc0]q[\r][0x92]G6[0x81][0xba]i[0xd8][0x1c][0x91][0x4][0xc9][0xb][0x19]sD[0xd2]#[0xd3][0x0]J[0x13][0x9b]9[0xa5][0x89][0xcd][0x1c][0x91][0xd8][0xc8][0xf4][0x2][0xa5][0xc9][0xcb][0x1c][0x91],[0xc8]t[0x1]"U@[0xc] [0xb9][0x89]d[0x81]([0xcc][0x88][0xa8][0xd3]-([0x8d]u[0xb]Jc[0xdd][0x2][0x11][0xeb][0xc4][0xb8][0x97][0xd2][0x18][0xb2]@[0x14][0x0][0xc4]X[0x87][0x1e][0x1d][0x18]9[0x9c]@#[0xc6][0x12][0x11][0x1b]![0xa9][0xc5][0x98][0xfd][0x0][0xcf][0xbc]L[0x5][0x90][0x4][0xa8][0xc3][0xee][0x9e][0x99][0x9a][0x83]\[0x19]XR[0x9a][0xa5]-)[0x8d]\KJ#[0xd7][0x12][0x11][0xb9][0x90][0xe4]Lr[0xf8]Q[0x9a][0xa5]-)M0[0x96][0x88][0x4]C[0xa6][0x17](-[0x13],[0x11][0x89][0x90]p[0x92]53[0xa0]0[0xd5][0x98][0x19] R[\r]1[0xd6]Q[0x18][0xc3]fH[0xc3]Z[0xc4]XGal[0x98][0x19] b[0x83][0x8][0xeb][0x90][0xc6][0xaa]r[0x13][0xb3][0x13][0xf3][0x12][0xf3]0[0x12]0L[0x1c]Q[0xb5][0x9b][0x19]"B[0x90][0xac]$cfHa[0xbe]33[0xa4]4V[0xc])[0xcc]wf[0x86][0x14][0xe6];3CDLS[0xa1])lf[0x88][0x88][0xf7][0xf0][0xcc][0xa2][0xd4][0x9c][0xd4]b[0xcc][0xe1][0x9d][0x82][0x8c][0xca][0xe2][0xcc][0xe4][0xcc]b[0xe4]&[0xb9][0x19][0xa5][0x3]ef[0x94][0xe][0x94][0x99][0x19]Q[0x1a][0x99]F[0x94][0xc6][0x85][0x11]"[0xf0]p$[0xe8][0xc4][0xe2][0x14][0xa4][0xaa][0xcb][0xcc][0x8][0xb5][0xc8][0x2][0xd5]n[0x5]E[0xf9])[0xa5][0xc9][0x98]5`IFf[0xb1]Bf[0xb1]BIF*[0xa4][0x15][0x9d]\[0xa2][0x90][0x82]4[0xa6][0x8d][0x94][0xaf][0x8c][0x11][0x95])([0xef]R[0xcb]TD[0x81]I[0xc8]Td/[0x1a]#29!m[0xa4]x[0x11][0x91][0xf3][0x9][0x99][0x8a][0xe2][0x18]J[0xb3]+[0xda][0xc0][0x1a][0xb5][0x82][0x16][0x91][0x87]I[0xf1][\r][0xd2]8[0x1a]!m$[0x4]-[0xd2][0xe0][0x1a]!S[0x91][0x83][0x16]i[0x8c][0xc]G[0xda][0xc7][0xdf][0x4]43[0xa1]4[0xf7][0x99][0x10][0xcc]}[0x4]\`[0x8a][0xc8]7[0xe4]y[0x81][0xd2][0xa1]83S[0xe2][0x93]5[0x9]1jJi[0xaa]7EDM@~NfyQbI[0x6]F[0x5][0x1f][0x94]ZP[0x9a][0x92][0x99][0x98][0x97][0x92][0x98][0xaa][0x90][0x97]Z[0x9c][0x9c]Y[0x9a]W[0xa2][0x90]Z[0x91][0x9c]ZPRZ[0x94][0xa9][0x90][0x92][0x9f][0x93]_[0x94][0xaa][0x90]Z[0x9a][0xab]P[0x9c]ZX[0x9a][0xa9][0x87][0x9c]xL[0x11][0x19][0xc0]719#?[0x1b]s[0xc6].[0xb0]4[0xb1]8S![0xad]4=Q!/?O[0xa1][0xb0]4?E!3[0xb7] 5%[0xb3]D[0xa1],5'[0xb3][0x4][0xd5]@J[0xd3][0x2][0xa5]c]fHCT[0x90][0xc4]Dj[0xf][0xd5][0xcc][0xc]51[0xe0][0x1f][0xc4]73CD[0xb2][0xa1][0x91][0xb1]Bb[0x16][0xe6]P[\r]([0xf9][0xe7][0xa6][0x16]%g`[0x9b][0xf3]4[0xa3]t[0xcc][0xc8][0xcc][0xc]Q[0x99]A|[0x8c][0x91]D@[0xe][0x80]Hau[0x81]9[0xa5][0xf9][0xcf][0x1c][0x11]b[0x10]kHv[0x1][0xa5]M[0x8]sDB&[0xcf][0x5]H[0xc3][0x12]d[0x1a]@i[0x18]X 2;[0x99]. [0x18][0x6][0xc8]Y[0x9f][0xd2][0xde][0xbb][0x19][0xe1][0xde];[0x8a]u[0x94][0xfa][0x8e]p?[0x17][0xc9]:sJ{[0x99][0xe6]H[0xbd]L[0xb2]b[0xc3][0xdc][0x80][0xc2][0xf4]`n@a[0x9e]0G[0xea][0xb9][0x92][0xe9][0x5][\n]"
12:04:11.233 [main] DEBUG org.apache.http.wire -  << "[0xe3][0xcc][0xdc][0x80][0x94][0x14]i[0x8e][0xd4][0x99]%[0xcf][0xbd][0x94][0xf6]k[0xcd][0x91][0xfa][0xb5]8f[0x10][0xf1]O[0x90][0x9a]#uK[0xc9]4[0x0][0x11]b8[0xc]@N[0xe5]H[0x9d]F2C[0x8c]`[0xd5][0x81]l[0x9d][0x11]"I[0xe3]p[0x1c][0x81][0xe0]A[0xea])[0xe2]0[0x0][0xc5]:J[0x93][0x9f][0x11]"0q[0x4][0xf][0xb2]uH[0xb][0x1b][0xd2][0x1][0x0][0x0][0x0][0xff][0xff]"
12:04:11.233 [main] DEBUG org.apache.http.wire -  << "[\r][\n]"
12:04:11.234 [main] DEBUG org.apache.http.wire -  << "67A[\r][\n]"
12:04:11.234 [main] DEBUG org.apache.http.wire -  << "[0xc2]>;[0x8e][0xbf][0x1a]5G[0xea]q[0xe1]0[0x0][0xc5]:J}gL[0x92][0xef][0x90][0xfa],8[0x1c]G[0xc0]wH[0xdd][0x13][0x1c][0x6] [0xfb][0xe][0xa9]SA[0xa8]3C|[0x83][0xda][0xdc][0x4][0xe1]eB[0xa6][0xa2]8[0x6][0x91][0xca][0x9]i#[0xc1]1H[0xb][0x8]p$f[0x2][0xb9][0x1][0xa9][0xd7][0x82][0xc3][0x0]dO M[0xef][0xe3]PM[0xc8]:DC[0x15][0x87][0x1]([0xd6]![0x82][0x1a]Gt[0x13]H/[0xa6][0x88][0x9e][0x0][0xe][0xeb][0x8][0xb9][0x17][0x11]k8[0xc]@v/[0xd2][0x14]7[0x15][0x86][0xe3][0xcc]1z[0x11]$[0xb6]h[0xcd][0x91]:[0x11][0xe4][0x85][0x1f][0xd2][0xd4]6[0xee][0xe5][0x94]p[0x19][0x5][0xaf][0xd4][0x82][0xc4][0xa2]D[0x94][0x10][0xa1][0xb4][0x80]1[0xa3]4[0x9]P[0xda][0xaf]0[0xa7]t[0xd2][0xd8][0x9c][0xd2]Ics[0xa4][0x9e][\r]<[0xac]1[0x92][0x2]\[0x6]K,P:[0xe7]kn[0x8e][0x88]F[0xb7][0xa2][0xd2]L[0xcc][0x1]J[0xe4]8[0xa7][0xb4][0x1b]d[0x8e]4AL[0x84]m[0x88][0x1c][0x8a]]qz~~[0x8a][0x2][0xa8][0x9c][0xc8]HM[0xcc])[0xc9]@v)[0xa5][0xfd]-s[0xb][0xc4][0xb0](y[0x19][0x8c][0xd2][0xa9]esJ[0xa7][0x96][0xcd][0x91][0xa6][0x96][0xc9][0xf4][0x2][0xa2]H'[0xd3][0x0]D[0xe2]"[0xd3][0x0]J[0xcb][0x8][0xb]D5A[0x9e][0xb][0x90]f[0xb0][0xc9]4[0x80][0xd2][0x84]D[0xb8]#[0xc][0xca][0x2][0x10][0xc7]a[0x1b]1G[0x9a][0xc6][0xa6]F[0xdd]E[0xe9][0xa4][0xb6][0xb9]%[0xa5][0xc9][0x8a][0xf0][0xa4]6rQ[0x80][0xd4][0xb3][0xa7][0x8a][0xf7])NQ[0x88]b[\r][0x12]i[0x18][0x5]>[0xfe][0xf8][0xb4]0[0xa0]p<[0xcd][0x82][0xd2][0xd1][0xb][0xb][0xa4][0xae]?l[0xfe][0x17]}'[0x6]L[0x1c]1e[0x81][0xd4]]ww[0xf4][0xf5][0xf4]s'[0xd9][0xe3][0x88][0xa0]wLNN-.[0xce]/[0xca][0xc4]2|Z[0x92][0xaf][0x90][0x9a][0x97][0x91][0x98][0x97][0x9c][0xaa][0x90]XP[0x90][0x9a]X[0x4]b"[0xa5][0x8][0xb]CD[0x0]R!EXP:[0xb0]`[0x81]4[0xb0]@[0x15][0xf7] [0xfa][0xd1]T1[0xe][0x91]])[0xb]uDYN[0x91]9F[0x88][0x2][0x95]"s[0xc]([0xcd][0x87][0x94][0xce][0xf1][P:[0xbe]baH[0xa9][0x17]([0x9d][0xdd][0xb7]@[0x9a][0xdd][0xa7](2[0x90][0xc6]~[0xc8]+[0x14][0x91][0xc6]~(s[0x8][0x95]R;[0xa5][0x8b][0xe],[0x8][0x8f].[0x11][0xa8]&[0x8][0xaf]Z d[0x0][0xa5][0xa9][0xb]i[0xc1][0x2][0x8e]HE.[0x95])[0x1d] [0xb3]@[0x1a] [0xa3]([0x9] -[0x6][0xc0][0xe1]l[0x2][0x1][0x87]4tF[0x99]C[0x10][0xf5][0x1d][0x99][0xe][0xa1]4[0x6]M[0x10]5%y.[0xa0]t\[0xd0][0x82][0xf0][0xb8] [0x81][0xc8][0xc0][0xd8]&Dj[0xab][0x83][0xd2][0x15][0x10][0x16]&[0x88]"[0x85][0xcc]@Dt[0xa3](JOH[0xe3][0x9b]d:[0x84][0xd2][0x4]iBi[0x82][0xa4]t-[0x87][0x5][0xd2][0xb0]*9[0xdb]w-[0x90][0x96]r[0x90][0x17][0x86]H[0x3][0xad]d[0x1a][0x80]HN[0x14][0xa5][0x6][0xa4][0xd5][0x1f][0x94][0x99][0x83]h[0xd7][0x91][0xe9]!D[0xaa]"+J[0x90][0xd6]tP[0xe4][0x11][0xa4]1^[0xf2]<B[0xe9][0xa8][0xae][0x5][0xa5][0xa3][0xba][0x16]H[0xa3][0xba][0xe4][0x5]%[0xa2][0xa4]!3[0x8][0x10][0x89][0x81]<[0x7]PZ@ [\r][\n]"
12:04:11.234 [main] DEBUG org.apache.http.wire -  << "[0x93][0xe5][0x0]J[0x87]t-[0x90][0x86]t[0xc9]s[0x0]"{[0x93][0x17][0x5]H#[0xba][0xe4]9[0x0][0x91][0x1d][0xc9]t[0x0]"[0xe][0xc9]r[0x0][0xa5]C[0xaf][0x16]HC[0xaf][0xe4]9[0x80][0xc2][0xa5][0x11][0x16][0x16][0x94][0xc6]![0xd2]b[0x1d][0xf2]|@a[0x14]P[0xba]z[0xc7][0x2]i[0xd0][0x92],[0xf]P:[0xc8]h[0x81]4[0xc8]H[0x9e][0x3][0x10][0x5]Yr~^I~[0x86].t7$[0xb6][0x11]'[0xb7][0xc4][0xe2][0x8c][0xcc][0xfc][0xbc][0xc4][0xa4][0x9c]T[0xe4][0x1e][0x8d]%"'[0x11]6[0x3]S[0x5][0xd2][0xd0][0x19][0xd2][0x1e][0x18][0xb2][0xf2][0xa4]%[0xa5]C~[0x96][0x94][0xae]7[0xb2]D[0x1a]3$[0xd3][0xb][0x88][0x18]![0xd3][0x0]D[0xa6][0xc0]1[0xe3][0x8b][0xca][0xd8][0x12]i[0xdc][0x10][0x87][0x1]H[0xb1]o[0x89]4[0xaa][0x87]C5![0xeb][0x10][0xe3]x8[0xc]@[0xb1][0xe]Q[0xe6][0xe0]PM[0xc8]:D[0xdd][0x8f][0xc3][0x0][0x14][0xeb][0x10]i[0x9b][0xbc][0xd8][0xa0]t[0xec][0xca][0x92][0xd2][0xb1]+K[0xa4][0x81]D[0xf2][0xbc][0x80]4[0xf8]E[0xa6][0x1][0x88][0x18]&[0xd3][0x0][\n]"
12:04:11.235 [main] DEBUG org.apache.http.wire -  << "k*K[0xa4]a*[0x1c][0x91]N [0xd5] [\r]S[0xe1]0[0x0]9[0xd5] m[0x8c]![0xcf][0xc3][0x94][0xe][0x12]Y"[\r][0x12][0xe1]p/[0x1][0xf]#[0x9d]*[0x83][0xc3][0x0]d[0xf]c[0x9c][0xf9]B[0xe2][0xe8][0x83]%[0xa5][0x83]Q[0x96][0xc6][0x88][0x8c][0x8a][0xc3][0xbd][0x84]<L[0xb0][0xd8]D[0xf6]0[0xd2][0x80][0xf]y[0xd6]![\r][0xf8][0xe0]0[0x0][0xc5]:J3[0x0][0xa5][0x83]3[0x96]HK[0xd1][0xc8]K[0xd2][0x94][0x8e][0xca]XR[0xba]A[0xc6][0x92][0xd2]A[0x15]K[0xa4][0xa5]f[0xe4][0x85][0x1][0xa5][0x83]"[0x96][0x94][0xee][0x85][0xb1]D[0x1a][\r]![0xd3][0xb][0x94]6O[0x90]V[0xb4][0x91][0xe7][0x2]J[0x87][0x1f],)[0x1d]~[0xb0][0xa4]t[0xaf][0x89][0xa5])[0xc1][0xb2][0x86]@a[0x85]4[0x16]DD[0xe9][0x81]4\Bf[0x90]#[0x1a]]d[0x1a]@i[0xaa]A[0xda][0x9d]C[0xbd][0xc5][0xa7][0x96]H[0xa3]([0x84]LE.[0x8d][0x91][0x6]O[0x8]i#~%[0xac]%[0xa5][0x7][0xa3]XR[0xba]H[0xce][0x12]iH[0x85][0xbc]h[0xa6]t[0xe1][0x9c]%[0xd2][0xc2]92][0x80][0xc8]Y[0xe4][0x19]@[0xe9][0x8a]:K[0xa4]a[0x1d][0xe7][0xc4][0x94][0xdc][0xd2]b[0x85][0x80][0xd4][0xb2][0xd4][0xa2][0xd4][0x9c][0x1c][0x8c]6[0x91]GiZZNjAiZ[0x1a]r[0xea]B[0x1a][0xd6]q*M[0xce]NJM[0xc4]<q(8[0xa7][0xb2]$[0x3]t[0x98]"[0x8a]FD3[0xdb]=5[0xbf](=U!<5[0xb1]8'[0x15][0xf3]`[0xaa][0x90][0x8c][0xd2][0xbc][0x94][0xd4][0xa2][0xa4][0xcc]"[0xe4][0xfd][0xdc][0x96][0x94][0xae][0xa4][0xb3]D[0x1a][0xcf]!3[0xf4][0x11][0xad]8[0xf2][0xc][0xa0]t[0x1d][0x9b]%[0xd2][0x88][0xe][0x99].[0xa0][0xb4][0xa9][0x86]4[0xa4]C[0xa6][0xb][0x10]=\2[\r][0xa0][0xb4][0xb4]F[0x1a][0x11][0xa2][0xe8][0xa4]4K[0xa4][0x1]!J[0xc]26[0xa0]p1[0x99][0xb1][0x1][0xd2]N[0xb6][0x80][0xd4][0xa2][0xcc][0x82][0x8c][0xd4][0xa2][0xc4][0x1c][0x5][0x1c][0x95][0xaf]o~iq[0xaa][0x8e][0x82]wjeR~bQ[0x8a][0x8e][0x82]GjbJAF~^[0xaa][0x82]k[0x88]3"[0xcf][0x1a][0x1b]P8[0xde]dl@[0xe1][0xfe]6c[0x3][\n]"
12:04:11.235 [main] DEBUG org.apache.http.wire -  << "[0x7][0xac][0x8c][\r][0xc](Kn[0xc6][0x6]H[0x87][0xb5][0x90][0x93]^[0x8d][\r][0x90][0x6][0xac][0xc8]4[0x0]q[0xca][0x3][0x99][0x6] 2=[0x8e]$[0x81][0xb7]Agl@x[0xcb][0x1b]r[0xaa]A:5[0x85]L[0xf7]RVM[0x1a][0x1b] [\r]*[0x91][0xe7]a[0xa4]A%[0x1c][0x6] {[0x18]i[0xd9][0x13]y[0x1e]F:I8[\r][0xe7][0xb1][0xda](6RV[0x6][0x1a][0x1b]P8[0x6]dl@[0xe1][0x18][0x90][0xb1][0x1][0xd2][0x18][0x10]5[0x8b],[0xa4][0x91]![0xf2][0xe2][0xc2][0x18][0x91]Y[0xc8]4[0x80][0xb2][0xee][0x88][0xb1][0x1][0x85][0xa3]M[0xc6][0x6]HK[0x9f][0xc8][0xf4][0x2]e[\r][0x1d]c[0x3]cJs0[0x85]k[0x9e][0x8c][\r][0x90]F[0xb0][0xc8][0xb][0x3][\n]"
12:04:11.235 [main] DEBUG org.apache.http.wire -  << "W[0x1c][0x19][0x1b]P8&el@[0xe1][0x90][0x92][0xb1][0x1][0x85]CJ[0xc6][0x6]H[0xeb]t[0xc8][0xb]D[\n]"
12:04:11.235 [main] DEBUG org.apache.http.wire -  << "[0x17][0xea][0x18][0x1b]P8[0xa4]dl[0x80]t[0xfa][0x9][0x99]^[0xa0]4)#[0x8d][0x86][0x90][0xe7][0x2][\n]"
12:04:11.235 [main] DEBUG org.apache.http.wire -  << "[0x87][0x94][0x8c][\r]([0x1c]a16[0xa0]pH[0xc9][0xd8][0x0][0xe9][0xa8]Z[0xf2][0xc2][0x0]i,[0x84]L[0x3][0x10][0xb][0xd6][0xc9]4[0x0][0xd1]%[0xd3][0x0]J+[0x16][\n]"
12:04:11.235 [main] DEBUG org.apache.http.wire -  << "GP[0x8c][\r]([0x1c][0xbf]060[0xa7]4/ [\r]?[0xe0]hW[0x11]h[0x89]"[\r]?[0xe0]0[0x0][0xb9][0x99][0x84]4d[0x80][0xa9][0x1a][0x0][0x0][0x0][0xff][0xff]"
12:04:11.235 [main] DEBUG org.apache.http.wire -  << "[\r][\n]"
12:04:11.238 [main] DEBUG org.apache.http.wire -  << "258[\r][\n]"
12:04:11.238 [main] DEBUG org.apache.http.wire -  << "[0x2][0xdf]UB[0xc8]:D][0x8e][0xc3][0x0][0x14][0xeb][0x10][0xad]2[0xf8]vQ[0x8c]a[0x15][0xb8][0xc][0xc6]FRc[0x3][0xb]D[0xf8][0xc2][0x95][0x91]d[0x0][0x85]KF[0x8c][\r][0x90][0xb6][0xa9][0x91][0x97][0xca])[0x1c][0x1f]06@[0xda])F[0xa6][0xb][0x10][0x81]H[0x96][0x1][0x86][0x84]{[0xe3]H[0x91]nHi[0x17][0xd7][0x90]p[0x17][0x17][0xc5]:J}G[0xe1]F)cC[0xa4][0x3]T[0xc8][0xb]_[0xa4][0xde][0xa4][0x8b][0xa7][0xb3][0xbf][0x93][0xa3]B[0xa4][0xa3][0x7]F2w[0xc][0xf0]T[0x8][0xf7][0xf][0xf2][0xe]F[0xf6]=[0x85][0xbb]}[0x8c][\r][0x91]v[0xfb][0x90]l7[0xa5]![0x8f][0xd4]+%/[0xe0]([0xdc][0x9f]cl[0x88][0xd4][0xcf]$[0xd3][0x5][0x14][0x8e][0xa6][0x18]"[0xad]T [0xd3][0x5][0x14]vM[0xc][0x9][0xef][0x87][0xc1][0xbb][0x97][0xc1][0xd8][0x90]p[0xcf][0x17]9[0xc5]"[0xad]=[0xf0]M[0xcd]/[0xc7]r[0xb6][0x9f]obEfn*[0xe8][0x9c]=[0x85][0xdc][0xcc][0xbc][0xd2]b[0x85][0xcc][0x14][0xf0])|[0x99][0x5][0xc5][0x89][0xb9][\n]"
12:04:11.238 [main] DEBUG org.apache.http.wire -  << "e[0xf9]9[0xa5][0x5]%[0x89]%[0xa9][0xb9][\n]"
12:04:11.238 [main] DEBUG org.apache.http.wire -  << "[0xc5][0x99][0xb9][0x99]9[0x99][0x85][0xa5][0xa9]H[0xa7][0xf1][0x19][0x1b]R[0xda][4$[0xdc][D[0xf6][0xf][0xd2][0xd2][0x2][0xf2]"[0x90]p[0xc7][0xc][0xc5]:J[0x13][0x1c][0xe1][0x89]}d[0xeb]([0xed][0xf0][0x18]R8[0x9]olHi[0x8f][0xc9][0x90][0xf0],>[0x8a][0x87])[0xcd]NH[0x93][0xc5]8[0xd2][0x3][0xb2]u[0x94][0xf6]D[0xc][0x91]z"[0xa4][0x96][0xdf][0x14][0x1e]ubl[0x88]4[0xcb][0x8b][0xc3][0xab][0x4]J[0xe][\n]"
12:04:11.238 [main] DEBUG org.apache.http.wire -  << "[0x8f]:16D[0x9a][0xda]%[0xd3][0x5][0x14]vb[0xc][0x9]O[0x3]#G7R[0x87][0x3]G[0xf3][0x19][0xfb][0xdb][0x10][0xa9][0xc3][0x81][0xc3][0x0]d[0xeb]([0xed]][0x18][0x92][0xd4][0xbb]0[0xa4][0xb4]wa[0x88][0xb4]B[0x9d][0x18][0xdf]!z[0x17]8T[0x13][0x8]L[0xa4]c8p[0x18][0x80][0x1c][0x98]Hs[0x95]8T[0x13][0xb0][0xe][0xa9]/[0x82][0xc3][0x0][0x14][0xeb][0x10])[0x13][0x87]jB[0xd6]![0xba][0xd7]8[0xc]@[0xb1][0xe]Q[0xaf]Pp[0x7][0x8f][0xb1]!Ro[0x5][0x87][0xad][0x84][0x9c][0x8d]([0x80]q[0x18][0x80][0xe4]l#[0xa4][0xae][0x9][0xe][0xd5][0xf8][0xad]3BZ[0x82][0x8e][0xc3][0x0][0x14][0xeb]([0x8c][0x14]#[0xa4][0xce][0x11]1[0xd6]!"[0x5][0x87]jB[0xbe]#[0x98]EP|[0x87]h[0xd0][0x93]g[0x1d][0xd2][0xcc][0x1e][0xe][0x3][0x90][0xad][0xa3]p)[0xba][0xb1][0x11]R[0xc7][0x8b][0x18][0xeb][0x10]C[0x17]d[0xd5][0x15]FH[0xd3]x8[0xac]#[0x10][0x1b]H}-[0x1c][0x6] [0x7][0xf][0xd2]Jr[0x1c][0xaa][0x9]X[0x87][0xd4][0xbd][0xc2]a[0x0][0x8a]u[0x88][0xa4][0x9d][0x9c][0x98][0x9d]j[0x84][0xd1][0xff][0x4][0x89]*[0xe4]$[0x16]d"]^kl[0x84]4[0xd5]G[0xd6][0x8][0x8d][0x11][0xd2]Zo2[\r]@[0x14][0x18][0xa4][0xc4]kl-[0x17][0x0][0x0][0x0][0xff][0xff]"
12:04:11.239 [main] DEBUG org.apache.http.wire -  << "[\r][\n]"
12:04:11.239 [main] DEBUG org.apache.http.wire -  << "A[\r][\n]"
12:04:11.239 [main] DEBUG org.apache.http.wire -  << "[0x3][0x0][0x1e][0x80][0xcf][0xf1][0xcf]w[0x0][0x0]"
12:04:11.239 [main] DEBUG org.apache.http.wire -  << "[\r][\n]"
12:04:11.239 [main] DEBUG org.apache.http.wire -  << "0[\r][\n]"
12:04:11.239 [main] DEBUG org.apache.http.wire -  << "[\r][\n]"
12:04:11.239 [main] DEBUG io.restassured.internal.RestAssuredHttpBuilder - Parsed data to instance of: class org.apache.http.conn.EofSensorInputStream
12:04:11.242 [main] DEBUG org.apache.http.impl.conn.BasicClientConnectionManager - Releasing connection org.apache.http.impl.conn.ManagedClientConnectionImpl@1859b996
12:04:11.243 [main] DEBUG org.apache.http.impl.conn.BasicClientConnectionManager - Connection can be kept alive indefinitely
12:04:11.284 [main] DEBUG net.thucydides.core.steps.StepInterceptor - STEP DONE: I send HTTP api GET request
  &amp#27;[32mWhen &amp#27;[0m&amp#27;[32mI send HTTP api GET request&amp#27;[0m                                         &amp#27;[90m# starter.stepdefinitions.ProductCategorySteps.iSendHTTPApiGETRequestcategory()&amp#27;[0m
12:04:11.304 [main] DEBUG net.thucydides.core.steps.StepInterceptor - STARTING STEP: ProductCategorySteps.iReceiveValidHTTPResponseCodeForGETAllProductCategory - I receive valid HTTP response code 200 for GET All product category
12:04:11.306 [main] DEBUG net.thucydides.core.steps.StepInterceptor - STEP DONE: I receive valid HTTP response code 200 for GET All product category
  &amp#27;[32mThen &amp#27;[0m&amp#27;[32mI receive valid HTTP response code &amp#27;[0m&amp#27;[32m&amp#27;[1m200&amp#27;[0m&amp#27;[32m for GET All product category&amp#27;[0m &amp#27;[90m# starter.stepdefinitions.ProductCategorySteps.iReceiveValidHTTPResponseCodeForGETAllProductCategory(int)&amp#27;[0m
12:04:11.313 [main] DEBUG net.thucydides.core.steps.StepInterceptor - STARTING STEP: ProductCategorySteps.iReceivedValidDataForAllProductCategory - I received valid data for all product category
12:04:11.315 [main] DEBUG net.thucydides.core.steps.StepInterceptor - STEP DONE: I received valid data for all product category
  &amp#27;[32mAnd &amp#27;[0m&amp#27;[32mI received valid data for all product category&amp#27;[0m                       &amp#27;[90m# starter.stepdefinitions.ProductCategorySteps.iReceivedValidDataForAllProductCategory()&amp#27;[0m
12:04:11.319 [main] INFO  - 
  _____   ___   ___   _____     ___     _     ___   ___   ___   ___  
 |_   _| | __| / __| |_   _|   | _ \   /_\   / __| / __| | __| |   \ 
   | |   | _|  \__ \   | |     |  _/  / _ \  \__ \ \__ \ | _|  | |) |
   |_|   |___| |___/   |_|     |_|   /_/ \_\ |___/ |___/ |___| |___/ 

GET  list of category
----------------------------------------------------------------------
]]></system-out>
  </testcase>
  <testcase name="POST As an admin I have be able to create new product category" classname="category" time="0.428">
    <system-out><![CDATA[
Scenario: POST As an admin I have be able to create new product category &amp#27;[90m# src/test/resources/api/productcategory.feature:8&amp#27;[0m
12:04:11.342 [main] INFO io.cucumber.core.plugin.SerenityReporter - Running feature from file:///E:/mini%20peoject/RestAPi/src/test/resources/api/productcategory.feature
12:04:11.342 [main] WARN io.cucumber.core.plugin.SerenityReporter - Feature from file:///E:/mini%20peoject/RestAPi/src/test/resources/api/productcategory.feature is not under the 'features' directory. Requirements report will not be correctly generated!
12:04:11.369 [main] INFO  - 
  _____   ___   ___   _____     ___   _____     _     ___   _____   ___   ___  
 |_   _| | __| / __| |_   _|   / __| |_   _|   /_\   | _ \ |_   _| | __| |   \ 
   | |   | _|  \__ \   | |     \__ \   | |    / _ \  |   /   | |   | _|  | |) |
   |_|   |___| |___/   |_|     |___/   |_|   /_/ \_\ |_|_\   |_|   |___| |___/ 

POST As an admin I have be able to create new product category(category;post-as-an-admin-i-have-be-able-to-create-new-product-category)
--------------------------------------------------------------------------------
12:04:11.478 [main] DEBUG net.thucydides.core.steps.StepInterceptor - STARTING STEP: ProductCategorySteps.iSetThePOSTApiEndpointsInCategory - I set the POST api endpoints in category
12:04:11.479 [main] DEBUG net.thucydides.core.steps.StepInterceptor - STEP DONE: I set the POST api endpoints in category
  &amp#27;[32mGiven &amp#27;[0m&amp#27;[32mI set the POST api endpoints in category&amp#27;[0m                         &amp#27;[90m# starter.stepdefinitions.ProductCategorySteps.iSetThePOSTApiEndpointsInCategory()&amp#27;[0m
12:04:11.487 [main] DEBUG net.thucydides.core.steps.StepInterceptor - STARTING STEP: ProductCategorySteps.iSendHTTPApiPOSTRequest - I send HTTP api POST request
12:04:11.494 [main] DEBUG net.thucydides.core.steps.StepInterceptor - STARTING STEP: PostProductCategory.HTTPApiPOSTRequest - I set the POST api endpoints in category
12:04:11.495 [main] DEBUG net.thucydides.core.steps.StepInterceptor - STEP DONE: I set the POST api endpoints in category
12:04:11.558 [main] DEBUG org.apache.http.impl.conn.BasicClientConnectionManager - Get connection for route {s}->https://altashop-api.fly.dev:443
12:04:11.558 [main] DEBUG org.apache.http.impl.conn.DefaultClientConnectionOperator - Connecting to altashop-api.fly.dev:443
12:04:11.669 [main] DEBUG org.apache.http.client.protocol.RequestAddCookies - CookieSpec selected: ignoreCookies
12:04:11.670 [main] DEBUG org.apache.http.client.protocol.RequestAuthCache - Auth cache not set in the context
12:04:11.670 [main] DEBUG org.apache.http.client.protocol.RequestProxyAuthentication - Proxy auth state: UNCHALLENGED
12:04:11.670 [main] DEBUG org.apache.http.impl.client.DefaultHttpClient - Attempt 1 to execute request
12:04:11.670 [main] DEBUG org.apache.http.impl.conn.DefaultClientConnection - Sending request: POST /api/categories HTTP/1.1
12:04:11.670 [main] DEBUG org.apache.http.wire -  >> "POST /api/categories HTTP/1.1[\r][\n]"
12:04:11.670 [main] DEBUG org.apache.http.wire -  >> "Authorization: Bearer eyJhbGciOiJIUzI1NiIsInR5cCI6IkpXVCJ9.eyJGdWxsbmFtZSI6IkdpdGEgTGVvbmkgZHdpIGZyaXAiLCJFbWFpbCI6ImdpdGFsZWUyMUBnbWFpbC5jb20ifQ.TGsRtCS1_W5fQoxLxVSMhDknX_uoRVw_0tYCGs1StVE[\r][\n]"
12:04:11.670 [main] DEBUG org.apache.http.wire -  >> "Accept: */*[\r][\n]"
12:04:11.671 [main] DEBUG org.apache.http.wire -  >> "Content-Type: application/json[\r][\n]"
12:04:11.671 [main] DEBUG org.apache.http.wire -  >> "Content-Length: 72[\r][\n]"
12:04:11.671 [main] DEBUG org.apache.http.wire -  >> "Host: altashop-api.fly.dev[\r][\n]"
12:04:11.671 [main] DEBUG org.apache.http.wire -  >> "Connection: Keep-Alive[\r][\n]"
12:04:11.671 [main] DEBUG org.apache.http.wire -  >> "User-Agent: Apache-HttpClient/4.5.13 (Java/19.0.2)[\r][\n]"
12:04:11.671 [main] DEBUG org.apache.http.wire -  >> "Accept-Encoding: gzip,deflate[\r][\n]"
12:04:11.671 [main] DEBUG org.apache.http.wire -  >> "[\r][\n]"
12:04:11.671 [main] DEBUG org.apache.http.headers - >> POST /api/categories HTTP/1.1
12:04:11.671 [main] DEBUG org.apache.http.headers - >> Authorization: Bearer eyJhbGciOiJIUzI1NiIsInR5cCI6IkpXVCJ9.eyJGdWxsbmFtZSI6IkdpdGEgTGVvbmkgZHdpIGZyaXAiLCJFbWFpbCI6ImdpdGFsZWUyMUBnbWFpbC5jb20ifQ.TGsRtCS1_W5fQoxLxVSMhDknX_uoRVw_0tYCGs1StVE
12:04:11.671 [main] DEBUG org.apache.http.headers - >> Accept: */*
12:04:11.671 [main] DEBUG org.apache.http.headers - >> Content-Type: application/json
12:04:11.671 [main] DEBUG org.apache.http.headers - >> Content-Length: 72
12:04:11.671 [main] DEBUG org.apache.http.headers - >> Host: altashop-api.fly.dev
12:04:11.671 [main] DEBUG org.apache.http.headers - >> Connection: Keep-Alive
12:04:11.671 [main] DEBUG org.apache.http.headers - >> User-Agent: Apache-HttpClient/4.5.13 (Java/19.0.2)
12:04:11.671 [main] DEBUG org.apache.http.headers - >> Accept-Encoding: gzip,deflate
12:04:11.671 [main] DEBUG org.apache.http.wire -  >> "{"name":"Skincare","description":"Skincare terbaik untuk merawat wajah"}"
12:04:11.708 [main] DEBUG org.apache.http.wire -  << "HTTP/1.1 200 OK[\r][\n]"
12:04:11.708 [main] DEBUG org.apache.http.wire -  << "content-type: application/json[\r][\n]"
12:04:11.708 [main] DEBUG org.apache.http.wire -  << "date: Sun, 07 May 2023 05:04:12 GMT[\r][\n]"
12:04:11.708 [main] DEBUG org.apache.http.wire -  << "content-encoding: gzip[\r][\n]"
12:04:11.708 [main] DEBUG org.apache.http.wire -  << "transfer-encoding: chunked[\r][\n]"
12:04:11.708 [main] DEBUG org.apache.http.wire -  << "server: Fly/3f2597ca (2023-05-03)[\r][\n]"
12:04:11.708 [main] DEBUG org.apache.http.wire -  << "via: 1.1 fly.io[\r][\n]"
12:04:11.708 [main] DEBUG org.apache.http.wire -  << "fly-request-id: 01GZT9H54RAYQ6HXHN0C31X0SS-sin[\r][\n]"
12:04:11.708 [main] DEBUG org.apache.http.wire -  << "[\r][\n]"
12:04:11.709 [main] DEBUG org.apache.http.impl.conn.DefaultClientConnection - Receiving response: HTTP/1.1 200 OK
12:04:11.709 [main] DEBUG org.apache.http.headers - << HTTP/1.1 200 OK
12:04:11.709 [main] DEBUG org.apache.http.headers - << content-type: application/json
12:04:11.710 [main] DEBUG org.apache.http.headers - << date: Sun, 07 May 2023 05:04:12 GMT
12:04:11.711 [main] DEBUG org.apache.http.headers - << content-encoding: gzip
12:04:11.711 [main] DEBUG org.apache.http.headers - << transfer-encoding: chunked
12:04:11.711 [main] DEBUG org.apache.http.headers - << server: Fly/3f2597ca (2023-05-03)
12:04:11.711 [main] DEBUG org.apache.http.headers - << via: 1.1 fly.io
12:04:11.711 [main] DEBUG org.apache.http.headers - << fly-request-id: 01GZT9H54RAYQ6HXHN0C31X0SS-sin
12:04:11.711 [main] DEBUG org.apache.http.impl.client.DefaultHttpClient - Connection can be kept alive indefinitely
12:04:11.711 [main] DEBUG io.restassured.internal.RestAssuredHttpBuilder - Parsing response as: application/json
12:04:11.711 [main] DEBUG org.apache.http.wire -  << "68[\r][\n]"
12:04:11.712 [main] DEBUG org.apache.http.wire -  << "[0x1f][0x8b][0x8][0x0][0x0][0x0][0x0][0x0][0x4][0xff][0xab]VJI,IT[0xb2][0xaa]V[0xf2]tQ[0xb2]24626[0xd0]Q[0xf2]K[0xcc]MU[0xb2]R[\n]"
12:04:11.712 [main] DEBUG org.apache.http.wire -  << "[0xce][0xce][0xcc]KN,JU[0xd2]QrI-N.[0xca],([0xc9][0xcc][0xcf]C[0x92]P(I-JJ[0xcc][0xcc]V([0xcd]+)[0xcd]V[0xc8]M-J,O,Q(O[0xcc]J[0xcc]P[0xaa][0xad][0xe5][0x2][0x0][0xc7]C[0xfa]C][0x0][0x0][0x0]"
12:04:11.712 [main] DEBUG org.apache.http.wire -  << "[\r][\n]"
12:04:11.712 [main] DEBUG org.apache.http.wire -  << "0[\r][\n]"
12:04:11.712 [main] DEBUG org.apache.http.wire -  << "[\r][\n]"
12:04:11.713 [main] DEBUG io.restassured.internal.RestAssuredHttpBuilder - Parsed data to instance of: class org.apache.http.conn.EofSensorInputStream
12:04:11.715 [main] DEBUG org.apache.http.impl.conn.BasicClientConnectionManager - Releasing connection org.apache.http.impl.conn.ManagedClientConnectionImpl@483ed60e
12:04:11.716 [main] DEBUG org.apache.http.impl.conn.BasicClientConnectionManager - Connection can be kept alive indefinitely
12:04:11.716 [main] DEBUG net.thucydides.core.steps.StepInterceptor - STEP DONE: I send HTTP api POST request
  &amp#27;[32mWhen &amp#27;[0m&amp#27;[32mI send HTTP api POST request&amp#27;[0m                                      &amp#27;[90m# starter.stepdefinitions.ProductCategorySteps.iSendHTTPApiPOSTRequest()&amp#27;[0m
12:04:11.731 [main] DEBUG net.thucydides.core.steps.StepInterceptor - STARTING STEP: ProductCategorySteps.iReceiveValidHTTPResponseCodeInProductCategory - I receive valid HTTP response code 200 in product category
12:04:11.733 [main] DEBUG net.thucydides.core.steps.StepInterceptor - STEP DONE: I receive valid HTTP response code 200 in product category
  &amp#27;[32mThen &amp#27;[0m&amp#27;[32mI receive valid HTTP response code &amp#27;[0m&amp#27;[32m&amp#27;[1m200&amp#27;[0m&amp#27;[32m in product category&amp#27;[0m        &amp#27;[90m# starter.stepdefinitions.ProductCategorySteps.iReceiveValidHTTPResponseCodeInProductCategory(int)&amp#27;[0m
12:04:11.743 [main] DEBUG net.thucydides.core.steps.StepInterceptor - STARTING STEP: ProductCategorySteps.iReceiveValidDataForNewProductCategory - I receive valid data for new product category
12:04:11.745 [main] DEBUG net.thucydides.core.steps.StepInterceptor - STEP DONE: I receive valid data for new product category
  &amp#27;[32mAnd &amp#27;[0m&amp#27;[32mI receive valid data for new product category&amp#27;[0m                      &amp#27;[90m# starter.stepdefinitions.ProductCategorySteps.iReceiveValidDataForNewProductCategory()&amp#27;[0m
12:04:11.749 [main] INFO  - 
  _____   ___   ___   _____     ___     _     ___   ___   ___   ___  
 |_   _| | __| / __| |_   _|   | _ \   /_\   / __| / __| | __| |   \ 
   | |   | _|  \__ \   | |     |  _/  / _ \  \__ \ \__ \ | _|  | |) |
   |_|   |___| |___/   |_|     |_|   /_/ \_\ |___/ |___/ |___| |___/ 

POST As an admin I have be able to create new product category
----------------------------------------------------------------------
]]></system-out>
  </testcase>
  <testcase name="GET id product category" classname="category" time="0.359">
    <system-out><![CDATA[
Scenario: GET id product category                                         &amp#27;[90m# src/test/resources/api/productcategory.feature:14&amp#27;[0m
12:04:11.779 [main] INFO io.cucumber.core.plugin.SerenityReporter - Running feature from file:///E:/mini%20peoject/RestAPi/src/test/resources/api/productcategory.feature
12:04:11.779 [main] WARN io.cucumber.core.plugin.SerenityReporter - Feature from file:///E:/mini%20peoject/RestAPi/src/test/resources/api/productcategory.feature is not under the 'features' directory. Requirements report will not be correctly generated!
12:04:11.782 [main] INFO  - 
  _____   ___   ___   _____     ___   _____     _     ___   _____   ___   ___  
 |_   _| | __| / __| |_   _|   / __| |_   _|   /_\   | _ \ |_   _| | __| |   \ 
   | |   | _|  \__ \   | |     \__ \   | |    / _ \  |   /   | |   | _|  | |) |
   |_|   |___| |___/   |_|     |___/   |_|   /_/ \_\ |_|_\   |_|   |___| |___/ 

GET id product category(category;get-id-product-category)
--------------------------------------------------------------------------------
12:04:11.817 [main] DEBUG net.thucydides.core.steps.StepInterceptor - STARTING STEP: ProductCategorySteps.iSetTheGETApiEndpointsByIdcategory - I set the GET api endpoints by id
12:04:11.818 [main] DEBUG net.thucydides.core.steps.StepInterceptor - STEP DONE: I set the GET api endpoints by id
  &amp#27;[32mGiven &amp#27;[0m&amp#27;[32mI set the GET api endpoints by id&amp#27;[0m                                 &amp#27;[90m# starter.stepdefinitions.ProductCategorySteps.iSetTheGETApiEndpointsByIdcategory()&amp#27;[0m
12:04:11.833 [main] DEBUG net.thucydides.core.steps.StepInterceptor - STARTING STEP: ProductCategorySteps.iSendHTTPApiGETRequestByIdcategory - I send HTTP api GET request by id
12:04:11.845 [main] DEBUG net.thucydides.core.steps.StepInterceptor - STARTING STEP: GetIdProductCategory.GETRequestByIdcategory - I set the GET api endpoints by id
12:04:11.845 [main] DEBUG net.thucydides.core.steps.StepInterceptor - STEP DONE: I set the GET api endpoints by id
12:04:11.893 [main] DEBUG org.apache.http.impl.conn.BasicClientConnectionManager - Get connection for route {s}->https://altashop-api.fly.dev:443
12:04:11.894 [main] DEBUG org.apache.http.impl.conn.DefaultClientConnectionOperator - Connecting to altashop-api.fly.dev:443
12:04:12.048 [main] DEBUG org.apache.http.client.protocol.RequestAddCookies - CookieSpec selected: ignoreCookies
12:04:12.048 [main] DEBUG org.apache.http.client.protocol.RequestAuthCache - Auth cache not set in the context
12:04:12.048 [main] DEBUG org.apache.http.client.protocol.RequestTargetAuthentication - Target auth state: UNCHALLENGED
12:04:12.048 [main] DEBUG org.apache.http.client.protocol.RequestProxyAuthentication - Proxy auth state: UNCHALLENGED
12:04:12.048 [main] DEBUG org.apache.http.impl.client.DefaultHttpClient - Attempt 1 to execute request
12:04:12.048 [main] DEBUG org.apache.http.impl.conn.DefaultClientConnection - Sending request: GET /api/categories/12505 HTTP/1.1
12:04:12.048 [main] DEBUG org.apache.http.wire -  >> "GET /api/categories/12505 HTTP/1.1[\r][\n]"
12:04:12.048 [main] DEBUG org.apache.http.wire -  >> "Accept: */*[\r][\n]"
12:04:12.048 [main] DEBUG org.apache.http.wire -  >> "Host: altashop-api.fly.dev[\r][\n]"
12:04:12.048 [main] DEBUG org.apache.http.wire -  >> "Connection: Keep-Alive[\r][\n]"
12:04:12.048 [main] DEBUG org.apache.http.wire -  >> "User-Agent: Apache-HttpClient/4.5.13 (Java/19.0.2)[\r][\n]"
12:04:12.048 [main] DEBUG org.apache.http.wire -  >> "Accept-Encoding: gzip,deflate[\r][\n]"
12:04:12.048 [main] DEBUG org.apache.http.wire -  >> "[\r][\n]"
12:04:12.048 [main] DEBUG org.apache.http.headers - >> GET /api/categories/12505 HTTP/1.1
12:04:12.048 [main] DEBUG org.apache.http.headers - >> Accept: */*
12:04:12.048 [main] DEBUG org.apache.http.headers - >> Host: altashop-api.fly.dev
12:04:12.048 [main] DEBUG org.apache.http.headers - >> Connection: Keep-Alive
12:04:12.048 [main] DEBUG org.apache.http.headers - >> User-Agent: Apache-HttpClient/4.5.13 (Java/19.0.2)
12:04:12.048 [main] DEBUG org.apache.http.headers - >> Accept-Encoding: gzip,deflate
12:04:12.081 [main] DEBUG org.apache.http.wire -  << "HTTP/1.1 200 OK[\r][\n]"
12:04:12.081 [main] DEBUG org.apache.http.wire -  << "content-type: application/json[\r][\n]"
12:04:12.081 [main] DEBUG org.apache.http.wire -  << "date: Sun, 07 May 2023 05:04:13 GMT[\r][\n]"
12:04:12.082 [main] DEBUG org.apache.http.wire -  << "content-encoding: gzip[\r][\n]"
12:04:12.082 [main] DEBUG org.apache.http.wire -  << "transfer-encoding: chunked[\r][\n]"
12:04:12.082 [main] DEBUG org.apache.http.wire -  << "server: Fly/3f2597ca (2023-05-03)[\r][\n]"
12:04:12.082 [main] DEBUG org.apache.http.wire -  << "via: 1.1 fly.io[\r][\n]"
12:04:12.082 [main] DEBUG org.apache.http.wire -  << "fly-request-id: 01GZT9H5GGE3NDXZVCNNN0X3WB-sin[\r][\n]"
12:04:12.082 [main] DEBUG org.apache.http.wire -  << "[\r][\n]"
12:04:12.082 [main] DEBUG org.apache.http.impl.conn.DefaultClientConnection - Receiving response: HTTP/1.1 200 OK
12:04:12.082 [main] DEBUG org.apache.http.headers - << HTTP/1.1 200 OK
12:04:12.082 [main] DEBUG org.apache.http.headers - << content-type: application/json
12:04:12.082 [main] DEBUG org.apache.http.headers - << date: Sun, 07 May 2023 05:04:13 GMT
12:04:12.082 [main] DEBUG org.apache.http.headers - << content-encoding: gzip
12:04:12.082 [main] DEBUG org.apache.http.headers - << transfer-encoding: chunked
12:04:12.082 [main] DEBUG org.apache.http.headers - << server: Fly/3f2597ca (2023-05-03)
12:04:12.082 [main] DEBUG org.apache.http.headers - << via: 1.1 fly.io
12:04:12.082 [main] DEBUG org.apache.http.headers - << fly-request-id: 01GZT9H5GGE3NDXZVCNNN0X3WB-sin
12:04:12.082 [main] DEBUG org.apache.http.impl.client.DefaultHttpClient - Connection can be kept alive indefinitely
12:04:12.083 [main] DEBUG io.restassured.internal.RestAssuredHttpBuilder - Parsing response as: application/json
12:04:12.083 [main] DEBUG org.apache.http.wire -  << "61[\r][\n]"
12:04:12.083 [main] DEBUG org.apache.http.wire -  << "[0x1f][0x8b][0x8][0x0][0x0][0x0][0x0][0x0][0x4][0xff][0xab]VJI,IT[0xb2][0xaa]V[0xf2]tQ[0xb2]24250[0xd5]Q[0xf2]K[0xcc]MU[0xb2]Rr+-[0xca][0xcb],)-JU[0xd2]QrI-N.[0xca],([0xc9][0xcc][0xcf]S[0xb2]RJ[0xcb]/RHO[0xcc][0xcd][0xcc]KW((-*[0xc8]/N-V[0xaa][0xad][0xe5][0x2][0x0][0x83]Pt[0x8e]M[0x0][0x0][0x0]"
12:04:12.083 [main] DEBUG org.apache.http.wire -  << "[\r][\n]"
12:04:12.083 [main] DEBUG org.apache.http.wire -  << "0[\r][\n]"
12:04:12.083 [main] DEBUG org.apache.http.wire -  << "[\r][\n]"
12:04:12.083 [main] DEBUG io.restassured.internal.RestAssuredHttpBuilder - Parsed data to instance of: class org.apache.http.conn.EofSensorInputStream
12:04:12.087 [main] DEBUG org.apache.http.impl.conn.BasicClientConnectionManager - Releasing connection org.apache.http.impl.conn.ManagedClientConnectionImpl@57ed8f95
12:04:12.088 [main] DEBUG org.apache.http.impl.conn.BasicClientConnectionManager - Connection can be kept alive indefinitely
12:04:12.089 [main] DEBUG net.thucydides.core.steps.StepInterceptor - STEP DONE: I send HTTP api GET request by id
  &amp#27;[32mWhen &amp#27;[0m&amp#27;[32mI send HTTP api GET request by id&amp#27;[0m                                  &amp#27;[90m# starter.stepdefinitions.ProductCategorySteps.iSendHTTPApiGETRequestByIdcategory()&amp#27;[0m
12:04:12.098 [main] DEBUG net.thucydides.core.steps.StepInterceptor - STARTING STEP: ProductCategorySteps.iReceiveValidHTTPResponseCodeForGETIdProductCategory - I receive valid HTTP response code 200 for GET id product category
12:04:12.100 [main] DEBUG net.thucydides.core.steps.StepInterceptor - STEP DONE: I receive valid HTTP response code 200 for GET id product category
  &amp#27;[32mThen &amp#27;[0m&amp#27;[32mI receive valid HTTP response code &amp#27;[0m&amp#27;[32m&amp#27;[1m200&amp#27;[0m&amp#27;[32m for GET id product category&amp#27;[0m &amp#27;[90m# starter.stepdefinitions.ProductCategorySteps.iReceiveValidHTTPResponseCodeForGETIdProductCategory(int)&amp#27;[0m
12:04:12.108 [main] DEBUG net.thucydides.core.steps.StepInterceptor - STARTING STEP: ProductCategorySteps.iReceivedValidDataForIdProductCategory - I received valid data for id product category
12:04:12.108 [main] DEBUG net.thucydides.core.steps.StepInterceptor - STEP DONE: I received valid data for id product category
  &amp#27;[32mAnd &amp#27;[0m&amp#27;[32mI received valid data for id product category&amp#27;[0m                       &amp#27;[90m# starter.stepdefinitions.ProductCategorySteps.iReceivedValidDataForIdProductCategory()&amp#27;[0m
12:04:12.112 [main] INFO  - 
  _____   ___   ___   _____     ___     _     ___   ___   ___   ___  
 |_   _| | __| / __| |_   _|   | _ \   /_\   / __| / __| | __| |   \ 
   | |   | _|  \__ \   | |     |  _/  / _ \  \__ \ \__ \ | _|  | |) |
   |_|   |___| |___/   |_|     |_|   /_/ \_\ |___/ |___/ |___| |___/ 

GET id product category
----------------------------------------------------------------------
]]></system-out>
  </testcase>
  <testcase name="DELETE category" classname="category" time="0.264">
    <system-out><![CDATA[
Scenario: DELETE category                                         &amp#27;[90m# src/test/resources/api/productcategory.feature:20&amp#27;[0m
12:04:12.136 [main] INFO io.cucumber.core.plugin.SerenityReporter - Running feature from file:///E:/mini%20peoject/RestAPi/src/test/resources/api/productcategory.feature
12:04:12.136 [main] WARN io.cucumber.core.plugin.SerenityReporter - Feature from file:///E:/mini%20peoject/RestAPi/src/test/resources/api/productcategory.feature is not under the 'features' directory. Requirements report will not be correctly generated!
12:04:12.141 [main] INFO  - 
  _____   ___   ___   _____     ___   _____     _     ___   _____   ___   ___  
 |_   _| | __| / __| |_   _|   / __| |_   _|   /_\   | _ \ |_   _| | __| |   \ 
   | |   | _|  \__ \   | |     \__ \   | |    / _ \  |   /   | |   | _|  | |) |
   |_|   |___| |___/   |_|     |___/   |_|   /_/ \_\ |_|_\   |_|   |___| |___/ 

DELETE category(category;delete-category)
--------------------------------------------------------------------------------
12:04:12.183 [main] DEBUG net.thucydides.core.steps.StepInterceptor - STARTING STEP: ProductCategorySteps.iSetTheDELETEApiEndpointscategory - I set the DELETE api endpoints
12:04:12.184 [main] DEBUG net.thucydides.core.steps.StepInterceptor - STEP DONE: I set the DELETE api endpoints
  &amp#27;[32mGiven &amp#27;[0m&amp#27;[32mI set the DELETE api endpoints&amp#27;[0m                            &amp#27;[90m# starter.stepdefinitions.ProductCategorySteps.iSetTheDELETEApiEndpointscategory()&amp#27;[0m
12:04:12.192 [main] DEBUG net.thucydides.core.steps.StepInterceptor - STARTING STEP: ProductCategorySteps.iSendHTTPApiDELETERequestForCategory - I send HTTP api DELETE request for category
12:04:12.195 [main] DEBUG net.thucydides.core.steps.StepInterceptor - STARTING STEP: DeleteProductCategory.DELETERequestForCategory - I set the DELETE api endpoints
12:04:12.196 [main] DEBUG net.thucydides.core.steps.StepInterceptor - STEP DONE: I set the DELETE api endpoints
12:04:12.224 [main] DEBUG org.apache.http.impl.conn.BasicClientConnectionManager - Get connection for route {s}->https://altashop-api.fly.dev:443
12:04:12.224 [main] DEBUG org.apache.http.impl.conn.DefaultClientConnectionOperator - Connecting to altashop-api.fly.dev:443
12:04:12.326 [main] DEBUG org.apache.http.client.protocol.RequestAddCookies - CookieSpec selected: ignoreCookies
12:04:12.326 [main] DEBUG org.apache.http.client.protocol.RequestAuthCache - Auth cache not set in the context
12:04:12.326 [main] DEBUG org.apache.http.client.protocol.RequestTargetAuthentication - Target auth state: UNCHALLENGED
12:04:12.326 [main] DEBUG org.apache.http.client.protocol.RequestProxyAuthentication - Proxy auth state: UNCHALLENGED
12:04:12.326 [main] DEBUG org.apache.http.impl.client.DefaultHttpClient - Attempt 1 to execute request
12:04:12.326 [main] DEBUG org.apache.http.impl.conn.DefaultClientConnection - Sending request: DELETE /api/categories/11320 HTTP/1.1
12:04:12.326 [main] DEBUG org.apache.http.wire -  >> "DELETE /api/categories/11320 HTTP/1.1[\r][\n]"
12:04:12.326 [main] DEBUG org.apache.http.wire -  >> "Accept: */*[\r][\n]"
12:04:12.326 [main] DEBUG org.apache.http.wire -  >> "Host: altashop-api.fly.dev[\r][\n]"
12:04:12.326 [main] DEBUG org.apache.http.wire -  >> "Connection: Keep-Alive[\r][\n]"
12:04:12.327 [main] DEBUG org.apache.http.wire -  >> "User-Agent: Apache-HttpClient/4.5.13 (Java/19.0.2)[\r][\n]"
12:04:12.327 [main] DEBUG org.apache.http.wire -  >> "Accept-Encoding: gzip,deflate[\r][\n]"
12:04:12.327 [main] DEBUG org.apache.http.wire -  >> "[\r][\n]"
12:04:12.327 [main] DEBUG org.apache.http.headers - >> DELETE /api/categories/11320 HTTP/1.1
12:04:12.327 [main] DEBUG org.apache.http.headers - >> Accept: */*
12:04:12.327 [main] DEBUG org.apache.http.headers - >> Host: altashop-api.fly.dev
12:04:12.327 [main] DEBUG org.apache.http.headers - >> Connection: Keep-Alive
12:04:12.327 [main] DEBUG org.apache.http.headers - >> User-Agent: Apache-HttpClient/4.5.13 (Java/19.0.2)
12:04:12.327 [main] DEBUG org.apache.http.headers - >> Accept-Encoding: gzip,deflate
12:04:12.362 [main] DEBUG org.apache.http.wire -  << "HTTP/1.1 200 OK[\r][\n]"
12:04:12.362 [main] DEBUG org.apache.http.wire -  << "content-type: application/json[\r][\n]"
12:04:12.362 [main] DEBUG org.apache.http.wire -  << "date: Sun, 07 May 2023 05:04:13 GMT[\r][\n]"
12:04:12.362 [main] DEBUG org.apache.http.wire -  << "content-encoding: gzip[\r][\n]"
12:04:12.362 [main] DEBUG org.apache.http.wire -  << "transfer-encoding: chunked[\r][\n]"
12:04:12.362 [main] DEBUG org.apache.http.wire -  << "server: Fly/3f2597ca (2023-05-03)[\r][\n]"
12:04:12.362 [main] DEBUG org.apache.http.wire -  << "via: 1.1 fly.io[\r][\n]"
12:04:12.362 [main] DEBUG org.apache.http.wire -  << "fly-request-id: 01GZT9H5S7X2RNVN73CS2QE0A7-sin[\r][\n]"
12:04:12.362 [main] DEBUG org.apache.http.wire -  << "[\r][\n]"
12:04:12.362 [main] DEBUG org.apache.http.impl.conn.DefaultClientConnection - Receiving response: HTTP/1.1 200 OK
12:04:12.363 [main] DEBUG org.apache.http.headers - << HTTP/1.1 200 OK
12:04:12.363 [main] DEBUG org.apache.http.headers - << content-type: application/json
12:04:12.363 [main] DEBUG org.apache.http.headers - << date: Sun, 07 May 2023 05:04:13 GMT
12:04:12.363 [main] DEBUG org.apache.http.headers - << content-encoding: gzip
12:04:12.363 [main] DEBUG org.apache.http.headers - << transfer-encoding: chunked
12:04:12.363 [main] DEBUG org.apache.http.headers - << server: Fly/3f2597ca (2023-05-03)
12:04:12.363 [main] DEBUG org.apache.http.headers - << via: 1.1 fly.io
12:04:12.363 [main] DEBUG org.apache.http.headers - << fly-request-id: 01GZT9H5S7X2RNVN73CS2QE0A7-sin
12:04:12.363 [main] DEBUG org.apache.http.impl.client.DefaultHttpClient - Connection can be kept alive indefinitely
12:04:12.363 [main] DEBUG io.restassured.internal.RestAssuredHttpBuilder - Parsing response as: application/json
12:04:12.363 [main] DEBUG org.apache.http.wire -  << "22[\r][\n]"
12:04:12.363 [main] DEBUG org.apache.http.wire -  << "[0x1f][0x8b][0x8][0x0][0x0][0x0][0x0][0x0][0x4][0xff][0xab]VJI,IT[0xb2][0xca]+[0xcd][0xc9][0xa9][0xe5][0x2][0x0][0xa3][0xab][0x8f]W[0xe][0x0][0x0][0x0]"
12:04:12.363 [main] DEBUG org.apache.http.wire -  << "[\r][\n]"
12:04:12.364 [main] DEBUG org.apache.http.wire -  << "0[\r][\n]"
12:04:12.364 [main] DEBUG org.apache.http.wire -  << "[\r][\n]"
12:04:12.364 [main] DEBUG io.restassured.internal.RestAssuredHttpBuilder - Parsed data to instance of: class org.apache.http.conn.EofSensorInputStream
12:04:12.366 [main] DEBUG org.apache.http.impl.conn.BasicClientConnectionManager - Releasing connection org.apache.http.impl.conn.ManagedClientConnectionImpl@656672fb
12:04:12.366 [main] DEBUG org.apache.http.impl.conn.BasicClientConnectionManager - Connection can be kept alive indefinitely
12:04:12.366 [main] DEBUG net.thucydides.core.steps.StepInterceptor - STEP DONE: I send HTTP api DELETE request for category
  &amp#27;[32mWhen &amp#27;[0m&amp#27;[32mI send HTTP api DELETE request for category&amp#27;[0m                &amp#27;[90m# starter.stepdefinitions.ProductCategorySteps.iSendHTTPApiDELETERequestForCategory()&amp#27;[0m
12:04:12.372 [main] DEBUG net.thucydides.core.steps.StepInterceptor - STARTING STEP: ProductCategorySteps.iReceiveValidHTTPResponseCodeForCategoryDELETE - I receive valid HTTP response code {int} for category DELETE
12:04:12.373 [main] DEBUG net.thucydides.core.steps.StepInterceptor - STEP DONE: I receive valid HTTP response code {int} for category DELETE
  &amp#27;[32mThen &amp#27;[0m&amp#27;[32mI receive valid HTTP response code &amp#27;[0m&amp#27;[32m&amp#27;[1m200&amp#27;[0m&amp#27;[32m for category DELETE&amp#27;[0m &amp#27;[90m# starter.stepdefinitions.ProductCategorySteps.iReceiveValidHTTPResponseCodeForCategoryDELETE(int)&amp#27;[0m
12:04:12.377 [main] INFO  - 
  _____   ___   ___   _____     ___     _     ___   ___   ___   ___  
 |_   _| | __| / __| |_   _|   | _ \   /_\   / __| / __| | __| |   \ 
   | |   | _|  \__ \   | |     |  _/  / _ \  \__ \ \__ \ | _|  | |) |
   |_|   |___| |___/   |_|     |_|   /_/ \_\ |___/ |___/ |___| |___/ 

DELETE category
----------------------------------------------------------------------
]]></system-out>
  </testcase>
</testsuite>